<?xml version="1.0" encoding="UTF-8"?>
<coverage generated="1770558269428" clover="3.2.0">
  <project timestamp="1770558269428" name="All files">
    <metrics statements="693" coveredstatements="322" conditionals="591" coveredconditionals="189" methods="116" coveredmethods="51" elements="1400" coveredelements="562" complexity="0" loc="693" ncloc="693" packages="4" files="6" classes="6"/>
    <package name="EdgeLab">
      <metrics statements="34" coveredstatements="34" conditionals="4" coveredconditionals="4" methods="2" coveredmethods="2"/>
      <file name="constants.ts" path="C:\Dev\Projects\EdgeLab\constants.ts">
        <metrics statements="12" coveredstatements="12" conditionals="0" coveredconditionals="0" methods="0" coveredmethods="0"/>
        <line num="7" count="2" type="stmt"/>
        <line num="16" count="2" type="stmt"/>
        <line num="26" count="2" type="stmt"/>
        <line num="31" count="2" type="stmt"/>
        <line num="33" count="2" type="stmt"/>
        <line num="37" count="2" type="stmt"/>
        <line num="44" count="2" type="stmt"/>
        <line num="127" count="2" type="stmt"/>
        <line num="129" count="2" type="stmt"/>
        <line num="157" count="2" type="stmt"/>
        <line num="244" count="2" type="stmt"/>
        <line num="268" count="2" type="stmt"/>
      </file>
      <file name="types.ts" path="C:\Dev\Projects\EdgeLab\types.ts">
        <metrics statements="22" coveredstatements="22" conditionals="4" coveredconditionals="4" methods="2" coveredmethods="2"/>
        <line num="248" count="2" type="cond" truecount="2" falsecount="0"/>
        <line num="249" count="2" type="stmt"/>
        <line num="250" count="2" type="stmt"/>
        <line num="251" count="2" type="stmt"/>
        <line num="252" count="2" type="stmt"/>
        <line num="255" count="2" type="cond" truecount="2" falsecount="0"/>
        <line num="256" count="2" type="stmt"/>
        <line num="257" count="2" type="stmt"/>
        <line num="258" count="2" type="stmt"/>
        <line num="259" count="2" type="stmt"/>
        <line num="260" count="2" type="stmt"/>
        <line num="261" count="2" type="stmt"/>
        <line num="262" count="2" type="stmt"/>
        <line num="263" count="2" type="stmt"/>
        <line num="264" count="2" type="stmt"/>
        <line num="265" count="2" type="stmt"/>
        <line num="266" count="2" type="stmt"/>
        <line num="267" count="2" type="stmt"/>
        <line num="268" count="2" type="stmt"/>
        <line num="269" count="2" type="stmt"/>
        <line num="270" count="2" type="stmt"/>
        <line num="271" count="2" type="stmt"/>
      </file>
    </package>
    <package name="EdgeLab.data">
      <metrics statements="4" coveredstatements="4" conditionals="0" coveredconditionals="0" methods="0" coveredmethods="0"/>
      <file name="teams.ts" path="C:\Dev\Projects\EdgeLab\data\teams.ts">
        <metrics statements="4" coveredstatements="4" conditionals="0" coveredconditionals="0" methods="0" coveredmethods="0"/>
        <line num="5" count="2" type="stmt"/>
        <line num="6" count="2" type="stmt"/>
        <line num="7" count="2" type="stmt"/>
        <line num="8" count="2" type="stmt"/>
      </file>
    </package>
    <package name="EdgeLab.services">
      <metrics statements="376" coveredstatements="253" conditionals="347" coveredconditionals="177" methods="59" coveredmethods="46"/>
      <file name="geminiService.ts" path="C:\Dev\Projects\EdgeLab\services\geminiService.ts">
        <metrics statements="376" coveredstatements="253" conditionals="347" coveredconditionals="177" methods="59" coveredmethods="46"/>
        <line num="17" count="2" type="stmt"/>
        <line num="18" count="0" type="stmt"/>
        <line num="20" count="4" type="stmt"/>
        <line num="52" count="2" type="stmt"/>
        <line num="61" count="2" type="stmt"/>
        <line num="68" count="2" type="stmt"/>
        <line num="69" count="3" type="stmt"/>
        <line num="70" count="12" type="cond" truecount="2" falsecount="2"/>
        <line num="71" count="0" type="stmt"/>
        <line num="74" count="3" type="stmt"/>
        <line num="77" count="2" type="stmt"/>
        <line num="78" count="3" type="cond" truecount="1" falsecount="1"/>
        <line num="79" count="0" type="stmt"/>
        <line num="80" count="0" type="cond" truecount="0" falsecount="2"/>
        <line num="81" count="0" type="stmt"/>
        <line num="88" count="2" type="stmt"/>
        <line num="89" count="180" type="cond" truecount="1" falsecount="1"/>
        <line num="90" count="180" type="cond" truecount="1" falsecount="1"/>
        <line num="92" count="180" type="cond" truecount="1" falsecount="1"/>
        <line num="94" count="180" type="cond" truecount="1" falsecount="1"/>
        <line num="95" count="0" type="cond" truecount="0" falsecount="2"/>
        <line num="96" count="0" type="stmt"/>
        <line num="98" count="0" type="stmt"/>
        <line num="102" count="180" type="stmt"/>
        <line num="106" count="2" type="stmt"/>
        <line num="107" count="16" type="cond" truecount="3" falsecount="1"/>
        <line num="109" count="16" type="cond" truecount="2" falsecount="0"/>
        <line num="110" count="16" type="cond" truecount="1" falsecount="1"/>
        <line num="113" count="16" type="cond" truecount="2" falsecount="0"/>
        <line num="115" count="16" type="cond" truecount="1" falsecount="1"/>
        <line num="117" count="0" type="cond" truecount="0" falsecount="2"/>
        <line num="118" count="0" type="stmt"/>
        <line num="119" count="0" type="stmt"/>
        <line num="121" count="0" type="stmt"/>
        <line num="122" count="0" type="stmt"/>
        <line num="127" count="16" type="stmt"/>
        <line num="128" count="16" type="cond" truecount="2" falsecount="0"/>
        <line num="131" count="2" type="stmt"/>
        <line num="132" count="94" type="stmt"/>
        <line num="133" count="94" type="cond" truecount="3" falsecount="1"/>
        <line num="135" count="94" type="cond" truecount="2" falsecount="0"/>
        <line num="136" count="77" type="stmt"/>
        <line num="138" count="17" type="stmt"/>
        <line num="142" count="2" type="stmt"/>
        <line num="146" count="32" type="stmt"/>
        <line num="147" count="32" type="stmt"/>
        <line num="149" count="32" type="stmt"/>
        <line num="150" count="32" type="cond" truecount="1" falsecount="1"/>
        <line num="152" count="32" type="stmt"/>
        <line num="160" count="2" type="stmt"/>
        <line num="161" count="84" type="cond" truecount="2" falsecount="0"/>
        <line num="164" count="2" type="stmt"/>
        <line num="168" count="42" type="stmt"/>
        <line num="169" count="42" type="stmt"/>
        <line num="171" count="42" type="cond" truecount="5" falsecount="1"/>
        <line num="173" count="42" type="stmt"/>
        <line num="176" count="2" type="stmt"/>
        <line num="180" count="42" type="stmt"/>
        <line num="181" count="42" type="stmt"/>
        <line num="182" count="42" type="cond" truecount="4" falsecount="0"/>
        <line num="183" count="28" type="stmt"/>
        <line num="186" count="2" type="stmt"/>
        <line num="189" count="0" type="cond" truecount="0" falsecount="2"/>
        <line num="191" count="0" type="stmt"/>
        <line num="193" count="0" type="stmt"/>
        <line num="194" count="0" type="cond" truecount="0" falsecount="4"/>
        <line num="196" count="0" type="stmt"/>
        <line num="197" count="0" type="stmt"/>
        <line num="199" count="0" type="stmt"/>
        <line num="200" count="0" type="stmt"/>
        <line num="202" count="0" type="stmt"/>
        <line num="203" count="0" type="stmt"/>
        <line num="205" count="0" type="stmt"/>
        <line num="208" count="0" type="cond" truecount="0" falsecount="2"/>
        <line num="209" count="0" type="stmt"/>
        <line num="215" count="0" type="stmt"/>
        <line num="222" count="2" type="stmt"/>
        <line num="226" count="4" type="cond" truecount="1" falsecount="1"/>
        <line num="227" count="0" type="stmt"/>
        <line num="228" count="0" type="stmt"/>
        <line num="231" count="4" type="stmt"/>
        <line num="232" count="4" type="stmt"/>
        <line num="237" count="4" type="stmt"/>
        <line num="238" count="4" type="stmt"/>
        <line num="240" count="4" type="cond" truecount="3" falsecount="1"/>
        <line num="241" count="4" type="stmt"/>
        <line num="243" count="0" type="stmt"/>
        <line num="244" count="0" type="stmt"/>
        <line num="247" count="4" type="stmt"/>
        <line num="249" count="0" type="stmt"/>
        <line num="250" count="0" type="stmt"/>
        <line num="254" count="2" type="stmt"/>
        <line num="255" count="0" type="stmt"/>
        <line num="256" count="0" type="stmt"/>
        <line num="257" count="0" type="stmt"/>
        <line num="258" count="0" type="stmt"/>
        <line num="259" count="0" type="stmt"/>
        <line num="260" count="0" type="cond" truecount="0" falsecount="4"/>
        <line num="261" count="0" type="stmt"/>
        <line num="263" count="0" type="cond" truecount="0" falsecount="2"/>
        <line num="265" count="0" type="stmt"/>
        <line num="270" count="2" type="stmt"/>
        <line num="274" count="0" type="stmt"/>
        <line num="276" count="0" type="cond" truecount="0" falsecount="2"/>
        <line num="280" count="0" type="stmt"/>
        <line num="281" count="0" type="stmt"/>
        <line num="282" count="0" type="stmt"/>
        <line num="283" count="0" type="stmt"/>
        <line num="287" count="0" type="cond" truecount="0" falsecount="2"/>
        <line num="288" count="0" type="stmt"/>
        <line num="290" count="0" type="cond" truecount="0" falsecount="2"/>
        <line num="292" count="0" type="cond" truecount="0" falsecount="2"/>
        <line num="295" count="0" type="stmt"/>
        <line num="298" count="2" type="stmt"/>
        <line num="299" count="4" type="cond" truecount="1" falsecount="1"/>
        <line num="300" count="4" type="stmt"/>
        <line num="301" count="4" type="stmt"/>
        <line num="302" count="4" type="cond" truecount="1" falsecount="1"/>
        <line num="304" count="0" type="stmt"/>
        <line num="308" count="2" type="stmt"/>
        <line num="309" count="0" type="cond" truecount="0" falsecount="4"/>
        <line num="310" count="0" type="stmt"/>
        <line num="311" count="0" type="stmt"/>
        <line num="312" count="0" type="cond" truecount="0" falsecount="2"/>
        <line num="315" count="2" type="stmt"/>
        <line num="321" count="1" type="cond" truecount="1" falsecount="1"/>
        <line num="322" count="0" type="stmt"/>
        <line num="323" count="0" type="stmt"/>
        <line num="324" count="0" type="cond" truecount="0" falsecount="4"/>
        <line num="326" count="0" type="cond" truecount="0" falsecount="2"/>
        <line num="327" count="0" type="cond" truecount="0" falsecount="2"/>
        <line num="328" count="0" type="cond" truecount="0" falsecount="2"/>
        <line num="331" count="0" type="cond" truecount="0" falsecount="2"/>
        <line num="332" count="0" type="stmt"/>
        <line num="335" count="0" type="stmt"/>
        <line num="338" count="2" type="stmt"/>
        <line num="342" count="1" type="cond" truecount="1" falsecount="1"/>
        <line num="343" count="1" type="stmt"/>
        <line num="344" count="1" type="stmt"/>
        <line num="345" count="1" type="cond" truecount="3" falsecount="1"/>
        <line num="346" count="1" type="stmt"/>
        <line num="367" count="2" type="stmt"/>
        <line num="371" count="7" type="stmt"/>
        <line num="373" count="7" type="stmt"/>
        <line num="381" count="42" type="stmt"/>
        <line num="382" count="42" type="stmt"/>
        <line num="383" count="42" type="stmt"/>
        <line num="384" count="42" type="stmt"/>
        <line num="385" count="42" type="stmt"/>
        <line num="386" count="42" type="stmt"/>
        <line num="387" count="42" type="stmt"/>
        <line num="389" count="42" type="stmt"/>
        <line num="390" count="42" type="stmt"/>
        <line num="391" count="42" type="stmt"/>
        <line num="393" count="42" type="cond" truecount="5" falsecount="1"/>
        <line num="394" count="0" type="stmt"/>
        <line num="396" count="42" type="stmt"/>
        <line num="397" count="42" type="cond" truecount="1" falsecount="1"/>
        <line num="399" count="42" type="stmt"/>
        <line num="400" count="42" type="stmt"/>
        <line num="402" count="42" type="cond" truecount="1" falsecount="1"/>
        <line num="405" count="42" type="cond" truecount="2" falsecount="0"/>
        <line num="409" count="42" type="cond" truecount="2" falsecount="0"/>
        <line num="410" count="14" type="stmt"/>
        <line num="414" count="42" type="stmt"/>
        <line num="417" count="42" type="cond" truecount="1" falsecount="1"/>
        <line num="418" count="42" type="stmt"/>
        <line num="419" count="42" type="stmt"/>
        <line num="420" count="42" type="stmt"/>
        <line num="421" count="42" type="stmt"/>
        <line num="422" count="42" type="stmt"/>
        <line num="423" count="42" type="stmt"/>
        <line num="427" count="42" type="cond" truecount="1" falsecount="1"/>
        <line num="429" count="42" type="cond" truecount="2" falsecount="0"/>
        <line num="433" count="42" type="stmt"/>
        <line num="449" count="7" type="stmt"/>
        <line num="454" count="7" type="stmt"/>
        <line num="455" count="7" type="stmt"/>
        <line num="457" count="7" type="stmt"/>
        <line num="462" count="7" type="stmt"/>
        <line num="463" count="7" type="stmt"/>
        <line num="465" count="7" type="stmt"/>
        <line num="470" count="7" type="stmt"/>
        <line num="471" count="7" type="stmt"/>
        <line num="473" count="7" type="stmt"/>
        <line num="478" count="7" type="stmt"/>
        <line num="479" count="7" type="stmt"/>
        <line num="483" count="7" type="cond" truecount="1" falsecount="1"/>
        <line num="484" count="0" type="stmt"/>
        <line num="489" count="0" type="stmt"/>
        <line num="490" count="0" type="cond" truecount="0" falsecount="2"/>
        <line num="494" count="7" type="stmt"/>
        <line num="499" count="7" type="stmt"/>
        <line num="500" count="7" type="stmt"/>
        <line num="502" count="7" type="stmt"/>
        <line num="507" count="7" type="stmt"/>
        <line num="508" count="7" type="stmt"/>
        <line num="511" count="7" type="stmt"/>
        <line num="518" count="2" type="stmt"/>
        <line num="535" count="2" type="stmt"/>
        <line num="538" count="0" type="stmt"/>
        <line num="540" count="0" type="stmt"/>
        <line num="557" count="0" type="stmt"/>
        <line num="570" count="0" type="stmt"/>
        <line num="593" count="2" type="stmt"/>
        <line num="623" count="2" type="stmt"/>
        <line num="624" count="3" type="stmt"/>
        <line num="626" count="2" type="stmt"/>
        <line num="627" count="3" type="cond" truecount="1" falsecount="1"/>
        <line num="628" count="3" type="stmt"/>
        <line num="629" count="3" type="cond" truecount="2" falsecount="3"/>
        <line num="630" count="3" type="stmt"/>
        <line num="631" count="0" type="stmt"/>
        <line num="634" count="2" type="stmt"/>
        <line num="637" count="3" type="cond" truecount="1" falsecount="1"/>
        <line num="638" count="3" type="stmt"/>
        <line num="639" count="3" type="cond" truecount="1" falsecount="1"/>
        <line num="640" count="0" type="cond" truecount="0" falsecount="2"/>
        <line num="641" count="0" type="cond" truecount="0" falsecount="2"/>
        <line num="642" count="0" type="stmt"/>
        <line num="645" count="2" type="stmt"/>
        <line num="646" count="3" type="cond" truecount="1" falsecount="1"/>
        <line num="647" count="3" type="stmt"/>
        <line num="648" count="3" type="stmt"/>
        <line num="651" count="2" type="stmt"/>
        <line num="652" count="3" type="cond" truecount="1" falsecount="1"/>
        <line num="653" count="0" type="cond" truecount="0" falsecount="2"/>
        <line num="654" count="0" type="stmt"/>
        <line num="657" count="2" type="stmt"/>
        <line num="658" count="32" type="cond" truecount="2" falsecount="0"/>
        <line num="659" count="12" type="cond" truecount="1" falsecount="1"/>
        <line num="660" count="0" type="stmt"/>
        <line num="665" count="0" type="stmt"/>
        <line num="667" count="12" type="stmt"/>
        <line num="669" count="20" type="cond" truecount="2" falsecount="0"/>
        <line num="670" count="10" type="stmt"/>
        <line num="672" count="10" type="stmt"/>
        <line num="675" count="2" type="stmt"/>
        <line num="680" count="32" type="stmt"/>
        <line num="681" count="32" type="cond" truecount="2" falsecount="0"/>
        <line num="682" count="10" type="cond" truecount="2" falsecount="0"/>
        <line num="684" count="22" type="cond" truecount="1" falsecount="1"/>
        <line num="685" count="22" type="cond" truecount="2" falsecount="0"/>
        <line num="688" count="2" type="stmt"/>
        <line num="697" count="5" type="cond" truecount="2" falsecount="0"/>
        <line num="699" count="5" type="cond" truecount="3" falsecount="1"/>
        <line num="700" count="0" type="stmt"/>
        <line num="711" count="5" type="stmt"/>
        <line num="712" count="5" type="cond" truecount="1" falsecount="1"/>
        <line num="713" count="0" type="stmt"/>
        <line num="724" count="5" type="stmt"/>
        <line num="725" count="30" type="stmt"/>
        <line num="730" count="30" type="stmt"/>
        <line num="731" count="30" type="stmt"/>
        <line num="732" count="30" type="stmt"/>
        <line num="735" count="55" type="stmt"/>
        <line num="736" count="5" type="cond" truecount="4" falsecount="0"/>
        <line num="737" count="1" type="stmt"/>
        <line num="752" count="4" type="stmt"/>
        <line num="754" count="4" type="cond" truecount="2" falsecount="2"/>
        <line num="759" count="5" type="cond" truecount="1" falsecount="1"/>
        <line num="765" count="5" type="stmt"/>
        <line num="767" count="5" type="cond" truecount="1" falsecount="1"/>
        <line num="775" count="5" type="cond" truecount="3" falsecount="1"/>
        <line num="776" count="0" type="stmt"/>
        <line num="782" count="0" type="stmt"/>
        <line num="783" count="0" type="stmt"/>
        <line num="788" count="4" type="stmt"/>
        <line num="789" count="4" type="stmt"/>
        <line num="793" count="4" type="stmt"/>
        <line num="795" count="4" type="cond" truecount="2" falsecount="0"/>
        <line num="796" count="3" type="stmt"/>
        <line num="798" count="5" type="cond" truecount="2" falsecount="0"/>
        <line num="799" count="3" type="stmt"/>
        <line num="802" count="5" type="stmt"/>
        <line num="836" count="5" type="stmt"/>
        <line num="837" count="5" type="stmt"/>
        <line num="850" count="4" type="stmt"/>
        <line num="861" count="0" type="stmt"/>
        <line num="877" count="4" type="cond" truecount="4" falsecount="0"/>
        <line num="878" count="3" type="stmt"/>
        <line num="879" count="3" type="cond" truecount="1" falsecount="1"/>
        <line num="880" count="3" type="cond" truecount="1" falsecount="1"/>
        <line num="883" count="3" type="stmt"/>
        <line num="886" count="3" type="stmt"/>
        <line num="887" count="3" type="stmt"/>
        <line num="888" count="13" type="cond" truecount="4" falsecount="0"/>
        <line num="889" count="1" type="stmt"/>
        <line num="902" count="3" type="stmt"/>
        <line num="903" count="3" type="stmt"/>
        <line num="904" count="3" type="stmt"/>
        <line num="905" count="3" type="cond" truecount="1" falsecount="1"/>
        <line num="908" count="5" type="cond" truecount="3" falsecount="1"/>
        <line num="912" count="5" type="cond" truecount="1" falsecount="1"/>
        <line num="914" count="5" type="cond" truecount="1" falsecount="1"/>
        <line num="917" count="5" type="stmt"/>
        <line num="926" count="5" type="cond" truecount="4" falsecount="0"/>
        <line num="927" count="1" type="stmt"/>
        <line num="928" count="1" type="stmt"/>
        <line num="929" count="1" type="cond" truecount="1" falsecount="1"/>
        <line num="930" count="1" type="stmt"/>
        <line num="931" count="1" type="cond" truecount="1" falsecount="1"/>
        <line num="935" count="3" type="stmt"/>
        <line num="979" count="2" type="stmt"/>
        <line num="984" count="2" type="cond" truecount="1" falsecount="1"/>
        <line num="986" count="2" type="stmt"/>
        <line num="987" count="2" type="cond" truecount="1" falsecount="1"/>
        <line num="988" count="0" type="stmt"/>
        <line num="996" count="2" type="cond" truecount="1" falsecount="1"/>
        <line num="998" count="2" type="cond" truecount="2" falsecount="0"/>
        <line num="999" count="2" type="cond" truecount="2" falsecount="0"/>
        <line num="1001" count="2" type="cond" truecount="1" falsecount="1"/>
        <line num="1002" count="0" type="stmt"/>
        <line num="1005" count="2" type="cond" truecount="3" falsecount="1"/>
        <line num="1006" count="0" type="stmt"/>
        <line num="1014" count="2" type="stmt"/>
        <line num="1016" count="2" type="stmt"/>
        <line num="1017" count="6" type="cond" truecount="2" falsecount="0"/>
        <line num="1020" count="2" type="cond" truecount="1" falsecount="1"/>
        <line num="1022" count="2" type="cond" truecount="3" falsecount="1"/>
        <line num="1023" count="0" type="stmt"/>
        <line num="1034" count="2" type="stmt"/>
        <line num="1041" count="2" type="cond" truecount="1" falsecount="1"/>
        <line num="1043" count="2" type="stmt"/>
        <line num="1044" count="2" type="cond" truecount="4" falsecount="0"/>
        <line num="1045" count="1" type="stmt"/>
        <line num="1060" count="1" type="cond" truecount="3" falsecount="1"/>
        <line num="1061" count="0" type="stmt"/>
        <line num="1067" count="0" type="stmt"/>
        <line num="1068" count="0" type="stmt"/>
        <line num="1072" count="1" type="cond" truecount="1" falsecount="1"/>
        <line num="1073" count="1" type="stmt"/>
        <line num="1074" count="1" type="stmt"/>
        <line num="1075" count="1" type="stmt"/>
        <line num="1078" count="1" type="stmt"/>
        <line num="1084" count="1" type="stmt"/>
        <line num="1086" count="1" type="cond" truecount="3" falsecount="1"/>
        <line num="1087" count="0" type="stmt"/>
        <line num="1102" count="1" type="cond" truecount="1" falsecount="1"/>
        <line num="1109" count="2" type="cond" truecount="1" falsecount="1"/>
        <line num="1117" count="2" type="cond" truecount="2" falsecount="0"/>
        <line num="1118" count="1" type="stmt"/>
        <line num="1119" count="1" type="stmt"/>
        <line num="1120" count="1" type="cond" truecount="1" falsecount="1"/>
        <line num="1121" count="1" type="stmt"/>
        <line num="1122" count="1" type="cond" truecount="1" falsecount="1"/>
        <line num="1126" count="1" type="stmt"/>
        <line num="1155" count="2" type="stmt"/>
        <line num="1158" count="0" type="stmt"/>
        <line num="1159" count="0" type="cond" truecount="0" falsecount="2"/>
        <line num="1160" count="0" type="stmt"/>
        <line num="1169" count="0" type="stmt"/>
        <line num="1170" count="0" type="stmt"/>
        <line num="1176" count="0" type="stmt"/>
        <line num="1196" count="0" type="stmt"/>
        <line num="1197" count="0" type="stmt"/>
        <line num="1209" count="0" type="stmt"/>
        <line num="1218" count="0" type="stmt"/>
        <line num="1221" count="0" type="stmt"/>
        <line num="1222" count="0" type="stmt"/>
        <line num="1233" count="0" type="stmt"/>
        <line num="1242" count="0" type="stmt"/>
        <line num="1243" count="0" type="stmt"/>
        <line num="1245" count="0" type="stmt"/>
        <line num="1257" count="2" type="stmt"/>
        <line num="1262" count="0" type="cond" truecount="0" falsecount="6"/>
        <line num="1263" count="0" type="stmt"/>
        <line num="1265" count="0" type="stmt"/>
        <line num="1266" count="0" type="stmt"/>
        <line num="1267" count="0" type="cond" truecount="0" falsecount="4"/>
        <line num="1269" count="0" type="cond" truecount="0" falsecount="4"/>
        <line num="1270" count="0" type="stmt"/>
        <line num="1272" count="0" type="cond" truecount="0" falsecount="2"/>
        <line num="1273" count="0" type="stmt"/>
        <line num="1275" count="0" type="stmt"/>
        <line num="1279" count="2" type="stmt"/>
      </file>
    </package>
    <package name="EdgeLab.utils">
      <metrics statements="279" coveredstatements="31" conditionals="240" coveredconditionals="8" methods="55" coveredmethods="3"/>
      <file name="calculations.ts" path="C:\Dev\Projects\EdgeLab\utils\calculations.ts">
        <metrics statements="223" coveredstatements="23" conditionals="171" coveredconditionals="8" methods="47" coveredmethods="3"/>
        <line num="29" count="2" type="stmt"/>
        <line num="36" count="0" type="cond" truecount="0" falsecount="5"/>
        <line num="40" count="0" type="cond" truecount="0" falsecount="2"/>
        <line num="41" count="0" type="stmt"/>
        <line num="43" count="0" type="stmt"/>
        <line num="46" count="0" type="stmt"/>
        <line num="47" count="0" type="stmt"/>
        <line num="48" count="0" type="stmt"/>
        <line num="50" count="0" type="stmt"/>
        <line num="52" count="0" type="cond" truecount="0" falsecount="2"/>
        <line num="54" count="0" type="stmt"/>
        <line num="55" count="0" type="stmt"/>
        <line num="57" count="0" type="stmt"/>
        <line num="63" count="2" type="stmt"/>
        <line num="64" count="0" type="cond" truecount="0" falsecount="4"/>
        <line num="66" count="0" type="stmt"/>
        <line num="68" count="0" type="stmt"/>
        <line num="71" count="0" type="stmt"/>
        <line num="78" count="2" type="stmt"/>
        <line num="82" count="2" type="cond" truecount="3" falsecount="1"/>
        <line num="83" count="0" type="stmt"/>
        <line num="87" count="2" type="stmt"/>
        <line num="88" count="4" type="stmt"/>
        <line num="89" count="4" type="cond" truecount="2" falsecount="0"/>
        <line num="92" count="0" type="stmt"/>
        <line num="94" count="2" type="cond" truecount="1" falsecount="1"/>
        <line num="95" count="0" type="stmt"/>
        <line num="98" count="2" type="stmt"/>
        <line num="99" count="2" type="stmt"/>
        <line num="101" count="2" type="cond" truecount="1" falsecount="1"/>
        <line num="102" count="0" type="stmt"/>
        <line num="103" count="2" type="cond" truecount="1" falsecount="1"/>
        <line num="104" count="0" type="stmt"/>
        <line num="107" count="2" type="stmt"/>
        <line num="117" count="2" type="stmt"/>
        <line num="121" count="0" type="cond" truecount="0" falsecount="2"/>
        <line num="123" count="0" type="stmt"/>
        <line num="124" count="0" type="cond" truecount="0" falsecount="2"/>
        <line num="125" count="0" type="stmt"/>
        <line num="127" count="0" type="stmt"/>
        <line num="131" count="0" type="stmt"/>
        <line num="134" count="2" type="stmt"/>
        <line num="139" count="0" type="stmt"/>
        <line num="141" count="0" type="stmt"/>
        <line num="142" count="0" type="stmt"/>
        <line num="143" count="0" type="cond" truecount="0" falsecount="2"/>
        <line num="144" count="0" type="cond" truecount="0" falsecount="2"/>
        <line num="146" count="0" type="cond" truecount="0" falsecount="2"/>
        <line num="147" count="0" type="stmt"/>
        <line num="148" count="0" type="cond" truecount="0" falsecount="2"/>
        <line num="149" count="0" type="stmt"/>
        <line num="150" count="0" type="cond" truecount="0" falsecount="2"/>
        <line num="152" count="0" type="stmt"/>
        <line num="157" count="0" type="stmt"/>
        <line num="158" count="0" type="stmt"/>
        <line num="159" count="0" type="stmt"/>
        <line num="160" count="0" type="cond" truecount="0" falsecount="2"/>
        <line num="162" count="0" type="stmt"/>
        <line num="163" count="0" type="cond" truecount="0" falsecount="2"/>
        <line num="166" count="0" type="stmt"/>
        <line num="167" count="0" type="stmt"/>
        <line num="168" count="0" type="cond" truecount="0" falsecount="4"/>
        <line num="169" count="0" type="cond" truecount="0" falsecount="2"/>
        <line num="172" count="0" type="cond" truecount="0" falsecount="2"/>
        <line num="174" count="0" type="stmt"/>
        <line num="183" count="2" type="stmt"/>
        <line num="188" count="0" type="stmt"/>
        <line num="191" count="0" type="stmt"/>
        <line num="192" count="0" type="stmt"/>
        <line num="193" count="0" type="stmt"/>
        <line num="197" count="0" type="stmt"/>
        <line num="198" count="0" type="stmt"/>
        <line num="199" count="0" type="stmt"/>
        <line num="200" count="0" type="stmt"/>
        <line num="201" count="0" type="stmt"/>
        <line num="202" count="0" type="stmt"/>
        <line num="205" count="0" type="stmt"/>
        <line num="206" count="0" type="stmt"/>
        <line num="208" count="0" type="stmt"/>
        <line num="209" count="0" type="cond" truecount="0" falsecount="2"/>
        <line num="210" count="0" type="cond" truecount="0" falsecount="2"/>
        <line num="211" count="0" type="stmt"/>
        <line num="212" count="0" type="stmt"/>
        <line num="213" count="0" type="stmt"/>
        <line num="217" count="0" type="cond" truecount="0" falsecount="2"/>
        <line num="218" count="0" type="stmt"/>
        <line num="219" count="0" type="stmt"/>
        <line num="220" count="0" type="cond" truecount="0" falsecount="2"/>
        <line num="221" count="0" type="stmt"/>
        <line num="222" count="0" type="stmt"/>
        <line num="223" count="0" type="stmt"/>
        <line num="226" count="0" type="stmt"/>
        <line num="227" count="0" type="stmt"/>
        <line num="228" count="0" type="cond" truecount="0" falsecount="2"/>
        <line num="229" count="0" type="stmt"/>
        <line num="230" count="0" type="stmt"/>
        <line num="238" count="0" type="stmt"/>
        <line num="239" count="0" type="stmt"/>
        <line num="240" count="0" type="stmt"/>
        <line num="242" count="0" type="stmt"/>
        <line num="243" count="0" type="cond" truecount="0" falsecount="2"/>
        <line num="245" count="0" type="cond" truecount="0" falsecount="2"/>
        <line num="247" count="0" type="stmt"/>
        <line num="262" count="2" type="stmt"/>
        <line num="263" count="0" type="stmt"/>
        <line num="264" count="0" type="stmt"/>
        <line num="265" count="0" type="stmt"/>
        <line num="268" count="0" type="stmt"/>
        <line num="271" count="0" type="stmt"/>
        <line num="272" count="0" type="cond" truecount="0" falsecount="2"/>
        <line num="273" count="0" type="stmt"/>
        <line num="274" count="0" type="cond" truecount="0" falsecount="4"/>
        <line num="275" count="0" type="stmt"/>
        <line num="276" count="0" type="cond" truecount="0" falsecount="2"/>
        <line num="277" count="0" type="cond" truecount="0" falsecount="2"/>
        <line num="278" count="0" type="cond" truecount="0" falsecount="2"/>
        <line num="279" count="0" type="stmt"/>
        <line num="286" count="0" type="stmt"/>
        <line num="290" count="0" type="stmt"/>
        <line num="292" count="0" type="stmt"/>
        <line num="293" count="0" type="stmt"/>
        <line num="294" count="0" type="cond" truecount="0" falsecount="2"/>
        <line num="297" count="0" type="stmt"/>
        <line num="303" count="0" type="cond" truecount="0" falsecount="2"/>
        <line num="305" count="0" type="cond" truecount="0" falsecount="2"/>
        <line num="308" count="0" type="cond" truecount="0" falsecount="2"/>
        <line num="310" count="0" type="cond" truecount="0" falsecount="2"/>
        <line num="311" count="0" type="stmt"/>
        <line num="312" count="0" type="stmt"/>
        <line num="313" count="0" type="cond" truecount="0" falsecount="2"/>
        <line num="314" count="0" type="stmt"/>
        <line num="315" count="0" type="stmt"/>
        <line num="317" count="0" type="stmt"/>
        <line num="320" count="0" type="stmt"/>
        <line num="324" count="0" type="stmt"/>
        <line num="325" count="0" type="stmt"/>
        <line num="326" count="0" type="stmt"/>
        <line num="331" count="0" type="stmt"/>
        <line num="334" count="0" type="cond" truecount="0" falsecount="4"/>
        <line num="336" count="0" type="cond" truecount="0" falsecount="4"/>
        <line num="341" count="0" type="stmt"/>
        <line num="342" count="0" type="stmt"/>
        <line num="343" count="0" type="stmt"/>
        <line num="353" count="0" type="stmt"/>
        <line num="356" count="0" type="stmt"/>
        <line num="357" count="0" type="stmt"/>
        <line num="358" count="0" type="stmt"/>
        <line num="364" count="0" type="stmt"/>
        <line num="365" count="0" type="stmt"/>
        <line num="368" count="0" type="stmt"/>
        <line num="378" count="2" type="stmt"/>
        <line num="383" count="0" type="stmt"/>
        <line num="386" count="0" type="cond" truecount="0" falsecount="3"/>
        <line num="390" count="0" type="stmt"/>
        <line num="393" count="0" type="stmt"/>
        <line num="395" count="0" type="stmt"/>
        <line num="396" count="0" type="cond" truecount="0" falsecount="2"/>
        <line num="398" count="0" type="cond" truecount="0" falsecount="2"/>
        <line num="399" count="0" type="stmt"/>
        <line num="400" count="0" type="cond" truecount="0" falsecount="2"/>
        <line num="401" count="0" type="stmt"/>
        <line num="405" count="0" type="stmt"/>
        <line num="406" count="0" type="stmt"/>
        <line num="409" count="0" type="stmt"/>
        <line num="411" count="0" type="stmt"/>
        <line num="417" count="0" type="stmt"/>
        <line num="418" count="0" type="stmt"/>
        <line num="419" count="0" type="stmt"/>
        <line num="427" count="0" type="cond" truecount="0" falsecount="2"/>
        <line num="428" count="0" type="stmt"/>
        <line num="435" count="0" type="stmt"/>
        <line num="438" count="2" type="stmt"/>
        <line num="439" count="0" type="stmt"/>
        <line num="445" count="2" type="stmt"/>
        <line num="446" count="0" type="cond" truecount="0" falsecount="2"/>
        <line num="447" count="0" type="stmt"/>
        <line num="448" count="0" type="stmt"/>
        <line num="450" count="0" type="stmt"/>
        <line num="457" count="2" type="stmt"/>
        <line num="458" count="0" type="cond" truecount="0" falsecount="2"/>
        <line num="459" count="0" type="stmt"/>
        <line num="460" count="0" type="cond" truecount="0" falsecount="2"/>
        <line num="461" count="0" type="stmt"/>
        <line num="464" count="2" type="stmt"/>
        <line num="468" count="0" type="cond" truecount="0" falsecount="2"/>
        <line num="469" count="0" type="stmt"/>
        <line num="471" count="0" type="stmt"/>
        <line num="472" count="0" type="cond" truecount="0" falsecount="2"/>
        <line num="473" count="0" type="stmt"/>
        <line num="474" count="0" type="stmt"/>
        <line num="475" count="0" type="cond" truecount="0" falsecount="2"/>
        <line num="476" count="0" type="cond" truecount="0" falsecount="2"/>
        <line num="479" count="0" type="stmt"/>
        <line num="480" count="0" type="stmt"/>
        <line num="481" count="0" type="cond" truecount="0" falsecount="2"/>
        <line num="482" count="0" type="stmt"/>
        <line num="483" count="0" type="cond" truecount="0" falsecount="2"/>
        <line num="484" count="0" type="cond" truecount="0" falsecount="2"/>
        <line num="485" count="0" type="cond" truecount="0" falsecount="2"/>
        <line num="486" count="0" type="stmt"/>
        <line num="490" count="0" type="cond" truecount="0" falsecount="5"/>
        <line num="491" count="0" type="stmt"/>
        <line num="492" count="0" type="stmt"/>
        <line num="493" count="0" type="stmt"/>
        <line num="494" count="0" type="stmt"/>
        <line num="495" count="0" type="cond" truecount="0" falsecount="2"/>
        <line num="496" count="0" type="cond" truecount="0" falsecount="2"/>
        <line num="497" count="0" type="stmt"/>
        <line num="498" count="0" type="stmt"/>
        <line num="500" count="0" type="cond" truecount="0" falsecount="2"/>
        <line num="507" count="0" type="cond" truecount="0" falsecount="2"/>
        <line num="509" count="0" type="cond" truecount="0" falsecount="4"/>
        <line num="512" count="0" type="stmt"/>
        <line num="517" count="0" type="stmt"/>
        <line num="520" count="2" type="stmt"/>
        <line num="521" count="0" type="cond" truecount="0" falsecount="4"/>
        <line num="523" count="0" type="cond" truecount="0" falsecount="2"/>
        <line num="524" count="0" type="cond" truecount="0" falsecount="2"/>
        <line num="525" count="0" type="cond" truecount="0" falsecount="2"/>
        <line num="526" count="0" type="cond" truecount="0" falsecount="2"/>
        <line num="528" count="0" type="cond" truecount="0" falsecount="2"/>
        <line num="529" count="0" type="stmt"/>
        <line num="532" count="0" type="stmt"/>
      </file>
      <file name="edgeUtils.ts" path="C:\Dev\Projects\EdgeLab\utils\edgeUtils.ts">
        <metrics statements="56" coveredstatements="8" conditionals="69" coveredconditionals="0" methods="8" coveredmethods="0"/>
        <line num="4" count="2" type="stmt"/>
        <line num="12" count="0" type="cond" truecount="0" falsecount="2"/>
        <line num="15" count="0" type="cond" truecount="0" falsecount="2"/>
        <line num="18" count="0" type="stmt"/>
        <line num="20" count="0" type="cond" truecount="0" falsecount="2"/>
        <line num="22" count="0" type="cond" truecount="0" falsecount="2"/>
        <line num="23" count="0" type="cond" truecount="0" falsecount="2"/>
        <line num="24" count="0" type="cond" truecount="0" falsecount="4"/>
        <line num="25" count="0" type="cond" truecount="0" falsecount="2"/>
        <line num="28" count="0" type="cond" truecount="0" falsecount="2"/>
        <line num="29" count="0" type="cond" truecount="0" falsecount="2"/>
        <line num="30" count="0" type="cond" truecount="0" falsecount="4"/>
        <line num="31" count="0" type="cond" truecount="0" falsecount="2"/>
        <line num="35" count="0" type="stmt"/>
        <line num="38" count="2" type="stmt"/>
        <line num="44" count="0" type="cond" truecount="0" falsecount="2"/>
        <line num="45" count="0" type="stmt"/>
        <line num="47" count="0" type="cond" truecount="0" falsecount="2"/>
        <line num="48" count="0" type="cond" truecount="0" falsecount="2"/>
        <line num="49" count="0" type="cond" truecount="0" falsecount="2"/>
        <line num="50" count="0" type="cond" truecount="0" falsecount="2"/>
        <line num="51" count="0" type="stmt"/>
        <line num="53" count="0" type="cond" truecount="0" falsecount="2"/>
        <line num="54" count="0" type="cond" truecount="0" falsecount="2"/>
        <line num="55" count="0" type="cond" truecount="0" falsecount="2"/>
        <line num="56" count="0" type="stmt"/>
        <line num="62" count="2" type="stmt"/>
        <line num="63" count="0" type="cond" truecount="0" falsecount="2"/>
        <line num="64" count="0" type="stmt"/>
        <line num="66" count="0" type="stmt"/>
        <line num="70" count="2" type="stmt"/>
        <line num="71" count="0" type="cond" truecount="0" falsecount="2"/>
        <line num="72" count="0" type="stmt"/>
        <line num="75" count="2" type="stmt"/>
        <line num="78" count="0" type="stmt"/>
        <line num="84" count="2" type="stmt"/>
        <line num="89" count="0" type="stmt"/>
        <line num="90" count="0" type="stmt"/>
        <line num="91" count="0" type="stmt"/>
        <line num="93" count="0" type="stmt"/>
        <line num="94" count="0" type="stmt"/>
        <line num="95" count="0" type="stmt"/>
        <line num="97" count="0" type="stmt"/>
        <line num="99" count="0" type="stmt"/>
        <line num="106" count="2" type="stmt"/>
        <line num="111" count="0" type="cond" truecount="0" falsecount="2"/>
        <line num="113" count="0" type="stmt"/>
        <line num="115" count="0" type="cond" truecount="0" falsecount="4"/>
        <line num="116" count="0" type="stmt"/>
        <line num="117" count="0" type="cond" truecount="0" falsecount="4"/>
        <line num="118" count="0" type="stmt"/>
        <line num="119" count="0" type="cond" truecount="0" falsecount="4"/>
        <line num="120" count="0" type="stmt"/>
        <line num="123" count="0" type="stmt"/>
        <line num="126" count="2" type="stmt"/>
        <line num="127" count="0" type="stmt"/>
      </file>
    </package>
  </project>
</coverage>
