{"C:\\Dev\\Projects\\EdgeLab\\constants.ts": {"path":"C:\\Dev\\Projects\\EdgeLab\\constants.ts","statementMap":{"0":{"start":{"line":7,"column":4},"end":{"line":14,"column":null}},"1":{"start":{"line":16,"column":96},"end":{"line":24,"column":null}},"2":{"start":{"line":26,"column":28},"end":{"line":29,"column":null}},"3":{"start":{"line":31,"column":27},"end":{"line":31,"column":null}},"4":{"start":{"line":33,"column":22},"end":{"line":35,"column":null}},"5":{"start":{"line":37,"column":28},"end":{"line":42,"column":null}},"6":{"start":{"line":44,"column":94},"end":{"line":125,"column":null}},"7":{"start":{"line":127,"column":31},"end":{"line":127,"column":null}},"8":{"start":{"line":129,"column":26},"end":{"line":155,"column":null}},"9":{"start":{"line":157,"column":38},"end":{"line":157,"column":null}},"10":{"start":{"line":244,"column":33},"end":{"line":244,"column":null}},"11":{"start":{"line":268,"column":39},"end":{"line":268,"column":null}}},"fnMap":{},"branchMap":{},"s":{"0":2,"1":2,"2":2,"3":2,"4":2,"5":2,"6":2,"7":2,"8":2,"9":2,"10":2,"11":2},"f":{},"b":{},"meta":{"lastBranch":0,"lastFunction":0,"lastStatement":12,"seen":{"s:7:4:14:Infinity":0,"s:16:96:24:Infinity":1,"s:26:28:29:Infinity":2,"s:31:27:31:Infinity":3,"s:33:22:35:Infinity":4,"s:37:28:42:Infinity":5,"s:44:94:125:Infinity":6,"s:127:31:127:Infinity":7,"s:129:26:155:Infinity":8,"s:157:38:157:Infinity":9,"s:244:33:244:Infinity":10,"s:268:39:268:Infinity":11}}}
,"C:\\Dev\\Projects\\EdgeLab\\types.ts": {"path":"C:\\Dev\\Projects\\EdgeLab\\types.ts","statementMap":{"0":{"start":{"line":248,"column":7},"end":{"line":248,"column":null}},"1":{"start":{"line":249,"column":2},"end":{"line":249,"column":null}},"2":{"start":{"line":250,"column":2},"end":{"line":250,"column":null}},"3":{"start":{"line":251,"column":2},"end":{"line":251,"column":null}},"4":{"start":{"line":252,"column":2},"end":{"line":252,"column":null}},"5":{"start":{"line":248,"column":12},"end":{"line":248,"column":null}},"6":{"start":{"line":255,"column":7},"end":{"line":255,"column":null}},"7":{"start":{"line":256,"column":2},"end":{"line":256,"column":null}},"8":{"start":{"line":257,"column":2},"end":{"line":257,"column":null}},"9":{"start":{"line":258,"column":2},"end":{"line":258,"column":null}},"10":{"start":{"line":259,"column":2},"end":{"line":259,"column":null}},"11":{"start":{"line":260,"column":2},"end":{"line":260,"column":null}},"12":{"start":{"line":261,"column":2},"end":{"line":261,"column":null}},"13":{"start":{"line":262,"column":2},"end":{"line":262,"column":null}},"14":{"start":{"line":263,"column":2},"end":{"line":263,"column":null}},"15":{"start":{"line":264,"column":2},"end":{"line":264,"column":null}},"16":{"start":{"line":265,"column":2},"end":{"line":265,"column":null}},"17":{"start":{"line":266,"column":2},"end":{"line":266,"column":null}},"18":{"start":{"line":267,"column":2},"end":{"line":267,"column":null}},"19":{"start":{"line":268,"column":2},"end":{"line":268,"column":null}},"20":{"start":{"line":269,"column":2},"end":{"line":269,"column":null}},"21":{"start":{"line":270,"column":2},"end":{"line":270,"column":null}},"22":{"start":{"line":271,"column":2},"end":{"line":271,"column":null}},"23":{"start":{"line":255,"column":12},"end":{"line":255,"column":null}}},"fnMap":{"0":{"name":"(anonymous_0)","decl":{"start":{"line":248,"column":7},"end":{"line":248,"column":12}},"loc":{"start":{"line":248,"column":7},"end":{"line":248,"column":null}},"line":248},"1":{"name":"(anonymous_1)","decl":{"start":{"line":255,"column":7},"end":{"line":255,"column":12}},"loc":{"start":{"line":255,"column":7},"end":{"line":255,"column":null}},"line":255}},"branchMap":{"0":{"loc":{"start":{"line":248,"column":12},"end":{"line":248,"column":null}},"type":"binary-expr","locations":[{"start":{"line":248,"column":12},"end":{"line":248,"column":null}},{"start":{"line":248,"column":12},"end":{"line":248,"column":null}}],"line":248},"1":{"loc":{"start":{"line":255,"column":12},"end":{"line":255,"column":null}},"type":"binary-expr","locations":[{"start":{"line":255,"column":12},"end":{"line":255,"column":null}},{"start":{"line":255,"column":12},"end":{"line":255,"column":null}}],"line":255}},"s":{"0":2,"1":2,"2":2,"3":2,"4":2,"5":2,"6":2,"7":2,"8":2,"9":2,"10":2,"11":2,"12":2,"13":2,"14":2,"15":2,"16":2,"17":2,"18":2,"19":2,"20":2,"21":2,"22":2,"23":2},"f":{"0":2,"1":2},"b":{"0":[2,2],"1":[2,2]},"meta":{"lastBranch":2,"lastFunction":2,"lastStatement":24,"seen":{"s:248:7:248:Infinity":0,"f:248:7:248:12":0,"s:249:2:249:Infinity":1,"s:250:2:250:Infinity":2,"s:251:2:251:Infinity":3,"s:252:2:252:Infinity":4,"s:248:12:248:Infinity":5,"b:248:12:248:Infinity:248:12:248:Infinity":0,"s:255:7:255:Infinity":6,"f:255:7:255:12":1,"s:256:2:256:Infinity":7,"s:257:2:257:Infinity":8,"s:258:2:258:Infinity":9,"s:259:2:259:Infinity":10,"s:260:2:260:Infinity":11,"s:261:2:261:Infinity":12,"s:262:2:262:Infinity":13,"s:263:2:263:Infinity":14,"s:264:2:264:Infinity":15,"s:265:2:265:Infinity":16,"s:266:2:266:Infinity":17,"s:267:2:267:Infinity":18,"s:268:2:268:Infinity":19,"s:269:2:269:Infinity":20,"s:270:2:270:Infinity":21,"s:271:2:271:Infinity":22,"s:255:12:255:Infinity":23,"b:255:12:255:Infinity:255:12:255:Infinity":1}}}
,"C:\\Dev\\Projects\\EdgeLab\\data\\teams.ts": {"path":"C:\\Dev\\Projects\\EdgeLab\\data\\teams.ts","statementMap":{"0":{"start":{"line":5,"column":35},"end":{"line":5,"column":null}},"1":{"start":{"line":6,"column":35},"end":{"line":6,"column":null}},"2":{"start":{"line":7,"column":35},"end":{"line":7,"column":null}},"3":{"start":{"line":8,"column":35},"end":{"line":8,"column":null}}},"fnMap":{},"branchMap":{},"s":{"0":2,"1":2,"2":2,"3":2},"f":{},"b":{},"meta":{"lastBranch":0,"lastFunction":0,"lastStatement":4,"seen":{"s:5:35:5:Infinity":0,"s:6:35:6:Infinity":1,"s:7:35:7:Infinity":2,"s:8:35:8:Infinity":3}}}
,"C:\\Dev\\Projects\\EdgeLab\\services\\geminiService.ts": {"path":"C:\\Dev\\Projects\\EdgeLab\\services\\geminiService.ts","statementMap":{"0":{"start":{"line":17,"column":27},"end":{"line":18,"column":null}},"1":{"start":{"line":18,"column":2},"end":{"line":18,"column":null}},"2":{"start":{"line":20,"column":31},"end":{"line":20,"column":null}},"3":{"start":{"line":20,"column":58},"end":{"line":20,"column":null}},"4":{"start":{"line":52,"column":31},"end":{"line":52,"column":null}},"5":{"start":{"line":61,"column":31},"end":{"line":66,"column":null}},"6":{"start":{"line":68,"column":20},"end":{"line":75,"column":null}},"7":{"start":{"line":69,"column":2},"end":{"line":73,"column":null}},"8":{"start":{"line":70,"column":4},"end":{"line":72,"column":null}},"9":{"start":{"line":71,"column":6},"end":{"line":71,"column":null}},"10":{"start":{"line":74,"column":2},"end":{"line":74,"column":null}},"11":{"start":{"line":77,"column":23},"end":{"line":82,"column":null}},"12":{"start":{"line":78,"column":2},"end":{"line":78,"column":null}},"13":{"start":{"line":78,"column":13},"end":{"line":78,"column":null}},"14":{"start":{"line":79,"column":15},"end":{"line":79,"column":null}},"15":{"start":{"line":80,"column":2},"end":{"line":80,"column":null}},"16":{"start":{"line":80,"column":13},"end":{"line":80,"column":null}},"17":{"start":{"line":81,"column":2},"end":{"line":81,"column":null}},"18":{"start":{"line":88,"column":28},"end":{"line":103,"column":null}},"19":{"start":{"line":89,"column":14},"end":{"line":89,"column":null}},"20":{"start":{"line":90,"column":2},"end":{"line":90,"column":null}},"21":{"start":{"line":90,"column":18},"end":{"line":90,"column":null}},"22":{"start":{"line":92,"column":26},"end":{"line":92,"column":null}},"23":{"start":{"line":94,"column":2},"end":{"line":100,"column":null}},"24":{"start":{"line":95,"column":4},"end":{"line":99,"column":null}},"25":{"start":{"line":96,"column":6},"end":{"line":96,"column":null}},"26":{"start":{"line":98,"column":6},"end":{"line":98,"column":null}},"27":{"start":{"line":102,"column":2},"end":{"line":102,"column":null}},"28":{"start":{"line":106,"column":36},"end":{"line":129,"column":null}},"29":{"start":{"line":107,"column":2},"end":{"line":107,"column":null}},"30":{"start":{"line":107,"column":31},"end":{"line":107,"column":null}},"31":{"start":{"line":109,"column":14},"end":{"line":109,"column":null}},"32":{"start":{"line":110,"column":2},"end":{"line":110,"column":null}},"33":{"start":{"line":110,"column":18},"end":{"line":110,"column":null}},"34":{"start":{"line":113,"column":26},"end":{"line":113,"column":null}},"35":{"start":{"line":115,"column":2},"end":{"line":124,"column":null}},"36":{"start":{"line":117,"column":4},"end":{"line":123,"column":null}},"37":{"start":{"line":118,"column":6},"end":{"line":118,"column":null}},"38":{"start":{"line":119,"column":6},"end":{"line":119,"column":null}},"39":{"start":{"line":121,"column":6},"end":{"line":121,"column":null}},"40":{"start":{"line":122,"column":6},"end":{"line":122,"column":null}},"41":{"start":{"line":127,"column":17},"end":{"line":127,"column":null}},"42":{"start":{"line":128,"column":2},"end":{"line":128,"column":null}},"43":{"start":{"line":131,"column":37},"end":{"line":140,"column":null}},"44":{"start":{"line":132,"column":12},"end":{"line":132,"column":null}},"45":{"start":{"line":133,"column":2},"end":{"line":133,"column":null}},"46":{"start":{"line":133,"column":27},"end":{"line":133,"column":null}},"47":{"start":{"line":135,"column":2},"end":{"line":139,"column":null}},"48":{"start":{"line":136,"column":4},"end":{"line":136,"column":null}},"49":{"start":{"line":138,"column":4},"end":{"line":138,"column":null}},"50":{"start":{"line":142,"column":34},"end":{"line":156,"column":null}},"51":{"start":{"line":146,"column":19},"end":{"line":146,"column":null}},"52":{"start":{"line":147,"column":19},"end":{"line":147,"column":null}},"53":{"start":{"line":149,"column":16},"end":{"line":149,"column":null}},"54":{"start":{"line":150,"column":2},"end":{"line":150,"column":null}},"55":{"start":{"line":150,"column":19},"end":{"line":150,"column":null}},"56":{"start":{"line":152,"column":2},"end":{"line":155,"column":null}},"57":{"start":{"line":160,"column":27},"end":{"line":162,"column":null}},"58":{"start":{"line":161,"column":2},"end":{"line":161,"column":null}},"59":{"start":{"line":164,"column":34},"end":{"line":174,"column":null}},"60":{"start":{"line":168,"column":16},"end":{"line":168,"column":null}},"61":{"start":{"line":169,"column":15},"end":{"line":169,"column":null}},"62":{"start":{"line":171,"column":2},"end":{"line":171,"column":null}},"63":{"start":{"line":171,"column":64},"end":{"line":171,"column":null}},"64":{"start":{"line":173,"column":2},"end":{"line":173,"column":null}},"65":{"start":{"line":176,"column":33},"end":{"line":184,"column":null}},"66":{"start":{"line":180,"column":16},"end":{"line":180,"column":null}},"67":{"start":{"line":181,"column":15},"end":{"line":181,"column":null}},"68":{"start":{"line":182,"column":2},"end":{"line":182,"column":null}},"69":{"start":{"line":182,"column":35},"end":{"line":182,"column":null}},"70":{"start":{"line":183,"column":2},"end":{"line":183,"column":null}},"71":{"start":{"line":186,"column":32},"end":{"line":216,"column":null}},"72":{"start":{"line":189,"column":2},"end":{"line":189,"column":null}},"73":{"start":{"line":189,"column":24},"end":{"line":189,"column":null}},"74":{"start":{"line":191,"column":18},"end":{"line":191,"column":null}},"75":{"start":{"line":193,"column":20},"end":{"line":193,"column":null}},"76":{"start":{"line":194,"column":2},"end":{"line":206,"column":null}},"77":{"start":{"line":196,"column":6},"end":{"line":196,"column":null}},"78":{"start":{"line":197,"column":6},"end":{"line":197,"column":null}},"79":{"start":{"line":199,"column":6},"end":{"line":199,"column":null}},"80":{"start":{"line":200,"column":6},"end":{"line":200,"column":null}},"81":{"start":{"line":202,"column":6},"end":{"line":202,"column":null}},"82":{"start":{"line":203,"column":6},"end":{"line":203,"column":null}},"83":{"start":{"line":205,"column":6},"end":{"line":205,"column":null}},"84":{"start":{"line":208,"column":2},"end":{"line":213,"column":null}},"85":{"start":{"line":209,"column":4},"end":{"line":212,"column":null}},"86":{"start":{"line":215,"column":2},"end":{"line":215,"column":null}},"87":{"start":{"line":222,"column":26},"end":{"line":252,"column":null}},"88":{"start":{"line":226,"column":2},"end":{"line":229,"column":null}},"89":{"start":{"line":227,"column":4},"end":{"line":227,"column":null}},"90":{"start":{"line":228,"column":4},"end":{"line":228,"column":null}},"91":{"start":{"line":231,"column":2},"end":{"line":251,"column":null}},"92":{"start":{"line":232,"column":16},"end":{"line":235,"column":null}},"93":{"start":{"line":237,"column":23},"end":{"line":237,"column":null}},"94":{"start":{"line":238,"column":22},"end":{"line":238,"column":null}},"95":{"start":{"line":240,"column":4},"end":{"line":245,"column":null}},"96":{"start":{"line":241,"column":6},"end":{"line":241,"column":null}},"97":{"start":{"line":243,"column":6},"end":{"line":243,"column":null}},"98":{"start":{"line":244,"column":6},"end":{"line":244,"column":null}},"99":{"start":{"line":247,"column":4},"end":{"line":247,"column":null}},"100":{"start":{"line":249,"column":4},"end":{"line":249,"column":null}},"101":{"start":{"line":250,"column":4},"end":{"line":250,"column":null}},"102":{"start":{"line":254,"column":21},"end":{"line":267,"column":null}},"103":{"start":{"line":255,"column":2},"end":{"line":266,"column":null}},"104":{"start":{"line":256,"column":19},"end":{"line":256,"column":null}},"105":{"start":{"line":257,"column":4},"end":{"line":257,"column":null}},"106":{"start":{"line":258,"column":4},"end":{"line":264,"column":null}},"107":{"start":{"line":259,"column":20},"end":{"line":259,"column":null}},"108":{"start":{"line":260,"column":6},"end":{"line":262,"column":null}},"109":{"start":{"line":261,"column":8},"end":{"line":261,"column":null}},"110":{"start":{"line":263,"column":6},"end":{"line":263,"column":null}},"111":{"start":{"line":265,"column":4},"end":{"line":265,"column":null}},"112":{"start":{"line":265,"column":32},"end":{"line":265,"column":null}},"113":{"start":{"line":270,"column":36},"end":{"line":296,"column":null}},"114":{"start":{"line":274,"column":13},"end":{"line":274,"column":null}},"115":{"start":{"line":276,"column":23},"end":{"line":278,"column":null}},"116":{"start":{"line":280,"column":2},"end":{"line":294,"column":null}},"117":{"start":{"line":281,"column":4},"end":{"line":293,"column":null}},"118":{"start":{"line":282,"column":6},"end":{"line":282,"column":null}},"119":{"start":{"line":283,"column":19},"end":{"line":286,"column":null}},"120":{"start":{"line":287,"column":6},"end":{"line":287,"column":null}},"121":{"start":{"line":287,"column":21},"end":{"line":287,"column":null}},"122":{"start":{"line":288,"column":6},"end":{"line":288,"column":null}},"123":{"start":{"line":290,"column":6},"end":{"line":290,"column":null}},"124":{"start":{"line":292,"column":6},"end":{"line":292,"column":null}},"125":{"start":{"line":292,"column":59},"end":{"line":292,"column":null}},"126":{"start":{"line":295,"column":2},"end":{"line":295,"column":null}},"127":{"start":{"line":298,"column":26},"end":{"line":306,"column":null}},"128":{"start":{"line":299,"column":2},"end":{"line":299,"column":null}},"129":{"start":{"line":299,"column":37},"end":{"line":299,"column":null}},"130":{"start":{"line":300,"column":2},"end":{"line":305,"column":null}},"131":{"start":{"line":301,"column":19},"end":{"line":301,"column":null}},"132":{"start":{"line":302,"column":4},"end":{"line":302,"column":null}},"133":{"start":{"line":304,"column":4},"end":{"line":304,"column":null}},"134":{"start":{"line":308,"column":25},"end":{"line":313,"column":null}},"135":{"start":{"line":309,"column":2},"end":{"line":309,"column":null}},"136":{"start":{"line":309,"column":33},"end":{"line":309,"column":null}},"137":{"start":{"line":310,"column":18},"end":{"line":310,"column":null}},"138":{"start":{"line":311,"column":17},"end":{"line":311,"column":null}},"139":{"start":{"line":312,"column":2},"end":{"line":312,"column":null}},"140":{"start":{"line":315,"column":26},"end":{"line":336,"column":null}},"141":{"start":{"line":321,"column":2},"end":{"line":321,"column":null}},"142":{"start":{"line":321,"column":18},"end":{"line":321,"column":null}},"143":{"start":{"line":322,"column":18},"end":{"line":322,"column":null}},"144":{"start":{"line":323,"column":19},"end":{"line":323,"column":null}},"145":{"start":{"line":324,"column":2},"end":{"line":324,"column":null}},"146":{"start":{"line":324,"column":45},"end":{"line":324,"column":null}},"147":{"start":{"line":326,"column":2},"end":{"line":329,"column":null}},"148":{"start":{"line":327,"column":4},"end":{"line":327,"column":null}},"149":{"start":{"line":327,"column":25},"end":{"line":327,"column":null}},"150":{"start":{"line":328,"column":4},"end":{"line":328,"column":null}},"151":{"start":{"line":328,"column":26},"end":{"line":328,"column":null}},"152":{"start":{"line":331,"column":2},"end":{"line":333,"column":null}},"153":{"start":{"line":332,"column":4},"end":{"line":332,"column":null}},"154":{"start":{"line":335,"column":2},"end":{"line":335,"column":null}},"155":{"start":{"line":338,"column":26},"end":{"line":347,"column":null}},"156":{"start":{"line":342,"column":2},"end":{"line":342,"column":null}},"157":{"start":{"line":342,"column":18},"end":{"line":342,"column":null}},"158":{"start":{"line":343,"column":18},"end":{"line":343,"column":null}},"159":{"start":{"line":344,"column":19},"end":{"line":344,"column":null}},"160":{"start":{"line":345,"column":2},"end":{"line":345,"column":null}},"161":{"start":{"line":345,"column":29},"end":{"line":345,"column":null}},"162":{"start":{"line":346,"column":2},"end":{"line":346,"column":null}},"163":{"start":{"line":367,"column":24},"end":{"line":512,"column":null}},"164":{"start":{"line":371,"column":31},"end":{"line":371,"column":null}},"165":{"start":{"line":373,"column":20},"end":{"line":447,"column":null}},"166":{"start":{"line":381,"column":20},"end":{"line":381,"column":null}},"167":{"start":{"line":382,"column":19},"end":{"line":382,"column":null}},"168":{"start":{"line":383,"column":19},"end":{"line":383,"column":null}},"169":{"start":{"line":384,"column":19},"end":{"line":384,"column":null}},"170":{"start":{"line":385,"column":24},"end":{"line":385,"column":null}},"171":{"start":{"line":386,"column":25},"end":{"line":386,"column":null}},"172":{"start":{"line":387,"column":24},"end":{"line":387,"column":null}},"173":{"start":{"line":389,"column":4},"end":{"line":425,"column":null}},"174":{"start":{"line":390,"column":23},"end":{"line":390,"column":null}},"175":{"start":{"line":391,"column":23},"end":{"line":391,"column":null}},"176":{"start":{"line":393,"column":6},"end":{"line":394,"column":null}},"177":{"start":{"line":394,"column":8},"end":{"line":394,"column":null}},"178":{"start":{"line":396,"column":19},"end":{"line":396,"column":null}},"179":{"start":{"line":397,"column":6},"end":{"line":397,"column":null}},"180":{"start":{"line":397,"column":33},"end":{"line":397,"column":null}},"181":{"start":{"line":399,"column":24},"end":{"line":399,"column":null}},"182":{"start":{"line":400,"column":25},"end":{"line":400,"column":null}},"183":{"start":{"line":402,"column":6},"end":{"line":402,"column":null}},"184":{"start":{"line":402,"column":37},"end":{"line":402,"column":null}},"185":{"start":{"line":405,"column":8},"end":{"line":407,"column":null}},"186":{"start":{"line":409,"column":6},"end":{"line":411,"column":null}},"187":{"start":{"line":410,"column":8},"end":{"line":410,"column":null}},"188":{"start":{"line":414,"column":12},"end":{"line":415,"column":null}},"189":{"start":{"line":417,"column":6},"end":{"line":424,"column":null}},"190":{"start":{"line":418,"column":8},"end":{"line":418,"column":null}},"191":{"start":{"line":419,"column":8},"end":{"line":419,"column":null}},"192":{"start":{"line":420,"column":8},"end":{"line":420,"column":null}},"193":{"start":{"line":421,"column":8},"end":{"line":421,"column":null}},"194":{"start":{"line":422,"column":8},"end":{"line":422,"column":null}},"195":{"start":{"line":423,"column":8},"end":{"line":423,"column":null}},"196":{"start":{"line":427,"column":4},"end":{"line":446,"column":null}},"197":{"start":{"line":429,"column":8},"end":{"line":431,"column":null}},"198":{"start":{"line":433,"column":6},"end":{"line":445,"column":null}},"199":{"start":{"line":449,"column":2},"end":{"line":456,"column":null}},"200":{"start":{"line":454,"column":11},"end":{"line":454,"column":null}},"201":{"start":{"line":455,"column":11},"end":{"line":455,"column":null}},"202":{"start":{"line":457,"column":2},"end":{"line":464,"column":null}},"203":{"start":{"line":462,"column":11},"end":{"line":462,"column":null}},"204":{"start":{"line":463,"column":11},"end":{"line":463,"column":null}},"205":{"start":{"line":465,"column":2},"end":{"line":472,"column":null}},"206":{"start":{"line":470,"column":10},"end":{"line":470,"column":null}},"207":{"start":{"line":471,"column":11},"end":{"line":471,"column":null}},"208":{"start":{"line":473,"column":2},"end":{"line":480,"column":null}},"209":{"start":{"line":478,"column":10},"end":{"line":478,"column":null}},"210":{"start":{"line":479,"column":11},"end":{"line":479,"column":null}},"211":{"start":{"line":483,"column":2},"end":{"line":492,"column":null}},"212":{"start":{"line":484,"column":4},"end":{"line":491,"column":null}},"213":{"start":{"line":489,"column":12},"end":{"line":489,"column":null}},"214":{"start":{"line":490,"column":13},"end":{"line":490,"column":null}},"215":{"start":{"line":494,"column":2},"end":{"line":501,"column":null}},"216":{"start":{"line":499,"column":11},"end":{"line":499,"column":null}},"217":{"start":{"line":500,"column":11},"end":{"line":500,"column":null}},"218":{"start":{"line":502,"column":2},"end":{"line":509,"column":null}},"219":{"start":{"line":507,"column":11},"end":{"line":507,"column":null}},"220":{"start":{"line":508,"column":11},"end":{"line":508,"column":null}},"221":{"start":{"line":511,"column":2},"end":{"line":511,"column":null}},"222":{"start":{"line":518,"column":24},"end":{"line":533,"column":null}},"223":{"start":{"line":535,"column":42},"end":{"line":571,"column":null}},"224":{"start":{"line":538,"column":17},"end":{"line":538,"column":null}},"225":{"start":{"line":540,"column":19},"end":{"line":555,"column":null}},"226":{"start":{"line":557,"column":30},"end":{"line":568,"column":null}},"227":{"start":{"line":570,"column":2},"end":{"line":570,"column":null}},"228":{"start":{"line":593,"column":36},"end":{"line":621,"column":null}},"229":{"start":{"line":623,"column":24},"end":{"line":624,"column":null}},"230":{"start":{"line":624,"column":2},"end":{"line":624,"column":null}},"231":{"start":{"line":626,"column":32},"end":{"line":632,"column":null}},"232":{"start":{"line":627,"column":2},"end":{"line":627,"column":null}},"233":{"start":{"line":627,"column":14},"end":{"line":627,"column":null}},"234":{"start":{"line":628,"column":16},"end":{"line":628,"column":null}},"235":{"start":{"line":629,"column":2},"end":{"line":630,"column":null}},"236":{"start":{"line":630,"column":4},"end":{"line":630,"column":null}},"237":{"start":{"line":631,"column":2},"end":{"line":631,"column":null}},"238":{"start":{"line":634,"column":27},"end":{"line":643,"column":null}},"239":{"start":{"line":637,"column":2},"end":{"line":637,"column":null}},"240":{"start":{"line":637,"column":14},"end":{"line":637,"column":null}},"241":{"start":{"line":638,"column":21},"end":{"line":638,"column":null}},"242":{"start":{"line":639,"column":2},"end":{"line":639,"column":null}},"243":{"start":{"line":639,"column":34},"end":{"line":639,"column":null}},"244":{"start":{"line":640,"column":2},"end":{"line":640,"column":null}},"245":{"start":{"line":640,"column":31},"end":{"line":640,"column":null}},"246":{"start":{"line":641,"column":2},"end":{"line":641,"column":null}},"247":{"start":{"line":641,"column":30},"end":{"line":641,"column":null}},"248":{"start":{"line":642,"column":2},"end":{"line":642,"column":null}},"249":{"start":{"line":645,"column":27},"end":{"line":649,"column":null}},"250":{"start":{"line":646,"column":2},"end":{"line":646,"column":null}},"251":{"start":{"line":646,"column":13},"end":{"line":646,"column":null}},"252":{"start":{"line":647,"column":20},"end":{"line":647,"column":null}},"253":{"start":{"line":648,"column":2},"end":{"line":648,"column":null}},"254":{"start":{"line":651,"column":26},"end":{"line":655,"column":null}},"255":{"start":{"line":652,"column":2},"end":{"line":652,"column":null}},"256":{"start":{"line":652,"column":19},"end":{"line":652,"column":null}},"257":{"start":{"line":653,"column":2},"end":{"line":653,"column":null}},"258":{"start":{"line":653,"column":19},"end":{"line":653,"column":null}},"259":{"start":{"line":654,"column":2},"end":{"line":654,"column":null}},"260":{"start":{"line":657,"column":26},"end":{"line":673,"column":null}},"261":{"start":{"line":658,"column":2},"end":{"line":668,"column":null}},"262":{"start":{"line":659,"column":4},"end":{"line":666,"column":null}},"263":{"start":{"line":660,"column":37},"end":{"line":664,"column":null}},"264":{"start":{"line":665,"column":6},"end":{"line":665,"column":null}},"265":{"start":{"line":667,"column":4},"end":{"line":667,"column":null}},"266":{"start":{"line":669,"column":2},"end":{"line":671,"column":null}},"267":{"start":{"line":670,"column":4},"end":{"line":670,"column":null}},"268":{"start":{"line":672,"column":2},"end":{"line":672,"column":null}},"269":{"start":{"line":675,"column":27},"end":{"line":686,"column":null}},"270":{"start":{"line":680,"column":16},"end":{"line":680,"column":null}},"271":{"start":{"line":681,"column":2},"end":{"line":683,"column":null}},"272":{"start":{"line":682,"column":4},"end":{"line":682,"column":null}},"273":{"start":{"line":684,"column":2},"end":{"line":684,"column":null}},"274":{"start":{"line":684,"column":23},"end":{"line":684,"column":null}},"275":{"start":{"line":685,"column":2},"end":{"line":685,"column":null}},"276":{"start":{"line":688,"column":27},"end":{"line":977,"column":null}},"277":{"start":{"line":697,"column":24},"end":{"line":697,"column":null}},"278":{"start":{"line":699,"column":2},"end":{"line":709,"column":null}},"279":{"start":{"line":700,"column":4},"end":{"line":708,"column":null}},"280":{"start":{"line":711,"column":19},"end":{"line":711,"column":null}},"281":{"start":{"line":712,"column":2},"end":{"line":722,"column":null}},"282":{"start":{"line":713,"column":4},"end":{"line":721,"column":null}},"283":{"start":{"line":724,"column":21},"end":{"line":733,"column":null}},"284":{"start":{"line":725,"column":28},"end":{"line":729,"column":null}},"285":{"start":{"line":730,"column":31},"end":{"line":730,"column":null}},"286":{"start":{"line":731,"column":17},"end":{"line":731,"column":null}},"287":{"start":{"line":732,"column":4},"end":{"line":732,"column":null}},"288":{"start":{"line":735,"column":15},"end":{"line":735,"column":null}},"289":{"start":{"line":735,"column":41},"end":{"line":735,"column":56}},"290":{"start":{"line":736,"column":2},"end":{"line":750,"column":null}},"291":{"start":{"line":737,"column":4},"end":{"line":749,"column":null}},"292":{"start":{"line":752,"column":19},"end":{"line":752,"column":null}},"293":{"start":{"line":754,"column":4},"end":{"line":756,"column":null}},"294":{"start":{"line":759,"column":4},"end":{"line":763,"column":null}},"295":{"start":{"line":765,"column":15},"end":{"line":765,"column":null}},"296":{"start":{"line":767,"column":4},"end":{"line":769,"column":null}},"297":{"start":{"line":775,"column":2},"end":{"line":790,"column":null}},"298":{"start":{"line":776,"column":4},"end":{"line":779,"column":null}},"299":{"start":{"line":782,"column":4},"end":{"line":782,"column":null}},"300":{"start":{"line":783,"column":4},"end":{"line":786,"column":null}},"301":{"start":{"line":788,"column":4},"end":{"line":788,"column":null}},"302":{"start":{"line":789,"column":4},"end":{"line":789,"column":null}},"303":{"start":{"line":793,"column":18},"end":{"line":793,"column":null}},"304":{"start":{"line":795,"column":24},"end":{"line":797,"column":null}},"305":{"start":{"line":796,"column":51},"end":{"line":796,"column":86}},"306":{"start":{"line":798,"column":24},"end":{"line":800,"column":null}},"307":{"start":{"line":799,"column":51},"end":{"line":799,"column":86}},"308":{"start":{"line":802,"column":17},"end":{"line":824,"column":null}},"309":{"start":{"line":836,"column":2},"end":{"line":874,"column":null}},"310":{"start":{"line":837,"column":21},"end":{"line":849,"column":null}},"311":{"start":{"line":850,"column":4},"end":{"line":859,"column":null}},"312":{"start":{"line":861,"column":4},"end":{"line":873,"column":null}},"313":{"start":{"line":877,"column":2},"end":{"line":900,"column":null}},"314":{"start":{"line":878,"column":32},"end":{"line":881,"column":null}},"315":{"start":{"line":879,"column":49},"end":{"line":879,"column":74}},"316":{"start":{"line":880,"column":49},"end":{"line":880,"column":74}},"317":{"start":{"line":883,"column":10},"end":{"line":883,"column":null}},"318":{"start":{"line":886,"column":22},"end":{"line":886,"column":null}},"319":{"start":{"line":887,"column":4},"end":{"line":899,"column":null}},"320":{"start":{"line":888,"column":6},"end":{"line":898,"column":null}},"321":{"start":{"line":888,"column":75},"end":{"line":888,"column":92}},"322":{"start":{"line":889,"column":8},"end":{"line":897,"column":null}},"323":{"start":{"line":902,"column":24},"end":{"line":902,"column":null}},"324":{"start":{"line":903,"column":30},"end":{"line":903,"column":null}},"325":{"start":{"line":904,"column":26},"end":{"line":904,"column":null}},"326":{"start":{"line":905,"column":20},"end":{"line":905,"column":null}},"327":{"start":{"line":908,"column":4},"end":{"line":910,"column":null}},"328":{"start":{"line":912,"column":19},"end":{"line":912,"column":null}},"329":{"start":{"line":914,"column":4},"end":{"line":916,"column":null}},"330":{"start":{"line":917,"column":18},"end":{"line":920,"column":null}},"331":{"start":{"line":926,"column":2},"end":{"line":933,"column":null}},"332":{"start":{"line":927,"column":27},"end":{"line":927,"column":null}},"333":{"start":{"line":928,"column":10},"end":{"line":928,"column":null}},"334":{"start":{"line":929,"column":4},"end":{"line":932,"column":null}},"335":{"start":{"line":930,"column":6},"end":{"line":930,"column":null}},"336":{"start":{"line":931,"column":6},"end":{"line":931,"column":null}},"337":{"start":{"line":935,"column":2},"end":{"line":976,"column":null}},"338":{"start":{"line":979,"column":39},"end":{"line":1149,"column":null}},"339":{"start":{"line":984,"column":24},"end":{"line":984,"column":null}},"340":{"start":{"line":986,"column":16},"end":{"line":986,"column":null}},"341":{"start":{"line":987,"column":2},"end":{"line":994,"column":null}},"342":{"start":{"line":988,"column":4},"end":{"line":993,"column":null}},"343":{"start":{"line":996,"column":22},"end":{"line":996,"column":null}},"344":{"start":{"line":998,"column":25},"end":{"line":998,"column":null}},"345":{"start":{"line":999,"column":18},"end":{"line":999,"column":null}},"346":{"start":{"line":1001,"column":2},"end":{"line":1003,"column":null}},"347":{"start":{"line":1002,"column":4},"end":{"line":1002,"column":null}},"348":{"start":{"line":1005,"column":2},"end":{"line":1012,"column":null}},"349":{"start":{"line":1006,"column":4},"end":{"line":1011,"column":null}},"350":{"start":{"line":1014,"column":19},"end":{"line":1014,"column":null}},"351":{"start":{"line":1016,"column":23},"end":{"line":1018,"column":null}},"352":{"start":{"line":1017,"column":11},"end":{"line":1017,"column":null}},"353":{"start":{"line":1020,"column":25},"end":{"line":1020,"column":null}},"354":{"start":{"line":1022,"column":2},"end":{"line":1032,"column":null}},"355":{"start":{"line":1023,"column":4},"end":{"line":1031,"column":null}},"356":{"start":{"line":1034,"column":2},"end":{"line":1038,"column":null}},"357":{"start":{"line":1041,"column":4},"end":{"line":1041,"column":null}},"358":{"start":{"line":1043,"column":22},"end":{"line":1043,"column":null}},"359":{"start":{"line":1044,"column":2},"end":{"line":1054,"column":null}},"360":{"start":{"line":1045,"column":4},"end":{"line":1053,"column":null}},"361":{"start":{"line":1060,"column":2},"end":{"line":1076,"column":null}},"362":{"start":{"line":1061,"column":4},"end":{"line":1064,"column":null}},"363":{"start":{"line":1067,"column":4},"end":{"line":1067,"column":null}},"364":{"start":{"line":1068,"column":4},"end":{"line":1071,"column":null}},"365":{"start":{"line":1072,"column":2},"end":{"line":1076,"column":null}},"366":{"start":{"line":1073,"column":4},"end":{"line":1073,"column":null}},"367":{"start":{"line":1074,"column":4},"end":{"line":1074,"column":null}},"368":{"start":{"line":1075,"column":4},"end":{"line":1075,"column":null}},"369":{"start":{"line":1078,"column":19},"end":{"line":1083,"column":null}},"370":{"start":{"line":1084,"column":19},"end":{"line":1084,"column":null}},"371":{"start":{"line":1086,"column":2},"end":{"line":1099,"column":null}},"372":{"start":{"line":1087,"column":4},"end":{"line":1098,"column":null}},"373":{"start":{"line":1102,"column":4},"end":{"line":1106,"column":null}},"374":{"start":{"line":1109,"column":4},"end":{"line":1111,"column":null}},"375":{"start":{"line":1117,"column":2},"end":{"line":1124,"column":null}},"376":{"start":{"line":1118,"column":27},"end":{"line":1118,"column":null}},"377":{"start":{"line":1119,"column":10},"end":{"line":1119,"column":null}},"378":{"start":{"line":1120,"column":4},"end":{"line":1123,"column":null}},"379":{"start":{"line":1121,"column":6},"end":{"line":1121,"column":null}},"380":{"start":{"line":1122,"column":6},"end":{"line":1122,"column":null}},"381":{"start":{"line":1126,"column":2},"end":{"line":1148,"column":null}},"382":{"start":{"line":1155,"column":29},"end":{"line":1255,"column":null}},"383":{"start":{"line":1158,"column":17},"end":{"line":1158,"column":null}},"384":{"start":{"line":1159,"column":2},"end":{"line":1167,"column":null}},"385":{"start":{"line":1160,"column":4},"end":{"line":1166,"column":null}},"386":{"start":{"line":1169,"column":18},"end":{"line":1169,"column":null}},"387":{"start":{"line":1170,"column":23},"end":{"line":1174,"column":null}},"388":{"start":{"line":1176,"column":17},"end":{"line":1177,"column":null}},"389":{"start":{"line":1196,"column":2},"end":{"line":1254,"column":null}},"390":{"start":{"line":1197,"column":21},"end":{"line":1207,"column":null}},"391":{"start":{"line":1209,"column":4},"end":{"line":1216,"column":null}},"392":{"start":{"line":1218,"column":4},"end":{"line":1218,"column":null}},"393":{"start":{"line":1221,"column":4},"end":{"line":1253,"column":null}},"394":{"start":{"line":1222,"column":23},"end":{"line":1231,"column":null}},"395":{"start":{"line":1233,"column":6},"end":{"line":1240,"column":null}},"396":{"start":{"line":1242,"column":6},"end":{"line":1242,"column":null}},"397":{"start":{"line":1243,"column":12},"end":{"line":1244,"column":null}},"398":{"start":{"line":1245,"column":6},"end":{"line":1252,"column":null}},"399":{"start":{"line":1257,"column":32},"end":{"line":1276,"column":null}},"400":{"start":{"line":1262,"column":2},"end":{"line":1263,"column":null}},"401":{"start":{"line":1263,"column":4},"end":{"line":1263,"column":null}},"402":{"start":{"line":1265,"column":13},"end":{"line":1265,"column":null}},"403":{"start":{"line":1266,"column":13},"end":{"line":1266,"column":null}},"404":{"start":{"line":1267,"column":2},"end":{"line":1267,"column":null}},"405":{"start":{"line":1267,"column":30},"end":{"line":1267,"column":null}},"406":{"start":{"line":1269,"column":2},"end":{"line":1271,"column":null}},"407":{"start":{"line":1270,"column":4},"end":{"line":1270,"column":null}},"408":{"start":{"line":1272,"column":2},"end":{"line":1274,"column":null}},"409":{"start":{"line":1273,"column":4},"end":{"line":1273,"column":null}},"410":{"start":{"line":1275,"column":2},"end":{"line":1275,"column":null}},"411":{"start":{"line":1279,"column":29},"end":{"line":1294,"column":null}}},"fnMap":{"0":{"name":"(anonymous_0)","decl":{"start":{"line":17,"column":27},"end":{"line":17,"column":null}},"loc":{"start":{"line":18,"column":2},"end":{"line":18,"column":null}},"line":18},"1":{"name":"(anonymous_1)","decl":{"start":{"line":20,"column":31},"end":{"line":20,"column":32}},"loc":{"start":{"line":20,"column":58},"end":{"line":20,"column":null}},"line":20},"2":{"name":"(anonymous_2)","decl":{"start":{"line":68,"column":20},"end":{"line":68,"column":21}},"loc":{"start":{"line":68,"column":73},"end":{"line":75,"column":null}},"line":68},"3":{"name":"(anonymous_3)","decl":{"start":{"line":77,"column":23},"end":{"line":77,"column":24}},"loc":{"start":{"line":77,"column":72},"end":{"line":82,"column":null}},"line":77},"4":{"name":"(anonymous_4)","decl":{"start":{"line":88,"column":28},"end":{"line":88,"column":29}},"loc":{"start":{"line":88,"column":63},"end":{"line":103,"column":null}},"line":88},"5":{"name":"(anonymous_5)","decl":{"start":{"line":106,"column":36},"end":{"line":106,"column":37}},"loc":{"start":{"line":106,"column":71},"end":{"line":129,"column":null}},"line":106},"6":{"name":"(anonymous_6)","decl":{"start":{"line":131,"column":37},"end":{"line":131,"column":38}},"loc":{"start":{"line":131,"column":72},"end":{"line":140,"column":null}},"line":131},"7":{"name":"(anonymous_7)","decl":{"start":{"line":142,"column":34},"end":{"line":142,"column":null}},"loc":{"start":{"line":145,"column":39},"end":{"line":156,"column":null}},"line":145},"8":{"name":"(anonymous_8)","decl":{"start":{"line":160,"column":27},"end":{"line":160,"column":28}},"loc":{"start":{"line":160,"column":53},"end":{"line":162,"column":null}},"line":160},"9":{"name":"(anonymous_9)","decl":{"start":{"line":164,"column":34},"end":{"line":164,"column":null}},"loc":{"start":{"line":167,"column":13},"end":{"line":174,"column":null}},"line":167},"10":{"name":"(anonymous_10)","decl":{"start":{"line":176,"column":33},"end":{"line":176,"column":null}},"loc":{"start":{"line":179,"column":13},"end":{"line":184,"column":null}},"line":179},"11":{"name":"(anonymous_11)","decl":{"start":{"line":186,"column":32},"end":{"line":186,"column":null}},"loc":{"start":{"line":188,"column":46},"end":{"line":216,"column":null}},"line":188},"12":{"name":"(anonymous_12)","decl":{"start":{"line":222,"column":26},"end":{"line":222,"column":null}},"loc":{"start":{"line":225,"column":10},"end":{"line":252,"column":null}},"line":225},"13":{"name":"(anonymous_13)","decl":{"start":{"line":254,"column":21},"end":{"line":254,"column":22}},"loc":{"start":{"line":254,"column":54},"end":{"line":267,"column":null}},"line":254},"14":{"name":"(anonymous_14)","decl":{"start":{"line":255,"column":21},"end":{"line":255,"column":22}},"loc":{"start":{"line":255,"column":42},"end":{"line":266,"column":3}},"line":255},"15":{"name":"(anonymous_15)","decl":{"start":{"line":258,"column":20},"end":{"line":258,"column":26}},"loc":{"start":{"line":258,"column":26},"end":{"line":264,"column":null}},"line":258},"16":{"name":"(anonymous_16)","decl":{"start":{"line":265,"column":21},"end":{"line":265,"column":22}},"loc":{"start":{"line":265,"column":32},"end":{"line":265,"column":null}},"line":265},"17":{"name":"(anonymous_17)","decl":{"start":{"line":270,"column":36},"end":{"line":270,"column":null}},"loc":{"start":{"line":273,"column":5},"end":{"line":296,"column":null}},"line":273},"18":{"name":"(anonymous_18)","decl":{"start":{"line":298,"column":26},"end":{"line":298,"column":27}},"loc":{"start":{"line":298,"column":46},"end":{"line":306,"column":null}},"line":298},"19":{"name":"(anonymous_19)","decl":{"start":{"line":308,"column":25},"end":{"line":308,"column":26}},"loc":{"start":{"line":308,"column":60},"end":{"line":313,"column":null}},"line":308},"20":{"name":"(anonymous_20)","decl":{"start":{"line":315,"column":26},"end":{"line":315,"column":null}},"loc":{"start":{"line":320,"column":14},"end":{"line":336,"column":null}},"line":320},"21":{"name":"(anonymous_21)","decl":{"start":{"line":338,"column":26},"end":{"line":338,"column":null}},"loc":{"start":{"line":341,"column":14},"end":{"line":347,"column":null}},"line":341},"22":{"name":"(anonymous_22)","decl":{"start":{"line":367,"column":24},"end":{"line":367,"column":null}},"loc":{"start":{"line":370,"column":18},"end":{"line":512,"column":null}},"line":370},"23":{"name":"(anonymous_23)","decl":{"start":{"line":373,"column":20},"end":{"line":373,"column":null}},"loc":{"start":{"line":380,"column":7},"end":{"line":447,"column":null}},"line":380},"24":{"name":"(anonymous_24)","decl":{"start":{"line":389,"column":22},"end":{"line":389,"column":23}},"loc":{"start":{"line":389,"column":32},"end":{"line":425,"column":5}},"line":389},"25":{"name":"(anonymous_25)","decl":{"start":{"line":454,"column":4},"end":{"line":454,"column":5}},"loc":{"start":{"line":454,"column":11},"end":{"line":454,"column":null}},"line":454},"26":{"name":"(anonymous_26)","decl":{"start":{"line":455,"column":4},"end":{"line":455,"column":5}},"loc":{"start":{"line":455,"column":11},"end":{"line":455,"column":null}},"line":455},"27":{"name":"(anonymous_27)","decl":{"start":{"line":462,"column":4},"end":{"line":462,"column":5}},"loc":{"start":{"line":462,"column":11},"end":{"line":462,"column":null}},"line":462},"28":{"name":"(anonymous_28)","decl":{"start":{"line":463,"column":4},"end":{"line":463,"column":5}},"loc":{"start":{"line":463,"column":11},"end":{"line":463,"column":null}},"line":463},"29":{"name":"(anonymous_29)","decl":{"start":{"line":470,"column":4},"end":{"line":470,"column":10}},"loc":{"start":{"line":470,"column":10},"end":{"line":470,"column":null}},"line":470},"30":{"name":"(anonymous_30)","decl":{"start":{"line":471,"column":4},"end":{"line":471,"column":5}},"loc":{"start":{"line":471,"column":11},"end":{"line":471,"column":null}},"line":471},"31":{"name":"(anonymous_31)","decl":{"start":{"line":478,"column":4},"end":{"line":478,"column":10}},"loc":{"start":{"line":478,"column":10},"end":{"line":478,"column":null}},"line":478},"32":{"name":"(anonymous_32)","decl":{"start":{"line":479,"column":4},"end":{"line":479,"column":5}},"loc":{"start":{"line":479,"column":11},"end":{"line":479,"column":null}},"line":479},"33":{"name":"(anonymous_33)","decl":{"start":{"line":489,"column":6},"end":{"line":489,"column":12}},"loc":{"start":{"line":489,"column":12},"end":{"line":489,"column":null}},"line":489},"34":{"name":"(anonymous_34)","decl":{"start":{"line":490,"column":6},"end":{"line":490,"column":7}},"loc":{"start":{"line":490,"column":13},"end":{"line":490,"column":null}},"line":490},"35":{"name":"(anonymous_35)","decl":{"start":{"line":499,"column":4},"end":{"line":499,"column":5}},"loc":{"start":{"line":499,"column":11},"end":{"line":499,"column":null}},"line":499},"36":{"name":"(anonymous_36)","decl":{"start":{"line":500,"column":4},"end":{"line":500,"column":5}},"loc":{"start":{"line":500,"column":11},"end":{"line":500,"column":null}},"line":500},"37":{"name":"(anonymous_37)","decl":{"start":{"line":507,"column":4},"end":{"line":507,"column":5}},"loc":{"start":{"line":507,"column":11},"end":{"line":507,"column":null}},"line":507},"38":{"name":"(anonymous_38)","decl":{"start":{"line":508,"column":4},"end":{"line":508,"column":5}},"loc":{"start":{"line":508,"column":11},"end":{"line":508,"column":null}},"line":508},"39":{"name":"(anonymous_39)","decl":{"start":{"line":535,"column":42},"end":{"line":535,"column":null}},"loc":{"start":{"line":537,"column":25},"end":{"line":571,"column":null}},"line":537},"40":{"name":"(anonymous_40)","decl":{"start":{"line":623,"column":24},"end":{"line":623,"column":25}},"loc":{"start":{"line":624,"column":2},"end":{"line":624,"column":null}},"line":624},"41":{"name":"(anonymous_41)","decl":{"start":{"line":626,"column":32},"end":{"line":626,"column":33}},"loc":{"start":{"line":626,"column":77},"end":{"line":632,"column":null}},"line":626},"42":{"name":"(anonymous_42)","decl":{"start":{"line":634,"column":27},"end":{"line":634,"column":null}},"loc":{"start":{"line":636,"column":46},"end":{"line":643,"column":null}},"line":636},"43":{"name":"(anonymous_43)","decl":{"start":{"line":645,"column":27},"end":{"line":645,"column":28}},"loc":{"start":{"line":645,"column":45},"end":{"line":649,"column":null}},"line":645},"44":{"name":"(anonymous_44)","decl":{"start":{"line":651,"column":26},"end":{"line":651,"column":27}},"loc":{"start":{"line":651,"column":72},"end":{"line":655,"column":null}},"line":651},"45":{"name":"(anonymous_45)","decl":{"start":{"line":657,"column":26},"end":{"line":657,"column":27}},"loc":{"start":{"line":657,"column":77},"end":{"line":673,"column":null}},"line":657},"46":{"name":"(anonymous_46)","decl":{"start":{"line":675,"column":27},"end":{"line":675,"column":null}},"loc":{"start":{"line":679,"column":5},"end":{"line":686,"column":null}},"line":679},"47":{"name":"(anonymous_47)","decl":{"start":{"line":688,"column":27},"end":{"line":688,"column":null}},"loc":{"start":{"line":696,"column":30},"end":{"line":977,"column":null}},"line":696},"48":{"name":"(anonymous_48)","decl":{"start":{"line":724,"column":34},"end":{"line":724,"column":35}},"loc":{"start":{"line":724,"column":41},"end":{"line":733,"column":3}},"line":724},"49":{"name":"(anonymous_49)","decl":{"start":{"line":735,"column":31},"end":{"line":735,"column":32}},"loc":{"start":{"line":735,"column":41},"end":{"line":735,"column":56}},"line":735},"50":{"name":"(anonymous_50)","decl":{"start":{"line":796,"column":46},"end":{"line":796,"column":51}},"loc":{"start":{"line":796,"column":51},"end":{"line":796,"column":86}},"line":796},"51":{"name":"(anonymous_51)","decl":{"start":{"line":799,"column":46},"end":{"line":799,"column":51}},"loc":{"start":{"line":799,"column":51},"end":{"line":799,"column":86}},"line":799},"52":{"name":"(anonymous_52)","decl":{"start":{"line":879,"column":44},"end":{"line":879,"column":49}},"loc":{"start":{"line":879,"column":49},"end":{"line":879,"column":74}},"line":879},"53":{"name":"(anonymous_53)","decl":{"start":{"line":880,"column":44},"end":{"line":880,"column":49}},"loc":{"start":{"line":880,"column":49},"end":{"line":880,"column":74}},"line":880},"54":{"name":"(anonymous_54)","decl":{"start":{"line":888,"column":69},"end":{"line":888,"column":75}},"loc":{"start":{"line":888,"column":75},"end":{"line":888,"column":92}},"line":888},"55":{"name":"(anonymous_55)","decl":{"start":{"line":979,"column":39},"end":{"line":979,"column":null}},"loc":{"start":{"line":983,"column":22},"end":{"line":1149,"column":null}},"line":983},"56":{"name":"(anonymous_56)","decl":{"start":{"line":1017,"column":4},"end":{"line":1017,"column":5}},"loc":{"start":{"line":1017,"column":11},"end":{"line":1017,"column":null}},"line":1017},"57":{"name":"(anonymous_57)","decl":{"start":{"line":1155,"column":29},"end":{"line":1155,"column":null}},"loc":{"start":{"line":1157,"column":26},"end":{"line":1255,"column":null}},"line":1157},"58":{"name":"(anonymous_58)","decl":{"start":{"line":1257,"column":32},"end":{"line":1257,"column":null}},"loc":{"start":{"line":1261,"column":14},"end":{"line":1276,"column":null}},"line":1261}},"branchMap":{"0":{"loc":{"start":{"line":70,"column":4},"end":{"line":72,"column":null}},"type":"if","locations":[{"start":{"line":70,"column":4},"end":{"line":72,"column":null}},{"start":{},"end":{}}],"line":70},"1":{"loc":{"start":{"line":70,"column":8},"end":{"line":70,"column":62}},"type":"binary-expr","locations":[{"start":{"line":70,"column":8},"end":{"line":70,"column":40}},{"start":{"line":70,"column":40},"end":{"line":70,"column":62}}],"line":70},"2":{"loc":{"start":{"line":78,"column":2},"end":{"line":78,"column":null}},"type":"if","locations":[{"start":{"line":78,"column":2},"end":{"line":78,"column":null}},{"start":{},"end":{}}],"line":78},"3":{"loc":{"start":{"line":80,"column":2},"end":{"line":80,"column":null}},"type":"if","locations":[{"start":{"line":80,"column":2},"end":{"line":80,"column":null}},{"start":{},"end":{}}],"line":80},"4":{"loc":{"start":{"line":89,"column":14},"end":{"line":89,"column":null}},"type":"cond-expr","locations":[{"start":{"line":89,"column":41},"end":{"line":89,"column":60}},{"start":{"line":89,"column":60},"end":{"line":89,"column":null}}],"line":89},"5":{"loc":{"start":{"line":90,"column":2},"end":{"line":90,"column":null}},"type":"if","locations":[{"start":{"line":90,"column":2},"end":{"line":90,"column":null}},{"start":{},"end":{}}],"line":90},"6":{"loc":{"start":{"line":92,"column":26},"end":{"line":92,"column":null}},"type":"binary-expr","locations":[{"start":{"line":92,"column":26},"end":{"line":92,"column":48}},{"start":{"line":92,"column":48},"end":{"line":92,"column":null}}],"line":92},"7":{"loc":{"start":{"line":94,"column":2},"end":{"line":100,"column":null}},"type":"if","locations":[{"start":{"line":94,"column":2},"end":{"line":100,"column":null}},{"start":{},"end":{}}],"line":94},"8":{"loc":{"start":{"line":95,"column":4},"end":{"line":99,"column":null}},"type":"if","locations":[{"start":{"line":95,"column":4},"end":{"line":99,"column":null}},{"start":{"line":97,"column":11},"end":{"line":99,"column":null}}],"line":95},"9":{"loc":{"start":{"line":107,"column":2},"end":{"line":107,"column":null}},"type":"if","locations":[{"start":{"line":107,"column":2},"end":{"line":107,"column":null}},{"start":{},"end":{}}],"line":107},"10":{"loc":{"start":{"line":107,"column":6},"end":{"line":107,"column":31}},"type":"binary-expr","locations":[{"start":{"line":107,"column":6},"end":{"line":107,"column":15}},{"start":{"line":107,"column":15},"end":{"line":107,"column":31}}],"line":107},"11":{"loc":{"start":{"line":109,"column":14},"end":{"line":109,"column":null}},"type":"cond-expr","locations":[{"start":{"line":109,"column":41},"end":{"line":109,"column":60}},{"start":{"line":109,"column":60},"end":{"line":109,"column":null}}],"line":109},"12":{"loc":{"start":{"line":110,"column":2},"end":{"line":110,"column":null}},"type":"if","locations":[{"start":{"line":110,"column":2},"end":{"line":110,"column":null}},{"start":{},"end":{}}],"line":110},"13":{"loc":{"start":{"line":113,"column":26},"end":{"line":113,"column":null}},"type":"binary-expr","locations":[{"start":{"line":113,"column":26},"end":{"line":113,"column":39}},{"start":{"line":113,"column":39},"end":{"line":113,"column":null}}],"line":113},"14":{"loc":{"start":{"line":115,"column":2},"end":{"line":124,"column":null}},"type":"if","locations":[{"start":{"line":115,"column":2},"end":{"line":124,"column":null}},{"start":{},"end":{}}],"line":115},"15":{"loc":{"start":{"line":117,"column":4},"end":{"line":123,"column":null}},"type":"if","locations":[{"start":{"line":117,"column":4},"end":{"line":123,"column":null}},{"start":{"line":120,"column":11},"end":{"line":123,"column":null}}],"line":117},"16":{"loc":{"start":{"line":128,"column":9},"end":{"line":128,"column":null}},"type":"cond-expr","locations":[{"start":{"line":128,"column":22},"end":{"line":128,"column":37}},{"start":{"line":128,"column":37},"end":{"line":128,"column":null}}],"line":128},"17":{"loc":{"start":{"line":133,"column":2},"end":{"line":133,"column":null}},"type":"if","locations":[{"start":{"line":133,"column":2},"end":{"line":133,"column":null}},{"start":{},"end":{}}],"line":133},"18":{"loc":{"start":{"line":133,"column":6},"end":{"line":133,"column":27}},"type":"binary-expr","locations":[{"start":{"line":133,"column":6},"end":{"line":133,"column":18}},{"start":{"line":133,"column":18},"end":{"line":133,"column":27}}],"line":133},"19":{"loc":{"start":{"line":135,"column":2},"end":{"line":139,"column":null}},"type":"if","locations":[{"start":{"line":135,"column":2},"end":{"line":139,"column":null}},{"start":{"line":137,"column":9},"end":{"line":139,"column":null}}],"line":135},"20":{"loc":{"start":{"line":150,"column":2},"end":{"line":150,"column":null}},"type":"if","locations":[{"start":{"line":150,"column":2},"end":{"line":150,"column":null}},{"start":{},"end":{}}],"line":150},"21":{"loc":{"start":{"line":161,"column":9},"end":{"line":161,"column":null}},"type":"cond-expr","locations":[{"start":{"line":161,"column":23},"end":{"line":161,"column":36}},{"start":{"line":161,"column":36},"end":{"line":161,"column":null}}],"line":161},"22":{"loc":{"start":{"line":171,"column":2},"end":{"line":171,"column":null}},"type":"if","locations":[{"start":{"line":171,"column":2},"end":{"line":171,"column":null}},{"start":{},"end":{}}],"line":171},"23":{"loc":{"start":{"line":171,"column":6},"end":{"line":171,"column":64}},"type":"binary-expr","locations":[{"start":{"line":171,"column":6},"end":{"line":171,"column":22}},{"start":{"line":171,"column":22},"end":{"line":171,"column":37}},{"start":{"line":171,"column":37},"end":{"line":171,"column":52}},{"start":{"line":171,"column":52},"end":{"line":171,"column":64}}],"line":171},"24":{"loc":{"start":{"line":182,"column":2},"end":{"line":182,"column":null}},"type":"if","locations":[{"start":{"line":182,"column":2},"end":{"line":182,"column":null}},{"start":{},"end":{}}],"line":182},"25":{"loc":{"start":{"line":182,"column":6},"end":{"line":182,"column":35}},"type":"binary-expr","locations":[{"start":{"line":182,"column":6},"end":{"line":182,"column":22}},{"start":{"line":182,"column":22},"end":{"line":182,"column":35}}],"line":182},"26":{"loc":{"start":{"line":189,"column":2},"end":{"line":189,"column":null}},"type":"if","locations":[{"start":{"line":189,"column":2},"end":{"line":189,"column":null}},{"start":{},"end":{}}],"line":189},"27":{"loc":{"start":{"line":194,"column":2},"end":{"line":206,"column":null}},"type":"switch","locations":[{"start":{"line":195,"column":4},"end":{"line":197,"column":null}},{"start":{"line":198,"column":4},"end":{"line":200,"column":null}},{"start":{"line":201,"column":4},"end":{"line":203,"column":null}},{"start":{"line":204,"column":4},"end":{"line":205,"column":null}}],"line":194},"28":{"loc":{"start":{"line":208,"column":2},"end":{"line":213,"column":null}},"type":"if","locations":[{"start":{"line":208,"column":2},"end":{"line":213,"column":null}},{"start":{},"end":{}}],"line":208},"29":{"loc":{"start":{"line":224,"column":2},"end":{"line":224,"column":null}},"type":"default-arg","locations":[{"start":{"line":224,"column":18},"end":{"line":224,"column":null}}],"line":224},"30":{"loc":{"start":{"line":226,"column":2},"end":{"line":229,"column":null}},"type":"if","locations":[{"start":{"line":226,"column":2},"end":{"line":229,"column":null}},{"start":{},"end":{}}],"line":226},"31":{"loc":{"start":{"line":240,"column":4},"end":{"line":245,"column":null}},"type":"if","locations":[{"start":{"line":240,"column":4},"end":{"line":245,"column":null}},{"start":{"line":242,"column":11},"end":{"line":245,"column":null}}],"line":240},"32":{"loc":{"start":{"line":240,"column":8},"end":{"line":240,"column":47}},"type":"binary-expr","locations":[{"start":{"line":240,"column":8},"end":{"line":240,"column":29}},{"start":{"line":240,"column":29},"end":{"line":240,"column":47}}],"line":240},"33":{"loc":{"start":{"line":260,"column":6},"end":{"line":262,"column":null}},"type":"if","locations":[{"start":{"line":260,"column":6},"end":{"line":262,"column":null}},{"start":{},"end":{}}],"line":260},"34":{"loc":{"start":{"line":260,"column":10},"end":{"line":260,"column":45}},"type":"binary-expr","locations":[{"start":{"line":260,"column":10},"end":{"line":260,"column":21}},{"start":{"line":260,"column":21},"end":{"line":260,"column":45}}],"line":260},"35":{"loc":{"start":{"line":263,"column":14},"end":{"line":263,"column":27}},"type":"binary-expr","locations":[{"start":{"line":263,"column":14},"end":{"line":263,"column":25}},{"start":{"line":263,"column":25},"end":{"line":263,"column":27}}],"line":263},"36":{"loc":{"start":{"line":276,"column":23},"end":{"line":278,"column":null}},"type":"cond-expr","locations":[{"start":{"line":277,"column":6},"end":{"line":277,"column":null}},{"start":{"line":278,"column":6},"end":{"line":278,"column":null}}],"line":276},"37":{"loc":{"start":{"line":287,"column":6},"end":{"line":287,"column":null}},"type":"if","locations":[{"start":{"line":287,"column":6},"end":{"line":287,"column":null}},{"start":{},"end":{}}],"line":287},"38":{"loc":{"start":{"line":290,"column":48},"end":{"line":290,"column":62}},"type":"binary-expr","locations":[{"start":{"line":290,"column":48},"end":{"line":290,"column":61}},{"start":{"line":290,"column":61},"end":{"line":290,"column":62}}],"line":290},"39":{"loc":{"start":{"line":292,"column":6},"end":{"line":292,"column":null}},"type":"if","locations":[{"start":{"line":292,"column":6},"end":{"line":292,"column":null}},{"start":{},"end":{}}],"line":292},"40":{"loc":{"start":{"line":299,"column":2},"end":{"line":299,"column":null}},"type":"if","locations":[{"start":{"line":299,"column":2},"end":{"line":299,"column":null}},{"start":{},"end":{}}],"line":299},"41":{"loc":{"start":{"line":302,"column":11},"end":{"line":302,"column":null}},"type":"cond-expr","locations":[{"start":{"line":302,"column":20},"end":{"line":302,"column":41}},{"start":{"line":302,"column":41},"end":{"line":302,"column":null}}],"line":302},"42":{"loc":{"start":{"line":309,"column":2},"end":{"line":309,"column":null}},"type":"if","locations":[{"start":{"line":309,"column":2},"end":{"line":309,"column":null}},{"start":{},"end":{}}],"line":309},"43":{"loc":{"start":{"line":309,"column":6},"end":{"line":309,"column":33}},"type":"binary-expr","locations":[{"start":{"line":309,"column":6},"end":{"line":309,"column":16}},{"start":{"line":309,"column":16},"end":{"line":309,"column":33}}],"line":309},"44":{"loc":{"start":{"line":312,"column":9},"end":{"line":312,"column":null}},"type":"cond-expr","locations":[{"start":{"line":312,"column":35},"end":{"line":312,"column":44}},{"start":{"line":312,"column":44},"end":{"line":312,"column":null}}],"line":312},"45":{"loc":{"start":{"line":321,"column":2},"end":{"line":321,"column":null}},"type":"if","locations":[{"start":{"line":321,"column":2},"end":{"line":321,"column":null}},{"start":{},"end":{}}],"line":321},"46":{"loc":{"start":{"line":324,"column":2},"end":{"line":324,"column":null}},"type":"if","locations":[{"start":{"line":324,"column":2},"end":{"line":324,"column":null}},{"start":{},"end":{}}],"line":324},"47":{"loc":{"start":{"line":324,"column":6},"end":{"line":324,"column":45}},"type":"binary-expr","locations":[{"start":{"line":324,"column":6},"end":{"line":324,"column":26}},{"start":{"line":324,"column":26},"end":{"line":324,"column":45}}],"line":324},"48":{"loc":{"start":{"line":326,"column":2},"end":{"line":329,"column":null}},"type":"if","locations":[{"start":{"line":326,"column":2},"end":{"line":329,"column":null}},{"start":{},"end":{}}],"line":326},"49":{"loc":{"start":{"line":327,"column":4},"end":{"line":327,"column":null}},"type":"if","locations":[{"start":{"line":327,"column":4},"end":{"line":327,"column":null}},{"start":{},"end":{}}],"line":327},"50":{"loc":{"start":{"line":328,"column":4},"end":{"line":328,"column":null}},"type":"if","locations":[{"start":{"line":328,"column":4},"end":{"line":328,"column":null}},{"start":{},"end":{}}],"line":328},"51":{"loc":{"start":{"line":331,"column":2},"end":{"line":333,"column":null}},"type":"if","locations":[{"start":{"line":331,"column":2},"end":{"line":333,"column":null}},{"start":{},"end":{}}],"line":331},"52":{"loc":{"start":{"line":342,"column":2},"end":{"line":342,"column":null}},"type":"if","locations":[{"start":{"line":342,"column":2},"end":{"line":342,"column":null}},{"start":{},"end":{}}],"line":342},"53":{"loc":{"start":{"line":345,"column":2},"end":{"line":345,"column":null}},"type":"if","locations":[{"start":{"line":345,"column":2},"end":{"line":345,"column":null}},{"start":{},"end":{}}],"line":345},"54":{"loc":{"start":{"line":345,"column":6},"end":{"line":345,"column":29}},"type":"binary-expr","locations":[{"start":{"line":345,"column":6},"end":{"line":345,"column":18}},{"start":{"line":345,"column":18},"end":{"line":345,"column":29}}],"line":345},"55":{"loc":{"start":{"line":393,"column":6},"end":{"line":394,"column":null}},"type":"if","locations":[{"start":{"line":393,"column":6},"end":{"line":394,"column":null}},{"start":{},"end":{}}],"line":393},"56":{"loc":{"start":{"line":393,"column":10},"end":{"line":393,"column":null}},"type":"binary-expr","locations":[{"start":{"line":393,"column":10},"end":{"line":393,"column":23}},{"start":{"line":393,"column":23},"end":{"line":393,"column":45}},{"start":{"line":393,"column":45},"end":{"line":393,"column":59}},{"start":{"line":393,"column":59},"end":{"line":393,"column":null}}],"line":393},"57":{"loc":{"start":{"line":397,"column":6},"end":{"line":397,"column":null}},"type":"if","locations":[{"start":{"line":397,"column":6},"end":{"line":397,"column":null}},{"start":{},"end":{}}],"line":397},"58":{"loc":{"start":{"line":402,"column":6},"end":{"line":402,"column":null}},"type":"if","locations":[{"start":{"line":402,"column":6},"end":{"line":402,"column":null}},{"start":{},"end":{}}],"line":402},"59":{"loc":{"start":{"line":405,"column":8},"end":{"line":407,"column":null}},"type":"cond-expr","locations":[{"start":{"line":406,"column":12},"end":{"line":406,"column":null}},{"start":{"line":407,"column":12},"end":{"line":407,"column":null}}],"line":405},"60":{"loc":{"start":{"line":406,"column":12},"end":{"line":406,"column":null}},"type":"binary-expr","locations":[{"start":{"line":406,"column":12},"end":{"line":406,"column":30}},{"start":{"line":406,"column":30},"end":{"line":406,"column":49}},{"start":{"line":406,"column":49},"end":{"line":406,"column":null}}],"line":406},"61":{"loc":{"start":{"line":409,"column":6},"end":{"line":411,"column":null}},"type":"if","locations":[{"start":{"line":409,"column":6},"end":{"line":411,"column":null}},{"start":{},"end":{}}],"line":409},"62":{"loc":{"start":{"line":415,"column":9},"end":{"line":415,"column":53}},"type":"cond-expr","locations":[{"start":{"line":415,"column":31},"end":{"line":415,"column":48}},{"start":{"line":415,"column":48},"end":{"line":415,"column":53}}],"line":415},"63":{"loc":{"start":{"line":417,"column":6},"end":{"line":424,"column":null}},"type":"if","locations":[{"start":{"line":417,"column":6},"end":{"line":424,"column":null}},{"start":{},"end":{}}],"line":417},"64":{"loc":{"start":{"line":427,"column":4},"end":{"line":446,"column":null}},"type":"if","locations":[{"start":{"line":427,"column":4},"end":{"line":446,"column":null}},{"start":{},"end":{}}],"line":427},"65":{"loc":{"start":{"line":429,"column":8},"end":{"line":431,"column":null}},"type":"cond-expr","locations":[{"start":{"line":430,"column":12},"end":{"line":430,"column":null}},{"start":{"line":431,"column":12},"end":{"line":431,"column":null}}],"line":429},"66":{"loc":{"start":{"line":430,"column":12},"end":{"line":430,"column":null}},"type":"binary-expr","locations":[{"start":{"line":430,"column":12},"end":{"line":430,"column":34}},{"start":{"line":430,"column":34},"end":{"line":430,"column":57}},{"start":{"line":430,"column":57},"end":{"line":430,"column":null}}],"line":430},"67":{"loc":{"start":{"line":483,"column":2},"end":{"line":492,"column":null}},"type":"if","locations":[{"start":{"line":483,"column":2},"end":{"line":492,"column":null}},{"start":{},"end":{}}],"line":483},"68":{"loc":{"start":{"line":490,"column":13},"end":{"line":490,"column":null}},"type":"binary-expr","locations":[{"start":{"line":490,"column":13},"end":{"line":490,"column":29}},{"start":{"line":490,"column":29},"end":{"line":490,"column":null}}],"line":490},"69":{"loc":{"start":{"line":627,"column":2},"end":{"line":627,"column":null}},"type":"if","locations":[{"start":{"line":627,"column":2},"end":{"line":627,"column":null}},{"start":{},"end":{}}],"line":627},"70":{"loc":{"start":{"line":629,"column":2},"end":{"line":630,"column":null}},"type":"if","locations":[{"start":{"line":629,"column":2},"end":{"line":630,"column":null}},{"start":{},"end":{}}],"line":629},"71":{"loc":{"start":{"line":629,"column":6},"end":{"line":629,"column":null}},"type":"binary-expr","locations":[{"start":{"line":629,"column":6},"end":{"line":629,"column":25}},{"start":{"line":629,"column":25},"end":{"line":629,"column":45}},{"start":{"line":629,"column":45},"end":{"line":629,"column":null}}],"line":629},"72":{"loc":{"start":{"line":637,"column":2},"end":{"line":637,"column":null}},"type":"if","locations":[{"start":{"line":637,"column":2},"end":{"line":637,"column":null}},{"start":{},"end":{}}],"line":637},"73":{"loc":{"start":{"line":639,"column":2},"end":{"line":639,"column":null}},"type":"if","locations":[{"start":{"line":639,"column":2},"end":{"line":639,"column":null}},{"start":{},"end":{}}],"line":639},"74":{"loc":{"start":{"line":640,"column":2},"end":{"line":640,"column":null}},"type":"if","locations":[{"start":{"line":640,"column":2},"end":{"line":640,"column":null}},{"start":{},"end":{}}],"line":640},"75":{"loc":{"start":{"line":641,"column":2},"end":{"line":641,"column":null}},"type":"if","locations":[{"start":{"line":641,"column":2},"end":{"line":641,"column":null}},{"start":{},"end":{}}],"line":641},"76":{"loc":{"start":{"line":646,"column":2},"end":{"line":646,"column":null}},"type":"if","locations":[{"start":{"line":646,"column":2},"end":{"line":646,"column":null}},{"start":{},"end":{}}],"line":646},"77":{"loc":{"start":{"line":652,"column":2},"end":{"line":652,"column":null}},"type":"if","locations":[{"start":{"line":652,"column":2},"end":{"line":652,"column":null}},{"start":{},"end":{}}],"line":652},"78":{"loc":{"start":{"line":653,"column":2},"end":{"line":653,"column":null}},"type":"if","locations":[{"start":{"line":653,"column":2},"end":{"line":653,"column":null}},{"start":{},"end":{}}],"line":653},"79":{"loc":{"start":{"line":658,"column":2},"end":{"line":668,"column":null}},"type":"if","locations":[{"start":{"line":658,"column":2},"end":{"line":668,"column":null}},{"start":{},"end":{}}],"line":658},"80":{"loc":{"start":{"line":659,"column":4},"end":{"line":666,"column":null}},"type":"if","locations":[{"start":{"line":659,"column":4},"end":{"line":666,"column":null}},{"start":{},"end":{}}],"line":659},"81":{"loc":{"start":{"line":669,"column":2},"end":{"line":671,"column":null}},"type":"if","locations":[{"start":{"line":669,"column":2},"end":{"line":671,"column":null}},{"start":{},"end":{}}],"line":669},"82":{"loc":{"start":{"line":681,"column":2},"end":{"line":683,"column":null}},"type":"if","locations":[{"start":{"line":681,"column":2},"end":{"line":683,"column":null}},{"start":{},"end":{}}],"line":681},"83":{"loc":{"start":{"line":682,"column":11},"end":{"line":682,"column":null}},"type":"cond-expr","locations":[{"start":{"line":682,"column":29},"end":{"line":682,"column":43}},{"start":{"line":682,"column":43},"end":{"line":682,"column":null}}],"line":682},"84":{"loc":{"start":{"line":684,"column":2},"end":{"line":684,"column":null}},"type":"if","locations":[{"start":{"line":684,"column":2},"end":{"line":684,"column":null}},{"start":{},"end":{}}],"line":684},"85":{"loc":{"start":{"line":685,"column":9},"end":{"line":685,"column":null}},"type":"cond-expr","locations":[{"start":{"line":685,"column":27},"end":{"line":685,"column":41}},{"start":{"line":685,"column":41},"end":{"line":685,"column":null}}],"line":685},"86":{"loc":{"start":{"line":697,"column":24},"end":{"line":697,"column":null}},"type":"binary-expr","locations":[{"start":{"line":697,"column":24},"end":{"line":697,"column":56}},{"start":{"line":697,"column":56},"end":{"line":697,"column":null}}],"line":697},"87":{"loc":{"start":{"line":699,"column":2},"end":{"line":709,"column":null}},"type":"if","locations":[{"start":{"line":699,"column":2},"end":{"line":709,"column":null}},{"start":{},"end":{}}],"line":699},"88":{"loc":{"start":{"line":699,"column":6},"end":{"line":699,"column":55}},"type":"binary-expr","locations":[{"start":{"line":699,"column":6},"end":{"line":699,"column":26}},{"start":{"line":699,"column":26},"end":{"line":699,"column":55}}],"line":699},"89":{"loc":{"start":{"line":712,"column":2},"end":{"line":722,"column":null}},"type":"if","locations":[{"start":{"line":712,"column":2},"end":{"line":722,"column":null}},{"start":{},"end":{}}],"line":712},"90":{"loc":{"start":{"line":736,"column":2},"end":{"line":750,"column":null}},"type":"if","locations":[{"start":{"line":736,"column":2},"end":{"line":750,"column":null}},{"start":{},"end":{}}],"line":736},"91":{"loc":{"start":{"line":736,"column":6},"end":{"line":736,"column":43}},"type":"binary-expr","locations":[{"start":{"line":736,"column":6},"end":{"line":736,"column":15}},{"start":{"line":736,"column":15},"end":{"line":736,"column":43}}],"line":736},"92":{"loc":{"start":{"line":745,"column":23},"end":{"line":745,"column":null}},"type":"binary-expr","locations":[{"start":{"line":745,"column":23},"end":{"line":745,"column":48}},{"start":{"line":745,"column":48},"end":{"line":745,"column":null}}],"line":745},"93":{"loc":{"start":{"line":746,"column":26},"end":{"line":746,"column":null}},"type":"binary-expr","locations":[{"start":{"line":746,"column":26},"end":{"line":746,"column":54}},{"start":{"line":746,"column":54},"end":{"line":746,"column":null}}],"line":746},"94":{"loc":{"start":{"line":747,"column":12},"end":{"line":747,"column":null}},"type":"binary-expr","locations":[{"start":{"line":747,"column":12},"end":{"line":747,"column":26}},{"start":{"line":747,"column":26},"end":{"line":747,"column":null}}],"line":747},"95":{"loc":{"start":{"line":748,"column":17},"end":{"line":748,"column":null}},"type":"binary-expr","locations":[{"start":{"line":748,"column":17},"end":{"line":748,"column":33}},{"start":{"line":748,"column":33},"end":{"line":748,"column":null}}],"line":748},"96":{"loc":{"start":{"line":754,"column":4},"end":{"line":756,"column":null}},"type":"cond-expr","locations":[{"start":{"line":755,"column":8},"end":{"line":755,"column":null}},{"start":{"line":756,"column":8},"end":{"line":756,"column":null}}],"line":754},"97":{"loc":{"start":{"line":754,"column":4},"end":{"line":754,"column":null}},"type":"binary-expr","locations":[{"start":{"line":754,"column":4},"end":{"line":754,"column":16}},{"start":{"line":754,"column":16},"end":{"line":754,"column":null}}],"line":754},"98":{"loc":{"start":{"line":759,"column":4},"end":{"line":763,"column":null}},"type":"cond-expr","locations":[{"start":{"line":760,"column":8},"end":{"line":760,"column":null}},{"start":{"line":761,"column":8},"end":{"line":763,"column":null}}],"line":759},"99":{"loc":{"start":{"line":761,"column":8},"end":{"line":763,"column":null}},"type":"cond-expr","locations":[{"start":{"line":762,"column":10},"end":{"line":762,"column":null}},{"start":{"line":763,"column":10},"end":{"line":763,"column":null}}],"line":761},"100":{"loc":{"start":{"line":767,"column":4},"end":{"line":769,"column":null}},"type":"cond-expr","locations":[{"start":{"line":768,"column":8},"end":{"line":768,"column":null}},{"start":{"line":769,"column":8},"end":{"line":769,"column":null}}],"line":767},"101":{"loc":{"start":{"line":775,"column":2},"end":{"line":790,"column":null}},"type":"if","locations":[{"start":{"line":775,"column":2},"end":{"line":790,"column":null}},{"start":{"line":787,"column":9},"end":{"line":790,"column":null}}],"line":775},"102":{"loc":{"start":{"line":775,"column":6},"end":{"line":775,"column":59}},"type":"binary-expr","locations":[{"start":{"line":775,"column":6},"end":{"line":775,"column":34}},{"start":{"line":775,"column":34},"end":{"line":775,"column":59}}],"line":775},"103":{"loc":{"start":{"line":777,"column":6},"end":{"line":779,"column":null}},"type":"cond-expr","locations":[{"start":{"line":778,"column":10},"end":{"line":778,"column":null}},{"start":{"line":779,"column":10},"end":{"line":779,"column":null}}],"line":777},"104":{"loc":{"start":{"line":778,"column":13},"end":{"line":778,"column":45}},"type":"cond-expr","locations":[{"start":{"line":778,"column":36},"end":{"line":778,"column":42}},{"start":{"line":778,"column":42},"end":{"line":778,"column":45}}],"line":778},"105":{"loc":{"start":{"line":784,"column":6},"end":{"line":786,"column":null}},"type":"cond-expr","locations":[{"start":{"line":785,"column":10},"end":{"line":785,"column":null}},{"start":{"line":786,"column":10},"end":{"line":786,"column":null}}],"line":784},"106":{"loc":{"start":{"line":795,"column":24},"end":{"line":797,"column":null}},"type":"cond-expr","locations":[{"start":{"line":796,"column":6},"end":{"line":796,"column":null}},{"start":{"line":797,"column":6},"end":{"line":797,"column":null}}],"line":795},"107":{"loc":{"start":{"line":798,"column":24},"end":{"line":800,"column":null}},"type":"cond-expr","locations":[{"start":{"line":799,"column":6},"end":{"line":799,"column":null}},{"start":{"line":800,"column":6},"end":{"line":800,"column":null}}],"line":798},"108":{"loc":{"start":{"line":877,"column":2},"end":{"line":900,"column":null}},"type":"if","locations":[{"start":{"line":877,"column":2},"end":{"line":900,"column":null}},{"start":{},"end":{}}],"line":877},"109":{"loc":{"start":{"line":877,"column":6},"end":{"line":877,"column":57}},"type":"binary-expr","locations":[{"start":{"line":877,"column":6},"end":{"line":877,"column":21}},{"start":{"line":877,"column":21},"end":{"line":877,"column":57}}],"line":877},"110":{"loc":{"start":{"line":879,"column":10},"end":{"line":879,"column":40}},"type":"binary-expr","locations":[{"start":{"line":879,"column":10},"end":{"line":879,"column":36}},{"start":{"line":879,"column":36},"end":{"line":879,"column":40}}],"line":879},"111":{"loc":{"start":{"line":880,"column":10},"end":{"line":880,"column":40}},"type":"binary-expr","locations":[{"start":{"line":880,"column":10},"end":{"line":880,"column":36}},{"start":{"line":880,"column":36},"end":{"line":880,"column":40}}],"line":880},"112":{"loc":{"start":{"line":888,"column":6},"end":{"line":898,"column":null}},"type":"if","locations":[{"start":{"line":888,"column":6},"end":{"line":898,"column":null}},{"start":{},"end":{}}],"line":888},"113":{"loc":{"start":{"line":888,"column":10},"end":{"line":888,"column":95}},"type":"binary-expr","locations":[{"start":{"line":888,"column":10},"end":{"line":888,"column":43}},{"start":{"line":888,"column":43},"end":{"line":888,"column":95}}],"line":888},"114":{"loc":{"start":{"line":905,"column":39},"end":{"line":905,"column":63}},"type":"binary-expr","locations":[{"start":{"line":905,"column":39},"end":{"line":905,"column":61}},{"start":{"line":905,"column":61},"end":{"line":905,"column":63}}],"line":905},"115":{"loc":{"start":{"line":908,"column":4},"end":{"line":910,"column":null}},"type":"cond-expr","locations":[{"start":{"line":909,"column":8},"end":{"line":909,"column":null}},{"start":{"line":910,"column":8},"end":{"line":910,"column":null}}],"line":908},"116":{"loc":{"start":{"line":908,"column":4},"end":{"line":908,"column":null}},"type":"binary-expr","locations":[{"start":{"line":908,"column":4},"end":{"line":908,"column":34}},{"start":{"line":908,"column":34},"end":{"line":908,"column":null}}],"line":908},"117":{"loc":{"start":{"line":912,"column":19},"end":{"line":912,"column":null}},"type":"cond-expr","locations":[{"start":{"line":912,"column":51},"end":{"line":912,"column":64}},{"start":{"line":912,"column":64},"end":{"line":912,"column":null}}],"line":912},"118":{"loc":{"start":{"line":914,"column":4},"end":{"line":916,"column":null}},"type":"cond-expr","locations":[{"start":{"line":915,"column":8},"end":{"line":915,"column":null}},{"start":{"line":916,"column":8},"end":{"line":916,"column":null}}],"line":914},"119":{"loc":{"start":{"line":918,"column":4},"end":{"line":918,"column":null}},"type":"binary-expr","locations":[{"start":{"line":918,"column":4},"end":{"line":918,"column":17}},{"start":{"line":918,"column":17},"end":{"line":918,"column":null}}],"line":918},"120":{"loc":{"start":{"line":926,"column":2},"end":{"line":933,"column":null}},"type":"if","locations":[{"start":{"line":926,"column":2},"end":{"line":933,"column":null}},{"start":{},"end":{}}],"line":926},"121":{"loc":{"start":{"line":926,"column":6},"end":{"line":926,"column":49}},"type":"binary-expr","locations":[{"start":{"line":926,"column":6},"end":{"line":926,"column":18}},{"start":{"line":926,"column":18},"end":{"line":926,"column":49}}],"line":926},"122":{"loc":{"start":{"line":929,"column":4},"end":{"line":932,"column":null}},"type":"if","locations":[{"start":{"line":929,"column":4},"end":{"line":932,"column":null}},{"start":{},"end":{}}],"line":929},"123":{"loc":{"start":{"line":931,"column":22},"end":{"line":931,"column":null}},"type":"binary-expr","locations":[{"start":{"line":931,"column":22},"end":{"line":931,"column":36}},{"start":{"line":931,"column":36},"end":{"line":931,"column":null}}],"line":931},"124":{"loc":{"start":{"line":939,"column":6},"end":{"line":943,"column":null}},"type":"cond-expr","locations":[{"start":{"line":940,"column":10},"end":{"line":942,"column":null}},{"start":{"line":943,"column":10},"end":{"line":943,"column":null}}],"line":939},"125":{"loc":{"start":{"line":940,"column":10},"end":{"line":942,"column":null}},"type":"cond-expr","locations":[{"start":{"line":941,"column":12},"end":{"line":941,"column":null}},{"start":{"line":942,"column":12},"end":{"line":942,"column":null}}],"line":940},"126":{"loc":{"start":{"line":945,"column":6},"end":{"line":945,"column":null}},"type":"cond-expr","locations":[{"start":{"line":945,"column":39},"end":{"line":945,"column":69}},{"start":{"line":945,"column":69},"end":{"line":945,"column":null}}],"line":945},"127":{"loc":{"start":{"line":956,"column":20},"end":{"line":956,"column":null}},"type":"cond-expr","locations":[{"start":{"line":956,"column":42},"end":{"line":956,"column":60}},{"start":{"line":956,"column":60},"end":{"line":956,"column":null}}],"line":956},"128":{"loc":{"start":{"line":970,"column":15},"end":{"line":970,"column":null}},"type":"binary-expr","locations":[{"start":{"line":970,"column":15},"end":{"line":970,"column":38}},{"start":{"line":970,"column":38},"end":{"line":970,"column":null}}],"line":970},"129":{"loc":{"start":{"line":984,"column":24},"end":{"line":984,"column":null}},"type":"binary-expr","locations":[{"start":{"line":984,"column":24},"end":{"line":984,"column":56}},{"start":{"line":984,"column":56},"end":{"line":984,"column":null}}],"line":984},"130":{"loc":{"start":{"line":987,"column":2},"end":{"line":994,"column":null}},"type":"if","locations":[{"start":{"line":987,"column":2},"end":{"line":994,"column":null}},{"start":{},"end":{}}],"line":987},"131":{"loc":{"start":{"line":996,"column":22},"end":{"line":996,"column":null}},"type":"binary-expr","locations":[{"start":{"line":996,"column":22},"end":{"line":996,"column":52}},{"start":{"line":996,"column":52},"end":{"line":996,"column":null}}],"line":996},"132":{"loc":{"start":{"line":998,"column":25},"end":{"line":998,"column":null}},"type":"binary-expr","locations":[{"start":{"line":998,"column":25},"end":{"line":998,"column":54}},{"start":{"line":998,"column":54},"end":{"line":998,"column":null}}],"line":998},"133":{"loc":{"start":{"line":999,"column":18},"end":{"line":999,"column":null}},"type":"cond-expr","locations":[{"start":{"line":999,"column":35},"end":{"line":999,"column":65}},{"start":{"line":999,"column":65},"end":{"line":999,"column":null}}],"line":999},"134":{"loc":{"start":{"line":1001,"column":2},"end":{"line":1003,"column":null}},"type":"if","locations":[{"start":{"line":1001,"column":2},"end":{"line":1003,"column":null}},{"start":{},"end":{}}],"line":1001},"135":{"loc":{"start":{"line":1005,"column":2},"end":{"line":1012,"column":null}},"type":"if","locations":[{"start":{"line":1005,"column":2},"end":{"line":1012,"column":null}},{"start":{},"end":{}}],"line":1005},"136":{"loc":{"start":{"line":1005,"column":6},"end":{"line":1005,"column":55}},"type":"binary-expr","locations":[{"start":{"line":1005,"column
[...]
\\Projects\\EdgeLab\\utils\\edgeUtils.ts","statementMap":{"0":{"start":{"line":4,"column":29},"end":{"line":36,"column":null}},"1":{"start":{"line":12,"column":2},"end":{"line":12,"column":null}},"2":{"start":{"line":12,"column":29},"end":{"line":12,"column":null}},"3":{"start":{"line":15,"column":2},"end":{"line":15,"column":null}},"4":{"start":{"line":15,"column":24},"end":{"line":15,"column":null}},"5":{"start":{"line":18,"column":20},"end":{"line":18,"column":null}},"6":{"start":{"line":20,"column":2},"end":{"line":32,"column":null}},"7":{"start":{"line":22,"column":4},"end":{"line":22,"column":null}},"8":{"start":{"line":22,"column":25},"end":{"line":22,"column":null}},"9":{"start":{"line":23,"column":4},"end":{"line":23,"column":null}},"10":{"start":{"line":23,"column":25},"end":{"line":23,"column":null}},"11":{"start":{"line":24,"column":4},"end":{"line":24,"column":null}},"12":{"start":{"line":24,"column":44},"end":{"line":24,"column":null}},"13":{"start":{"line":25,"column":4},"end":{"line":25,"column":null}},"14":{"start":{"line":25,"column":28},"end":{"line":25,"column":null}},"15":{"start":{"line":28,"column":4},"end":{"line":28,"column":null}},"16":{"start":{"line":28,"column":25},"end":{"line":28,"column":null}},"17":{"start":{"line":29,"column":4},"end":{"line":29,"column":null}},"18":{"start":{"line":29,"column":25},"end":{"line":29,"column":null}},"19":{"start":{"line":30,"column":4},"end":{"line":30,"column":null}},"20":{"start":{"line":30,"column":44},"end":{"line":30,"column":null}},"21":{"start":{"line":31,"column":4},"end":{"line":31,"column":null}},"22":{"start":{"line":31,"column":28},"end":{"line":31,"column":null}},"23":{"start":{"line":35,"column":2},"end":{"line":35,"column":null}},"24":{"start":{"line":38,"column":30},"end":{"line":58,"column":null}},"25":{"start":{"line":44,"column":2},"end":{"line":44,"column":null}},"26":{"start":{"line":44,"column":23},"end":{"line":44,"column":null}},"27":{"start":{"line":45,"column":20},"end":{"line":45,"column":null}},"28":{"start":{"line":47,"column":2},"end":{"line":57,"column":null}},"29":{"start":{"line":48,"column":5},"end":{"line":48,"column":null}},"30":{"start":{"line":48,"column":26},"end":{"line":48,"column":null}},"31":{"start":{"line":49,"column":5},"end":{"line":49,"column":null}},"32":{"start":{"line":49,"column":26},"end":{"line":49,"column":null}},"33":{"start":{"line":50,"column":5},"end":{"line":50,"column":null}},"34":{"start":{"line":50,"column":29},"end":{"line":50,"column":null}},"35":{"start":{"line":51,"column":5},"end":{"line":51,"column":null}},"36":{"start":{"line":53,"column":5},"end":{"line":53,"column":null}},"37":{"start":{"line":53,"column":26},"end":{"line":53,"column":null}},"38":{"start":{"line":54,"column":5},"end":{"line":54,"column":null}},"39":{"start":{"line":54,"column":26},"end":{"line":54,"column":null}},"40":{"start":{"line":55,"column":5},"end":{"line":55,"column":null}},"41":{"start":{"line":55,"column":29},"end":{"line":55,"column":null}},"42":{"start":{"line":56,"column":5},"end":{"line":56,"column":null}},"43":{"start":{"line":62,"column":33},"end":{"line":68,"column":null}},"44":{"start":{"line":63,"column":2},"end":{"line":67,"column":null}},"45":{"start":{"line":64,"column":4},"end":{"line":64,"column":null}},"46":{"start":{"line":66,"column":4},"end":{"line":66,"column":null}},"47":{"start":{"line":70,"column":40},"end":{"line":73,"column":null}},"48":{"start":{"line":71,"column":2},"end":{"line":71,"column":null}},"49":{"start":{"line":71,"column":24},"end":{"line":71,"column":null}},"50":{"start":{"line":72,"column":2},"end":{"line":72,"column":null}},"51":{"start":{"line":75,"column":27},"end":{"line":79,"column":null}},"52":{"start":{"line":78,"column":2},"end":{"line":78,"column":null}},"53":{"start":{"line":84,"column":34},"end":{"line":104,"column":null}},"54":{"start":{"line":89,"column":15},"end":{"line":89,"column":null}},"55":{"start":{"line":90,"column":15},"end":{"line":90,"column":null}},"56":{"start":{"line":91,"column":18},"end":{"line":91,"column":null}},"57":{"start":{"line":93,"column":15},"end":{"line":93,"column":null}},"58":{"start":{"line":94,"column":15},"end":{"line":94,"column":null}},"59":{"start":{"line":95,"column":18},"end":{"line":95,"column":null}},"60":{"start":{"line":97,"column":23},"end":{"line":97,"column":null}},"61":{"start":{"line":99,"column":2},"end":{"line":103,"column":null}},"62":{"start":{"line":106,"column":33},"end":{"line":124,"column":null}},"63":{"start":{"line":111,"column":2},"end":{"line":111,"column":null}},"64":{"start":{"line":111,"column":17},"end":{"line":111,"column":null}},"65":{"start":{"line":113,"column":12},"end":{"line":113,"column":null}},"66":{"start":{"line":115,"column":2},"end":{"line":121,"column":null}},"67":{"start":{"line":116,"column":4},"end":{"line":116,"column":null}},"68":{"start":{"line":117,"column":2},"end":{"line":121,"column":null}},"69":{"start":{"line":118,"column":4},"end":{"line":118,"column":null}},"70":{"start":{"line":119,"column":2},"end":{"line":121,"column":null}},"71":{"start":{"line":120,"column":4},"end":{"line":120,"column":null}},"72":{"start":{"line":123,"column":2},"end":{"line":123,"column":null}},"73":{"start":{"line":126,"column":30},"end":{"line":133,"column":null}},"74":{"start":{"line":127,"column":2},"end":{"line":132,"column":null}}},"fnMap":{"0":{"name":"(anonymous_0)","decl":{"start":{"line":4,"column":29},"end":{"line":4,"column":null}},"loc":{"start":{"line":10,"column":14},"end":{"line":36,"column":null}},"line":10},"1":{"name":"(anonymous_1)","decl":{"start":{"line":38,"column":30},"end":{"line":38,"column":null}},"loc":{"start":{"line":43,"column":14},"end":{"line":58,"column":null}},"line":43},"2":{"name":"(anonymous_2)","decl":{"start":{"line":62,"column":33},"end":{"line":62,"column":34}},"loc":{"start":{"line":62,"column":63},"end":{"line":68,"column":null}},"line":62},"3":{"name":"(anonymous_3)","decl":{"start":{"line":70,"column":40},"end":{"line":70,"column":41}},"loc":{"start":{"line":70,"column":73},"end":{"line":73,"column":null}},"line":70},"4":{"name":"(anonymous_4)","decl":{"start":{"line":75,"column":27},"end":{"line":75,"column":28}},"loc":{"start":{"line":75,"column":92},"end":{"line":79,"column":null}},"line":75},"5":{"name":"(anonymous_5)","decl":{"start":{"line":84,"column":34},"end":{"line":84,"column":null}},"loc":{"start":{"line":88,"column":57},"end":{"line":104,"column":null}},"line":88},"6":{"name":"(anonymous_6)","decl":{"start":{"line":106,"column":33},"end":{"line":106,"column":null}},"loc":{"start":{"line":110,"column":13},"end":{"line":124,"column":null}},"line":110},"7":{"name":"(anonymous_7)","decl":{"start":{"line":126,"column":30},"end":{"line":126,"column":31}},"loc":{"start":{"line":126,"column":58},"end":{"line":133,"column":null}},"line":126}},"branchMap":{"0":{"loc":{"start":{"line":5,"column":2},"end":{"line":5,"column":null}},"type":"default-arg","locations":[{"start":{"line":5,"column":23},"end":{"line":5,"column":null}}],"line":5},"1":{"loc":{"start":{"line":6,"column":2},"end":{"line":6,"column":null}},"type":"default-arg","locations":[{"start":{"line":6,"column":23},"end":{"line":6,"column":null}}],"line":6},"2":{"loc":{"start":{"line":7,"column":2},"end":{"line":7,"column":null}},"type":"default-arg","locations":[{"start":{"line":7,"column":23},"end":{"line":7,"column":null}}],"line":7},"3":{"loc":{"start":{"line":8,"column":2},"end":{"line":8,"column":null}},"type":"default-arg","locations":[{"start":{"line":8,"column":18},"end":{"line":8,"column":null}}],"line":8},"4":{"loc":{"start":{"line":9,"column":2},"end":{"line":9,"column":null}},"type":"default-arg","locations":[{"start":{"line":9,"column":19},"end":{"line":9,"column":null}}],"line":9},"5":{"loc":{"start":{"line":12,"column":2},"end":{"line":12,"column":null}},"type":"if","locations":[{"start":{"line":12,"column":2},"end":{"line":12,"column":null}},{"start":{},"end":{}}],"line":12},"6":{"loc":{"start":{"line":15,"column":2},"end":{"line":15,"column":null}},"type":"if","locations":[{"start":{"line":15,"column":2},"end":{"line":15,"column":null}},{"start":{},"end":{}}],"line":15},"7":{"loc":{"start":{"line":20,"column":2},"end":{"line":32,"column":null}},"type":"if","locations":[{"start":{"line":20,"column":2},"end":{"line":32,"column":null}},{"start":{"line":26,"column":9},"end":{"line":32,"column":null}}],"line":20},"8":{"loc":{"start":{"line":22,"column":4},"end":{"line":22,"column":null}},"type":"if","locations":[{"start":{"line":22,"column":4},"end":{"line":22,"column":null}},{"start":{},"end":{}}],"line":22},"9":{"loc":{"start":{"line":23,"column":4},"end":{"line":23,"column":null}},"type":"if","locations":[{"start":{"line":23,"column":4},"end":{"line":23,"column":null}},{"start":{},"end":{}}],"line":23},"10":{"loc":{"start":{"line":24,"column":4},"end":{"line":24,"column":null}},"type":"if","locations":[{"start":{"line":24,"column":4},"end":{"line":24,"column":null}},{"start":{},"end":{}}],"line":24},"11":{"loc":{"start":{"line":24,"column":8},"end":{"line":24,"column":44}},"type":"binary-expr","locations":[{"start":{"line":24,"column":8},"end":{"line":24,"column":27}},{"start":{"line":24,"column":27},"end":{"line":24,"column":44}}],"line":24},"12":{"loc":{"start":{"line":25,"column":4},"end":{"line":25,"column":null}},"type":"if","locations":[{"start":{"line":25,"column":4},"end":{"line":25,"column":null}},{"start":{},"end":{}}],"line":25},"13":{"loc":{"start":{"line":28,"column":4},"end":{"line":28,"column":null}},"type":"if","locations":[{"start":{"line":28,"column":4},"end":{"line":28,"column":null}},{"start":{},"end":{}}],"line":28},"14":{"loc":{"start":{"line":29,"column":4},"end":{"line":29,"column":null}},"type":"if","locations":[{"start":{"line":29,"column":4},"end":{"line":29,"column":null}},{"start":{},"end":{}}],"line":29},"15":{"loc":{"start":{"line":30,"column":4},"end":{"line":30,"column":null}},"type":"if","locations":[{"start":{"line":30,"column":4},"end":{"line":30,"column":null}},{"start":{},"end":{}}],"line":30},"16":{"loc":{"start":{"line":30,"column":8},"end":{"line":30,"column":44}},"type":"binary-expr","locations":[{"start":{"line":30,"column":8},"end":{"line":30,"column":27}},{"start":{"line":30,"column":27},"end":{"line":30,"column":44}}],"line":30},"17":{"loc":{"start":{"line":31,"column":4},"end":{"line":31,"column":null}},"type":"if","locations":[{"start":{"line":31,"column":4},"end":{"line":31,"column":null}},{"start":{},"end":{}}],"line":31},"18":{"loc":{"start":{"line":39,"column":2},"end":{"line":39,"column":null}},"type":"default-arg","locations":[{"start":{"line":39,"column":23},"end":{"line":39,"column":null}}],"line":39},"19":{"loc":{"start":{"line":40,"column":2},"end":{"line":40,"column":null}},"type":"default-arg","locations":[{"start":{"line":40,"column":23},"end":{"line":40,"column":null}}],"line":40},"20":{"loc":{"start":{"line":41,"column":2},"end":{"line":41,"column":null}},"type":"default-arg","locations":[{"start":{"line":41,"column":18},"end":{"line":41,"column":null}}],"line":41},"21":{"loc":{"start":{"line":42,"column":2},"end":{"line":42,"column":null}},"type":"default-arg","locations":[{"start":{"line":42,"column":19},"end":{"line":42,"column":null}}],"line":42},"22":{"loc":{"start":{"line":44,"column":2},"end":{"line":44,"column":null}},"type":"if","locations":[{"start":{"line":44,"column":2},"end":{"line":44,"column":null}},{"start":{},"end":{}}],"line":44},"23":{"loc":{"start":{"line":47,"column":2},"end":{"line":57,"column":null}},"type":"if","locations":[{"start":{"line":47,"column":2},"end":{"line":57,"column":null}},{"start":{"line":52,"column":9},"end":{"line":57,"column":null}}],"line":47},"24":{"loc":{"start":{"line":48,"column":5},"end":{"line":48,"column":null}},"type":"if","locations":[{"start":{"line":48,"column":5},"end":{"line":48,"column":null}},{"start":{},"end":{}}],"line":48},"25":{"loc":{"start":{"line":49,"column":5},"end":{"line":49,"column":null}},"type":"if","locations":[{"start":{"line":49,"column":5},"end":{"line":49,"column":null}},{"start":{},"end":{}}],"line":49},"26":{"loc":{"start":{"line":50,"column":5},"end":{"line":50,"column":null}},"type":"if","locations":[{"start":{"line":50,"column":5},"end":{"line":50,"column":null}},{"start":{},"end":{}}],"line":50},"27":{"loc":{"start":{"line":53,"column":5},"end":{"line":53,"column":null}},"type":"if","locations":[{"start":{"line":53,"column":5},"end":{"line":53,"column":null}},{"start":{},"end":{}}],"line":53},"28":{"loc":{"start":{"line":54,"column":5},"end":{"line":54,"column":null}},"type":"if","locations":[{"start":{"line":54,"column":5},"end":{"line":54,"column":null}},{"start":{},"end":{}}],"line":54},"29":{"loc":{"start":{"line":55,"column":5},"end":{"line":55,"column":null}},"type":"if","locations":[{"start":{"line":55,"column":5},"end":{"line":55,"column":null}},{"start":{},"end":{}}],"line":55},"30":{"loc":{"start":{"line":63,"column":2},"end":{"line":67,"column":null}},"type":"if","locations":[{"start":{"line":63,"column":2},"end":{"line":67,"column":null}},{"start":{"line":65,"column":9},"end":{"line":67,"column":null}}],"line":63},"31":{"loc":{"start":{"line":71,"column":2},"end":{"line":71,"column":null}},"type":"if","locations":[{"start":{"line":71,"column":2},"end":{"line":71,"column":null}},{"start":{},"end":{}}],"line":71},"32":{"loc":{"start":{"line":111,"column":2},"end":{"line":111,"column":null}},"type":"if","locations":[{"start":{"line":111,"column":2},"end":{"line":111,"column":null}},{"start":{},"end":{}}],"line":111},"33":{"loc":{"start":{"line":115,"column":2},"end":{"line":121,"column":null}},"type":"if","locations":[{"start":{"line":115,"column":2},"end":{"line":121,"column":null}},{"start":{"line":117,"column":2},"end":{"line":121,"column":null}}],"line":115},"34":{"loc":{"start":{"line":115,"column":6},"end":{"line":115,"column":36}},"type":"binary-expr","locations":[{"start":{"line":115,"column":6},"end":{"line":115,"column":19}},{"start":{"line":115,"column":19},"end":{"line":115,"column":36}}],"line":115},"35":{"loc":{"start":{"line":117,"column":2},"end":{"line":121,"column":null}},"type":"if","locations":[{"start":{"line":117,"column":2},"end":{"line":121,"column":null}},{"start":{"line":119,"column":2},"end":{"line":121,"column":null}}],"line":117},"36":{"loc":{"start":{"line":117,"column":13},"end":{"line":117,"column":42}},"type":"binary-expr","locations":[{"start":{"line":117,"column":13},"end":{"line":117,"column":25}},{"start":{"line":117,"column":25},"end":{"line":117,"column":42}}],"line":117},"37":{"loc":{"start":{"line":119,"column":2},"end":{"line":121,"column":null}},"type":"if","locations":[{"start":{"line":119,"column":2},"end":{"line":121,"column":null}},{"start":{},"end":{}}],"line":119},"38":{"loc":{"start":{"line":119,"column":13},"end":{"line":119,"column":42}},"type":"binary-expr","locations":[{"start":{"line":119,"column":13},"end":{"line":119,"column":25}},{"start":{"line":119,"column":25},"end":{"line":119,"column":42}}],"line":119}},"s":{"0":2,"1":0,"2":0,"3":0,"4":0,"5":0,"6":0,"7":0,"8":0,"9":0,"10":0,"11":0,"12":0,"13":0,"14":0,"15":0,"16":0,"17":0,"18":0,"19":0,"20":0,"21":0,"22":0,"23":0,"24":2,"25":0,"26":0,"27":0,"28":0,"29":0,"30":0,"31":0,"32":0,"33":0,"34":0,"35":0,"36":0,"37":0,"38":0,"39":0,"40":0,"41":0,"42":0,"43":2,"44":0,"45":0,"46":0,"47":2,"48":0,"49":0,"50":0,"51":2,"52":0,"53":2,"54":0,"55":0,"56":0,"57":0,"58":0,"59":0,"60":0,"61":0,"62":2,"63":0,"64":0,"65":0,"66":0,"67":0,"68":0,"69":0,"70":0,"71":0,"72":0,"73":2,"74":0},"f":{"0":0,"1":0,"2":0,"3":0,"4":0,"5":0,"6":0,"7":0},"b":{"0":[0],"1":[0],"2":[0],"3":[0],"4":[0],"5":[0,0],"6":[0,0],"7":[0,0],"8":[0,0],"9":[0,0],"10":[0,0],"11":[0,0],"12":[0,0],"13":[0,0],"14":[0,0],"15":[0,0],"16":[0,0],"17":[0,0],"18":[0],"19":[0],"20":[0],"21":[0],"22":[0,0],"23":[0,0],"24":[0,0],"25":[0,0],"26":[0,0],"27":[0,0],"28":[0,0],"29":[0,0],"30":[0,0],"31":[0,0],"32":[0,0],"33":[0,0],"34":[0,0],"35":[0,0],"36":[0,0],"37":[0,0],"38":[0,0]},"meta":{"lastBranch":39,"lastFunction":8,"lastStatement":75,"seen":{"s:4:29:36:Infinity":0,"f:4:29:4:Infinity":0,"b:5:23:5:Infinity":0,"b:6:23:6:Infinity":1,"b:7:23:7:Infinity":2,"b:8:18:8:Infinity":3,"b:9:19:9:Infinity":4,"b:12:2:12:Infinity:undefined:undefined:undefined:undefined":5,"s:12:2:12:Infinity":1,"s:12:29:12:Infinity":2,"b:15:2:15:Infinity:undefined:undefined:undefined:undefined":6,"s:15:2:15:Infinity":3,"s:15:24:15:Infinity":4,"s:18:20:18:Infinity":5,"b:20:2:32:Infinity:26:9:32:Infinity":7,"s:20:2:32:Infinity":6,"b:22:4:22:Infinity:undefined:undefined:undefined:undefined":8,"s:22:4:22:Infinity":7,"s:22:25:22:Infinity":8,"b:23:4:23:Infinity:undefined:undefined:undefined:undefined":9,"s:23:4:23:Infinity":9,"s:23:25:23:Infinity":10,"b:24:4:24:Infinity:undefined:undefined:undefined:undefined":10,"s:24:4:24:Infinity":11,"b:24:8:24:27:24:27:24:44":11,"s:24:44:24:Infinity":12,"b:25:4:25:Infinity:undefined:undefined:undefined:undefined":12,"s:25:4:25:Infinity":13,"s:25:28:25:Infinity":14,"b:28:4:28:Infinity:undefined:undefined:undefined:undefined":13,"s:28:4:28:Infinity":15,"s:28:25:28:Infinity":16,"b:29:4:29:Infinity:undefined:undefined:undefined:undefined":14,"s:29:4:29:Infinity":17,"s:29:25:29:Infinity":18,"b:30:4:30:Infinity:undefined:undefined:undefined:undefined":15,"s:30:4:30:Infinity":19,"b:30:8:30:27:30:27:30:44":16,"s:30:44:30:Infinity":20,"b:31:4:31:Infinity:undefined:undefined:undefined:undefined":17,"s:31:4:31:Infinity":21,"s:31:28:31:Infinity":22,"s:35:2:35:Infinity":23,"s:38:30:58:Infinity":24,"f:38:30:38:Infinity":1,"b:39:23:39:Infinity":18,"b:40:23:40:Infinity":19,"b:41:18:41:Infinity":20,"b:42:19:42:Infinity":21,"b:44:2:44:Infinity:undefined:undefined:undefined:undefined":22,"s:44:2:44:Infinity":25,"s:44:23:44:Infinity":26,"s:45:20:45:Infinity":27,"b:47:2:57:Infinity:52:9:57:Infinity":23,"s:47:2:57:Infinity":28,"b:48:5:48:Infinity:undefined:undefined:undefined:undefined":24,"s:48:5:48:Infinity":29,"s:48:26:48:Infinity":30,"b:49:5:49:Infinity:undefined:undefined:undefined:undefined":25,"s:49:5:49:Infinity":31,"s:49:26:49:Infinity":32,"b:50:5:50:Infinity:undefined:undefined:undefined:undefined":26,"s:50:5:50:Infinity":33,"s:50:29:50:Infinity":34,"s:51:5:51:Infinity":35,"b:53:5:53:Infinity:undefined:undefined:undefined:undefined":27,"s:53:5:53:Infinity":36,"s:53:26:53:Infinity":37,"b:54:5:54:Infinity:undefined:undefined:undefined:undefined":28,"s:54:5:54:Infinity":38,"s:54:26:54:Infinity":39,"b:55:5:55:Infinity:undefined:undefined:undefined:undefined":29,"s:55:5:55:Infinity":40,"s:55:29:55:Infinity":41,"s:56:5:56:Infinity":42,"s:62:33:68:Infinity":43,"f:62:33:62:34":2,"b:63:2:67:Infinity:65:9:67:Infinity":30,"s:63:2:67:Infinity":44,"s:64:4:64:Infinity":45,"s:66:4:66:Infinity":46,"s:70:40:73:Infinity":47,"f:70:40:70:41":3,"b:71:2:71:Infinity:undefined:undefined:undefined:undefined":31,"s:71:2:71:Infinity":48,"s:71:24:71:Infinity":49,"s:72:2:72:Infinity":50,"s:75:27:79:Infinity":51,"f:75:27:75:28":4,"s:78:2:78:Infinity":52,"s:84:34:104:Infinity":53,"f:84:34:84:Infinity":5,"s:89:15:89:Infinity":54,"s:90:15:90:Infinity":55,"s:91:18:91:Infinity":56,"s:93:15:93:Infinity":57,"s:94:15:94:Infinity":58,"s:95:18:95:Infinity":59,"s:97:23:97:Infinity":60,"s:99:2:103:Infinity":61,"s:106:33:124:Infinity":62,"f:106:33:106:Infinity":6,"b:111:2:111:Infinity:undefined:undefined:undefined:undefined":32,"s:111:2:111:Infinity":63,"s:111:17:111:Infinity":64,"s:113:12:113:Infinity":65,"b:115:2:121:Infinity:117:2:121:Infinity":33,"s:115:2:121:Infinity":66,"b:115:6:115:19:115:19:115:36":34,"s:116:4:116:Infinity":67,"b:117:2:121:Infinity:119:2:121:Infinity":35,"s:117:2:121:Infinity":68,"b:117:13:117:25:117:25:117:42":36,"s:118:4:118:Infinity":69,"b:119:2:121:Infinity:undefined:undefined:undefined:undefined":37,"s:119:2:121:Infinity":70,"b:119:13:119:25:119:25:119:42":38,"s:120:4:120:Infinity":71,"s:123:2:123:Infinity":72,"s:126:30:133:Infinity":73,"f:126:30:126:31":7,"s:127:2:132:Infinity":74}}}
}
