{"C:\\Dev\\Projects\\EdgeLab\\constants.ts": {"path":"C:\\Dev\\Projects\\EdgeLab\\constants.ts","statementMap":{"0":{"start":{"line":7,"column":4},"end":{"line":13,"column":null}},"1":{"start":{"line":15,"column":96},"end":{"line":20,"column":null}},"2":{"start":{"line":22,"column":28},"end":{"line":25,"column":null}},"3":{"start":{"line":27,"column":27},"end":{"line":27,"column":null}},"4":{"start":{"line":29,"column":22},"end":{"line":31,"column":null}},"5":{"start":{"line":33,"column":28},"end":{"line":38,"column":null}},"6":{"start":{"line":40,"column":94},"end":{"line":121,"column":null}},"7":{"start":{"line":123,"column":31},"end":{"line":123,"column":null}},"8":{"start":{"line":125,"column":26},"end":{"line":151,"column":null}},"9":{"start":{"line":153,"column":38},"end":{"line":153,"column":null}},"10":{"start":{"line":240,"column":33},"end":{"line":240,"column":null}},"11":{"start":{"line":264,"column":39},"end":{"line":264,"column":null}}},"fnMap":{},"branchMap":{},"s":{"0":2,"1":2,"2":2,"3":2,"4":2,"5":2,"6":2,"7":2,"8":2,"9":2,"10":2,"11":2},"f":{},"b":{},"meta":{"lastBranch":0,"lastFunction":0,"lastStatement":12,"seen":{"s:7:4:13:Infinity":0,"s:15:96:20:Infinity":1,"s:22:28:25:Infinity":2,"s:27:27:27:Infinity":3,"s:29:22:31:Infinity":4,"s:33:28:38:Infinity":5,"s:40:94:121:Infinity":6,"s:123:31:123:Infinity":7,"s:125:26:151:Infinity":8,"s:153:38:153:Infinity":9,"s:240:33:240:Infinity":10,"s:264:39:264:Infinity":11}}}
,"C:\\Dev\\Projects\\EdgeLab\\types.ts": {"path":"C:\\Dev\\Projects\\EdgeLab\\types.ts","statementMap":{"0":{"start":{"line":225,"column":7},"end":{"line":225,"column":null}},"1":{"start":{"line":226,"column":2},"end":{"line":226,"column":null}},"2":{"start":{"line":227,"column":2},"end":{"line":227,"column":null}},"3":{"start":{"line":228,"column":2},"end":{"line":228,"column":null}},"4":{"start":{"line":229,"column":2},"end":{"line":229,"column":null}},"5":{"start":{"line":225,"column":12},"end":{"line":225,"column":null}},"6":{"start":{"line":232,"column":7},"end":{"line":232,"column":null}},"7":{"start":{"line":233,"column":2},"end":{"line":233,"column":null}},"8":{"start":{"line":234,"column":2},"end":{"line":234,"column":null}},"9":{"start":{"line":235,"column":2},"end":{"line":235,"column":null}},"10":{"start":{"line":236,"column":2},"end":{"line":236,"column":null}},"11":{"start":{"line":237,"column":2},"end":{"line":237,"column":null}},"12":{"start":{"line":238,"column":2},"end":{"line":238,"column":null}},"13":{"start":{"line":239,"column":2},"end":{"line":239,"column":null}},"14":{"start":{"line":240,"column":2},"end":{"line":240,"column":null}},"15":{"start":{"line":241,"column":2},"end":{"line":241,"column":null}},"16":{"start":{"line":242,"column":2},"end":{"line":242,"column":null}},"17":{"start":{"line":243,"column":2},"end":{"line":243,"column":null}},"18":{"start":{"line":244,"column":2},"end":{"line":244,"column":null}},"19":{"start":{"line":245,"column":2},"end":{"line":245,"column":null}},"20":{"start":{"line":246,"column":2},"end":{"line":246,"column":null}},"21":{"start":{"line":247,"column":2},"end":{"line":247,"column":null}},"22":{"start":{"line":248,"column":2},"end":{"line":248,"column":null}},"23":{"start":{"line":232,"column":12},"end":{"line":232,"column":null}}},"fnMap":{"0":{"name":"(anonymous_0)","decl":{"start":{"line":225,"column":7},"end":{"line":225,"column":12}},"loc":{"start":{"line":225,"column":7},"end":{"line":225,"column":null}},"line":225},"1":{"name":"(anonymous_1)","decl":{"start":{"line":232,"column":7},"end":{"line":232,"column":12}},"loc":{"start":{"line":232,"column":7},"end":{"line":232,"column":null}},"line":232}},"branchMap":{"0":{"loc":{"start":{"line":225,"column":12},"end":{"line":225,"column":null}},"type":"binary-expr","locations":[{"start":{"line":225,"column":12},"end":{"line":225,"column":null}},{"start":{"line":225,"column":12},"end":{"line":225,"column":null}}],"line":225},"1":{"loc":{"start":{"line":232,"column":12},"end":{"line":232,"column":null}},"type":"binary-expr","locations":[{"start":{"line":232,"column":12},"end":{"line":232,"column":null}},{"start":{"line":232,"column":12},"end":{"line":232,"column":null}}],"line":232}},"s":{"0":2,"1":2,"2":2,"3":2,"4":2,"5":2,"6":2,"7":2,"8":2,"9":2,"10":2,"11":2,"12":2,"13":2,"14":2,"15":2,"16":2,"17":2,"18":2,"19":2,"20":2,"21":2,"22":2,"23":2},"f":{"0":2,"1":2},"b":{"0":[2,2],"1":[2,2]},"meta":{"lastBranch":2,"lastFunction":2,"lastStatement":24,"seen":{"s:225:7:225:Infinity":0,"f:225:7:225:12":0,"s:226:2:226:Infinity":1,"s:227:2:227:Infinity":2,"s:228:2:228:Infinity":3,"s:229:2:229:Infinity":4,"s:225:12:225:Infinity":5,"b:225:12:225:Infinity:225:12:225:Infinity":0,"s:232:7:232:Infinity":6,"f:232:7:232:12":1,"s:233:2:233:Infinity":7,"s:234:2:234:Infinity":8,"s:235:2:235:Infinity":9,"s:236:2:236:Infinity":10,"s:237:2:237:Infinity":11,"s:238:2:238:Infinity":12,"s:239:2:239:Infinity":13,"s:240:2:240:Infinity":14,"s:241:2:241:Infinity":15,"s:242:2:242:Infinity":16,"s:243:2:243:Infinity":17,"s:244:2:244:Infinity":18,"s:245:2:245:Infinity":19,"s:246:2:246:Infinity":20,"s:247:2:247:Infinity":21,"s:248:2:248:Infinity":22,"s:232:12:232:Infinity":23,"b:232:12:232:Infinity:232:12:232:Infinity":1}}}
,"C:\\Dev\\Projects\\EdgeLab\\data\\teams.ts": {"path":"C:\\Dev\\Projects\\EdgeLab\\data\\teams.ts","statementMap":{"0":{"start":{"line":5,"column":35},"end":{"line":5,"column":null}},"1":{"start":{"line":6,"column":35},"end":{"line":6,"column":null}},"2":{"start":{"line":7,"column":35},"end":{"line":7,"column":null}},"3":{"start":{"line":8,"column":35},"end":{"line":8,"column":null}}},"fnMap":{},"branchMap":{},"s":{"0":1,"1":1,"2":1,"3":1},"f":{},"b":{},"meta":{"lastBranch":0,"lastFunction":0,"lastStatement":4,"seen":{"s:5:35:5:Infinity":0,"s:6:35:6:Infinity":1,"s:7:35:7:Infinity":2,"s:8:35:8:Infinity":3}}}
,"C:\\Dev\\Projects\\EdgeLab\\services\\geminiService.ts": {"path":"C:\\Dev\\Projects\\EdgeLab\\services\\geminiService.ts","statementMap":{"0":{"start":{"line":12,"column":27},"end":{"line":13,"column":null}},"1":{"start":{"line":13,"column":2},"end":{"line":13,"column":null}},"2":{"start":{"line":15,"column":31},"end":{"line":22,"column":null}},"3":{"start":{"line":15,"column":58},"end":{"line":22,"column":null}},"4":{"start":{"line":43,"column":31},"end":{"line":43,"column":null}},"5":{"start":{"line":52,"column":31},"end":{"line":57,"column":null}},"6":{"start":{"line":59,"column":20},"end":{"line":66,"column":null}},"7":{"start":{"line":60,"column":2},"end":{"line":64,"column":null}},"8":{"start":{"line":61,"column":4},"end":{"line":63,"column":null}},"9":{"start":{"line":62,"column":6},"end":{"line":62,"column":null}},"10":{"start":{"line":65,"column":2},"end":{"line":65,"column":null}},"11":{"start":{"line":68,"column":23},"end":{"line":73,"column":null}},"12":{"start":{"line":69,"column":2},"end":{"line":69,"column":null}},"13":{"start":{"line":69,"column":13},"end":{"line":69,"column":null}},"14":{"start":{"line":70,"column":15},"end":{"line":70,"column":null}},"15":{"start":{"line":71,"column":2},"end":{"line":71,"column":null}},"16":{"start":{"line":71,"column":13},"end":{"line":71,"column":null}},"17":{"start":{"line":72,"column":2},"end":{"line":72,"column":null}},"18":{"start":{"line":79,"column":28},"end":{"line":94,"column":null}},"19":{"start":{"line":80,"column":14},"end":{"line":80,"column":null}},"20":{"start":{"line":81,"column":2},"end":{"line":81,"column":null}},"21":{"start":{"line":81,"column":18},"end":{"line":81,"column":null}},"22":{"start":{"line":83,"column":26},"end":{"line":83,"column":null}},"23":{"start":{"line":85,"column":2},"end":{"line":91,"column":null}},"24":{"start":{"line":86,"column":4},"end":{"line":90,"column":null}},"25":{"start":{"line":87,"column":6},"end":{"line":87,"column":null}},"26":{"start":{"line":89,"column":6},"end":{"line":89,"column":null}},"27":{"start":{"line":93,"column":2},"end":{"line":93,"column":null}},"28":{"start":{"line":97,"column":36},"end":{"line":120,"column":null}},"29":{"start":{"line":98,"column":2},"end":{"line":98,"column":null}},"30":{"start":{"line":98,"column":31},"end":{"line":98,"column":null}},"31":{"start":{"line":100,"column":14},"end":{"line":100,"column":null}},"32":{"start":{"line":101,"column":2},"end":{"line":101,"column":null}},"33":{"start":{"line":101,"column":18},"end":{"line":101,"column":null}},"34":{"start":{"line":104,"column":26},"end":{"line":104,"column":null}},"35":{"start":{"line":106,"column":2},"end":{"line":115,"column":null}},"36":{"start":{"line":108,"column":4},"end":{"line":114,"column":null}},"37":{"start":{"line":109,"column":6},"end":{"line":109,"column":null}},"38":{"start":{"line":110,"column":6},"end":{"line":110,"column":null}},"39":{"start":{"line":112,"column":6},"end":{"line":112,"column":null}},"40":{"start":{"line":113,"column":6},"end":{"line":113,"column":null}},"41":{"start":{"line":118,"column":17},"end":{"line":118,"column":null}},"42":{"start":{"line":119,"column":2},"end":{"line":119,"column":null}},"43":{"start":{"line":122,"column":37},"end":{"line":131,"column":null}},"44":{"start":{"line":123,"column":12},"end":{"line":123,"column":null}},"45":{"start":{"line":124,"column":2},"end":{"line":124,"column":null}},"46":{"start":{"line":124,"column":27},"end":{"line":124,"column":null}},"47":{"start":{"line":126,"column":2},"end":{"line":130,"column":null}},"48":{"start":{"line":127,"column":4},"end":{"line":127,"column":null}},"49":{"start":{"line":129,"column":4},"end":{"line":129,"column":null}},"50":{"start":{"line":133,"column":34},"end":{"line":147,"column":null}},"51":{"start":{"line":137,"column":19},"end":{"line":137,"column":null}},"52":{"start":{"line":138,"column":19},"end":{"line":138,"column":null}},"53":{"start":{"line":140,"column":16},"end":{"line":140,"column":null}},"54":{"start":{"line":141,"column":2},"end":{"line":141,"column":null}},"55":{"start":{"line":141,"column":19},"end":{"line":141,"column":null}},"56":{"start":{"line":143,"column":2},"end":{"line":146,"column":null}},"57":{"start":{"line":151,"column":27},"end":{"line":153,"column":null}},"58":{"start":{"line":152,"column":2},"end":{"line":152,"column":null}},"59":{"start":{"line":155,"column":34},"end":{"line":165,"column":null}},"60":{"start":{"line":159,"column":16},"end":{"line":159,"column":null}},"61":{"start":{"line":160,"column":15},"end":{"line":160,"column":null}},"62":{"start":{"line":162,"column":2},"end":{"line":162,"column":null}},"63":{"start":{"line":162,"column":64},"end":{"line":162,"column":null}},"64":{"start":{"line":164,"column":2},"end":{"line":164,"column":null}},"65":{"start":{"line":167,"column":33},"end":{"line":175,"column":null}},"66":{"start":{"line":171,"column":16},"end":{"line":171,"column":null}},"67":{"start":{"line":172,"column":15},"end":{"line":172,"column":null}},"68":{"start":{"line":173,"column":2},"end":{"line":173,"column":null}},"69":{"start":{"line":173,"column":35},"end":{"line":173,"column":null}},"70":{"start":{"line":174,"column":2},"end":{"line":174,"column":null}},"71":{"start":{"line":177,"column":32},"end":{"line":207,"column":null}},"72":{"start":{"line":180,"column":2},"end":{"line":180,"column":null}},"73":{"start":{"line":180,"column":24},"end":{"line":180,"column":null}},"74":{"start":{"line":182,"column":18},"end":{"line":182,"column":null}},"75":{"start":{"line":184,"column":20},"end":{"line":184,"column":null}},"76":{"start":{"line":185,"column":2},"end":{"line":197,"column":null}},"77":{"start":{"line":187,"column":6},"end":{"line":187,"column":null}},"78":{"start":{"line":188,"column":6},"end":{"line":188,"column":null}},"79":{"start":{"line":190,"column":6},"end":{"line":190,"column":null}},"80":{"start":{"line":191,"column":6},"end":{"line":191,"column":null}},"81":{"start":{"line":193,"column":6},"end":{"line":193,"column":null}},"82":{"start":{"line":194,"column":6},"end":{"line":194,"column":null}},"83":{"start":{"line":196,"column":6},"end":{"line":196,"column":null}},"84":{"start":{"line":199,"column":2},"end":{"line":204,"column":null}},"85":{"start":{"line":200,"column":4},"end":{"line":203,"column":null}},"86":{"start":{"line":206,"column":2},"end":{"line":206,"column":null}},"87":{"start":{"line":213,"column":26},"end":{"line":243,"column":null}},"88":{"start":{"line":217,"column":2},"end":{"line":220,"column":null}},"89":{"start":{"line":218,"column":4},"end":{"line":218,"column":null}},"90":{"start":{"line":219,"column":4},"end":{"line":219,"column":null}},"91":{"start":{"line":222,"column":2},"end":{"line":242,"column":null}},"92":{"start":{"line":223,"column":16},"end":{"line":226,"column":null}},"93":{"start":{"line":228,"column":23},"end":{"line":228,"column":null}},"94":{"start":{"line":229,"column":22},"end":{"line":229,"column":null}},"95":{"start":{"line":231,"column":4},"end":{"line":236,"column":null}},"96":{"start":{"line":232,"column":6},"end":{"line":232,"column":null}},"97":{"start":{"line":234,"column":6},"end":{"line":234,"column":null}},"98":{"start":{"line":235,"column":6},"end":{"line":235,"column":null}},"99":{"start":{"line":238,"column":4},"end":{"line":238,"column":null}},"100":{"start":{"line":240,"column":4},"end":{"line":240,"column":null}},"101":{"start":{"line":241,"column":4},"end":{"line":241,"column":null}},"102":{"start":{"line":245,"column":21},"end":{"line":258,"column":null}},"103":{"start":{"line":246,"column":2},"end":{"line":257,"column":null}},"104":{"start":{"line":247,"column":19},"end":{"line":247,"column":null}},"105":{"start":{"line":248,"column":4},"end":{"line":248,"column":null}},"106":{"start":{"line":249,"column":4},"end":{"line":255,"column":null}},"107":{"start":{"line":250,"column":20},"end":{"line":250,"column":null}},"108":{"start":{"line":251,"column":6},"end":{"line":253,"column":null}},"109":{"start":{"line":252,"column":8},"end":{"line":252,"column":null}},"110":{"start":{"line":254,"column":6},"end":{"line":254,"column":null}},"111":{"start":{"line":256,"column":4},"end":{"line":256,"column":null}},"112":{"start":{"line":256,"column":32},"end":{"line":256,"column":null}},"113":{"start":{"line":261,"column":36},"end":{"line":282,"column":null}},"114":{"start":{"line":265,"column":13},"end":{"line":265,"column":null}},"115":{"start":{"line":266,"column":2},"end":{"line":280,"column":null}},"116":{"start":{"line":267,"column":4},"end":{"line":279,"column":null}},"117":{"start":{"line":268,"column":6},"end":{"line":268,"column":null}},"118":{"start":{"line":269,"column":19},"end":{"line":272,"column":null}},"119":{"start":{"line":273,"column":6},"end":{"line":273,"column":null}},"120":{"start":{"line":273,"column":21},"end":{"line":273,"column":null}},"121":{"start":{"line":274,"column":6},"end":{"line":274,"column":null}},"122":{"start":{"line":276,"column":6},"end":{"line":276,"column":null}},"123":{"start":{"line":278,"column":6},"end":{"line":278,"column":null}},"124":{"start":{"line":278,"column":47},"end":{"line":278,"column":null}},"125":{"start":{"line":281,"column":2},"end":{"line":281,"column":null}},"126":{"start":{"line":284,"column":26},"end":{"line":292,"column":null}},"127":{"start":{"line":285,"column":2},"end":{"line":285,"column":null}},"128":{"start":{"line":285,"column":37},"end":{"line":285,"column":null}},"129":{"start":{"line":286,"column":2},"end":{"line":291,"column":null}},"130":{"start":{"line":287,"column":19},"end":{"line":287,"column":null}},"131":{"start":{"line":288,"column":4},"end":{"line":288,"column":null}},"132":{"start":{"line":290,"column":4},"end":{"line":290,"column":null}},"133":{"start":{"line":294,"column":25},"end":{"line":299,"column":null}},"134":{"start":{"line":295,"column":2},"end":{"line":295,"column":null}},"135":{"start":{"line":295,"column":33},"end":{"line":295,"column":null}},"136":{"start":{"line":296,"column":18},"end":{"line":296,"column":null}},"137":{"start":{"line":297,"column":17},"end":{"line":297,"column":null}},"138":{"start":{"line":298,"column":2},"end":{"line":298,"column":null}},"139":{"start":{"line":301,"column":26},"end":{"line":322,"column":null}},"140":{"start":{"line":307,"column":2},"end":{"line":307,"column":null}},"141":{"start":{"line":307,"column":18},"end":{"line":307,"column":null}},"142":{"start":{"line":308,"column":18},"end":{"line":308,"column":null}},"143":{"start":{"line":309,"column":19},"end":{"line":309,"column":null}},"144":{"start":{"line":310,"column":2},"end":{"line":310,"column":null}},"145":{"start":{"line":310,"column":45},"end":{"line":310,"column":null}},"146":{"start":{"line":312,"column":2},"end":{"line":315,"column":null}},"147":{"start":{"line":313,"column":4},"end":{"line":313,"column":null}},"148":{"start":{"line":313,"column":25},"end":{"line":313,"column":null}},"149":{"start":{"line":314,"column":4},"end":{"line":314,"column":null}},"150":{"start":{"line":314,"column":26},"end":{"line":314,"column":null}},"151":{"start":{"line":317,"column":2},"end":{"line":319,"column":null}},"152":{"start":{"line":318,"column":4},"end":{"line":318,"column":null}},"153":{"start":{"line":321,"column":2},"end":{"line":321,"column":null}},"154":{"start":{"line":324,"column":26},"end":{"line":333,"column":null}},"155":{"start":{"line":328,"column":2},"end":{"line":328,"column":null}},"156":{"start":{"line":328,"column":18},"end":{"line":328,"column":null}},"157":{"start":{"line":329,"column":18},"end":{"line":329,"column":null}},"158":{"start":{"line":330,"column":19},"end":{"line":330,"column":null}},"159":{"start":{"line":331,"column":2},"end":{"line":331,"column":null}},"160":{"start":{"line":331,"column":29},"end":{"line":331,"column":null}},"161":{"start":{"line":332,"column":2},"end":{"line":332,"column":null}},"162":{"start":{"line":353,"column":24},"end":{"line":485,"column":null}},"163":{"start":{"line":357,"column":31},"end":{"line":357,"column":null}},"164":{"start":{"line":359,"column":20},"end":{"line":433,"column":null}},"165":{"start":{"line":367,"column":20},"end":{"line":367,"column":null}},"166":{"start":{"line":368,"column":19},"end":{"line":368,"column":null}},"167":{"start":{"line":369,"column":19},"end":{"line":369,"column":null}},"168":{"start":{"line":370,"column":19},"end":{"line":370,"column":null}},"169":{"start":{"line":371,"column":24},"end":{"line":371,"column":null}},"170":{"start":{"line":372,"column":25},"end":{"line":372,"column":null}},"171":{"start":{"line":373,"column":24},"end":{"line":373,"column":null}},"172":{"start":{"line":375,"column":4},"end":{"line":411,"column":null}},"173":{"start":{"line":376,"column":23},"end":{"line":376,"column":null}},"174":{"start":{"line":377,"column":23},"end":{"line":377,"column":null}},"175":{"start":{"line":379,"column":6},"end":{"line":380,"column":null}},"176":{"start":{"line":380,"column":8},"end":{"line":380,"column":null}},"177":{"start":{"line":382,"column":19},"end":{"line":382,"column":null}},"178":{"start":{"line":383,"column":6},"end":{"line":383,"column":null}},"179":{"start":{"line":383,"column":33},"end":{"line":383,"column":null}},"180":{"start":{"line":385,"column":24},"end":{"line":385,"column":null}},"181":{"start":{"line":386,"column":25},"end":{"line":386,"column":null}},"182":{"start":{"line":388,"column":6},"end":{"line":388,"column":null}},"183":{"start":{"line":388,"column":37},"end":{"line":388,"column":null}},"184":{"start":{"line":391,"column":8},"end":{"line":393,"column":null}},"185":{"start":{"line":395,"column":6},"end":{"line":397,"column":null}},"186":{"start":{"line":396,"column":8},"end":{"line":396,"column":null}},"187":{"start":{"line":400,"column":12},"end":{"line":401,"column":null}},"188":{"start":{"line":403,"column":6},"end":{"line":410,"column":null}},"189":{"start":{"line":404,"column":8},"end":{"line":404,"column":null}},"190":{"start":{"line":405,"column":8},"end":{"line":405,"column":null}},"191":{"start":{"line":406,"column":8},"end":{"line":406,"column":null}},"192":{"start":{"line":407,"column":8},"end":{"line":407,"column":null}},"193":{"start":{"line":408,"column":8},"end":{"line":408,"column":null}},"194":{"start":{"line":409,"column":8},"end":{"line":409,"column":null}},"195":{"start":{"line":413,"column":4},"end":{"line":432,"column":null}},"196":{"start":{"line":415,"column":8},"end":{"line":417,"column":null}},"197":{"start":{"line":419,"column":6},"end":{"line":431,"column":null}},"198":{"start":{"line":435,"column":2},"end":{"line":442,"column":null}},"199":{"start":{"line":440,"column":11},"end":{"line":440,"column":null}},"200":{"start":{"line":441,"column":11},"end":{"line":441,"column":null}},"201":{"start":{"line":443,"column":2},"end":{"line":450,"column":null}},"202":{"start":{"line":448,"column":11},"end":{"line":448,"column":null}},"203":{"start":{"line":449,"column":11},"end":{"line":449,"column":null}},"204":{"start":{"line":451,"column":2},"end":{"line":458,"column":null}},"205":{"start":{"line":456,"column":10},"end":{"line":456,"column":null}},"206":{"start":{"line":457,"column":11},"end":{"line":457,"column":null}},"207":{"start":{"line":459,"column":2},"end":{"line":466,"column":null}},"208":{"start":{"line":464,"column":10},"end":{"line":464,"column":null}},"209":{"start":{"line":465,"column":11},"end":{"line":465,"column":null}},"210":{"start":{"line":467,"column":2},"end":{"line":474,"column":null}},"211":{"start":{"line":472,"column":11},"end":{"line":472,"column":null}},"212":{"start":{"line":473,"column":11},"end":{"line":473,"column":null}},"213":{"start":{"line":475,"column":2},"end":{"line":482,"column":null}},"214":{"start":{"line":480,"column":11},"end":{"line":480,"column":null}},"215":{"start":{"line":481,"column":11},"end":{"line":481,"column":null}},"216":{"start":{"line":484,"column":2},"end":{"line":484,"column":null}},"217":{"start":{"line":491,"column":24},"end":{"line":506,"column":null}},"218":{"start":{"line":508,"column":42},"end":{"line":544,"column":null}},"219":{"start":{"line":511,"column":17},"end":{"line":511,"column":null}},"220":{"start":{"line":513,"column":19},"end":{"line":528,"column":null}},"221":{"start":{"line":530,"column":30},"end":{"line":541,"column":null}},"222":{"start":{"line":543,"column":2},"end":{"line":543,"column":null}},"223":{"start":{"line":563,"column":36},"end":{"line":587,"column":null}},"224":{"start":{"line":589,"column":24},"end":{"line":590,"column":null}},"225":{"start":{"line":590,"column":2},"end":{"line":590,"column":null}},"226":{"start":{"line":592,"column":32},"end":{"line":598,"column":null}},"227":{"start":{"line":593,"column":2},"end":{"line":593,"column":null}},"228":{"start":{"line":593,"column":14},"end":{"line":593,"column":null}},"229":{"start":{"line":594,"column":16},"end":{"line":594,"column":null}},"230":{"start":{"line":595,"column":2},"end":{"line":596,"column":null}},"231":{"start":{"line":596,"column":4},"end":{"line":596,"column":null}},"232":{"start":{"line":597,"column":2},"end":{"line":597,"column":null}},"233":{"start":{"line":600,"column":27},"end":{"line":609,"column":null}},"234":{"start":{"line":603,"column":2},"end":{"line":603,"column":null}},"235":{"start":{"line":603,"column":14},"end":{"line":603,"column":null}},"236":{"start":{"line":604,"column":21},"end":{"line":604,"column":null}},"237":{"start":{"line":605,"column":2},"end":{"line":605,"column":null}},"238":{"start":{"line":605,"column":34},"end":{"line":605,"column":null}},"239":{"start":{"line":606,"column":2},"end":{"line":606,"column":null}},"240":{"start":{"line":606,"column":31},"end":{"line":606,"column":null}},"241":{"start":{"line":607,"column":2},"end":{"line":607,"column":null}},"242":{"start":{"line":607,"column":30},"end":{"line":607,"column":null}},"243":{"start":{"line":608,"column":2},"end":{"line":608,"column":null}},"244":{"start":{"line":611,"column":27},"end":{"line":615,"column":null}},"245":{"start":{"line":612,"column":2},"end":{"line":612,"column":null}},"246":{"start":{"line":612,"column":13},"end":{"line":612,"column":null}},"247":{"start":{"line":613,"column":20},"end":{"line":613,"column":null}},"248":{"start":{"line":614,"column":2},"end":{"line":614,"column":null}},"249":{"start":{"line":617,"column":26},"end":{"line":621,"column":null}},"250":{"start":{"line":618,"column":2},"end":{"line":618,"column":null}},"251":{"start":{"line":618,"column":19},"end":{"line":618,"column":null}},"252":{"start":{"line":619,"column":2},"end":{"line":619,"column":null}},"253":{"start":{"line":619,"column":19},"end":{"line":619,"column":null}},"254":{"start":{"line":620,"column":2},"end":{"line":620,"column":null}},"255":{"start":{"line":623,"column":26},"end":{"line":631,"column":null}},"256":{"start":{"line":624,"column":2},"end":{"line":626,"column":null}},"257":{"start":{"line":625,"column":4},"end":{"line":625,"column":null}},"258":{"start":{"line":627,"column":2},"end":{"line":629,"column":null}},"259":{"start":{"line":628,"column":4},"end":{"line":628,"column":null}},"260":{"start":{"line":630,"column":2},"end":{"line":630,"column":null}},"261":{"start":{"line":633,"column":27},"end":{"line":643,"column":null}},"262":{"start":{"line":638,"column":16},"end":{"line":638,"column":null}},"263":{"start":{"line":639,"column":2},"end":{"line":641,"column":null}},"264":{"start":{"line":640,"column":4},"end":{"line":640,"column":null}},"265":{"start":{"line":642,"column":2},"end":{"line":642,"column":null}},"266":{"start":{"line":645,"column":27},"end":{"line":873,"column":null}},"267":{"start":{"line":649,"column":24},"end":{"line":649,"column":null}},"268":{"start":{"line":651,"column":2},"end":{"line":661,"column":null}},"269":{"start":{"line":652,"column":4},"end":{"line":660,"column":null}},"270":{"start":{"line":663,"column":19},"end":{"line":663,"column":null}},"271":{"start":{"line":664,"column":2},"end":{"line":674,"column":null}},"272":{"start":{"line":665,"column":4},"end":{"line":673,"column":null}},"273":{"start":{"line":676,"column":21},"end":{"line":685,"column":null}},"274":{"start":{"line":677,"column":28},"end":{"line":681,"column":null}},"275":{"start":{"line":682,"column":31},"end":{"line":682,"column":null}},"276":{"start":{"line":683,"column":17},"end":{"line":683,"column":null}},"277":{"start":{"line":684,"column":4},"end":{"line":684,"column":null}},"278":{"start":{"line":687,"column":15},"end":{"line":687,"column":null}},"279":{"start":{"line":687,"column":41},"end":{"line":687,"column":56}},"280":{"start":{"line":688,"column":2},"end":{"line":702,"column":null}},"281":{"start":{"line":689,"column":4},"end":{"line":701,"column":null}},"282":{"start":{"line":704,"column":19},"end":{"line":704,"column":null}},"283":{"start":{"line":706,"column":4},"end":{"line":708,"column":null}},"284":{"start":{"line":711,"column":4},"end":{"line":715,"column":null}},"285":{"start":{"line":717,"column":15},"end":{"line":717,"column":null}},"286":{"start":{"line":719,"column":4},"end":{"line":721,"column":null}},"287":{"start":{"line":727,"column":2},"end":{"line":742,"column":null}},"288":{"start":{"line":728,"column":4},"end":{"line":731,"column":null}},"289":{"start":{"line":734,"column":4},"end":{"line":734,"column":null}},"290":{"start":{"line":735,"column":4},"end":{"line":738,"column":null}},"291":{"start":{"line":740,"column":4},"end":{"line":740,"column":null}},"292":{"start":{"line":741,"column":4},"end":{"line":741,"column":null}},"293":{"start":{"line":745,"column":18},"end":{"line":745,"column":null}},"294":{"start":{"line":747,"column":17},"end":{"line":765,"column":null}},"295":{"start":{"line":776,"column":2},"end":{"line":814,"column":null}},"296":{"start":{"line":777,"column":21},"end":{"line":789,"column":null}},"297":{"start":{"line":790,"column":4},"end":{"line":799,"column":null}},"298":{"start":{"line":801,"column":4},"end":{"line":813,"column":null}},"299":{"start":{"line":816,"column":24},"end":{"line":816,"column":null}},"300":{"start":{"line":817,"column":30},"end":{"line":817,"column":null}},"301":{"start":{"line":818,"column":26},"end":{"line":818,"column":null}},"302":{"start":{"line":819,"column":20},"end":{"line":819,"column":null}},"303":{"start":{"line":822,"column":4},"end":{"line":824,"column":null}},"304":{"start":{"line":826,"column":19},"end":{"line":826,"column":null}},"305":{"start":{"line":828,"column":4},"end":{"line":830,"column":null}},"306":{"start":{"line":831,"column":18},"end":{"line":834,"column":null}},"307":{"start":{"line":836,"column":2},"end":{"line":872,"column":null}},"308":{"start":{"line":875,"column":39},"end":{"line":1025,"column":null}},"309":{"start":{"line":879,"column":24},"end":{"line":879,"column":null}},"310":{"start":{"line":880,"column":18},"end":{"line":880,"column":null}},"311":{"start":{"line":882,"column":16},"end":{"line":882,"column":null}},"312":{"start":{"line":883,"column":2},"end":{"line":890,"column":null}},"313":{"start":{"line":884,"column":4},"end":{"line":889,"column":null}},"314":{"start":{"line":892,"column":2},"end":{"line":894,"column":null}},"315":{"start":{"line":893,"column":4},"end":{"line":893,"column":null}},"316":{"start":{"line":896,"column":2},"end":{"line":903,"column":null}},"317":{"start":{"line":897,"column":4},"end":{"line":902,"column":null}},"318":{"start":{"line":905,"column":19},"end":{"line":905,"column":null}},"319":{"start":{"line":907,"column":23},"end":{"line":909,"column":null}},"320":{"start":{"line":908,"column":11},"end":{"line":908,"column":null}},"321":{"start":{"line":911,"column":25},"end":{"line":911,"column":null}},"322":{"start":{"line":913,"column":2},"end":{"line":923,"column":null}},"323":{"start":{"line":914,"column":4},"end":{"line":922,"column":null}},"324":{"start":{"line":925,"column":2},"end":{"line":929,"column":null}},"325":{"start":{"line":932,"column":4},"end":{"line":932,"column":null}},"326":{"start":{"line":934,"column":22},"end":{"line":934,"column":null}},"327":{"start":{"line":935,"column":2},"end":{"line":945,"column":null}},"328":{"start":{"line":936,"column":4},"end":{"line":944,"column":null}},"329":{"start":{"line":951,"column":2},"end":{"line":967,"column":null}},"330":{"start":{"line":952,"column":4},"end":{"line":955,"column":null}},"331":{"start":{"line":958,"column":4},"end":{"line":958,"column":null}},"332":{"start":{"line":959,"column":4},"end":{"line":962,"column":null}},"333":{"start":{"line":963,"column":2},"end":{"line":967,"column":null}},"334":{"start":{"line":964,"column":4},"end":{"line":964,"column":null}},"335":{"start":{"line":965,"column":4},"end":{"line":965,"column":null}},"336":{"start":{"line":966,"column":4},"end":{"line":966,"column":null}},"337":{"start":{"line":969,"column":19},"end":{"line":974,"column":null}},"338":{"start":{"line":975,"column":19},"end":{"line":975,"column":null}},"339":{"start":{"line":977,"column":2},"end":{"line":990,"column":null}},"340":{"start":{"line":978,"column":4},"end":{"line":989,"column":null}},"341":{"start":{"line":993,"column":4},"end":{"line":997,"column":null}},"342":{"start":{"line":1000,"column":4},"end":{"line":1002,"column":null}},"343":{"start":{"line":1004,"column":2},"end":{"line":1024,"column":null}},"344":{"start":{"line":1031,"column":29},"end":{"line":1126,"column":null}},"345":{"start":{"line":1034,"column":17},"end":{"line":1034,"column":null}},"346":{"start":{"line":1035,"column":2},"end":{"line":1043,"column":null}},"347":{"start":{"line":1036,"column":4},"end":{"line":1042,"column":null}},"348":{"start":{"line":1045,"column":18},"end":{"line":1045,"column":null}},"349":{"start":{"line":1046,"column":23},"end":{"line":1050,"column":null}},"350":{"start":{"line":1052,"column":17},"end":{"line":1053,"column":null}},"351":{"start":{"line":1070,"column":2},"end":{"line":1125,"column":null}},"352":{"start":{"line":1071,"column":21},"end":{"line":1081,"column":null}},"353":{"start":{"line":1083,"column":4},"end":{"line":1089,"column":null}},"354":{"start":{"line":1091,"column":4},"end":{"line":1091,"column":null}},"355":{"start":{"line":1094,"column":4},"end":{"line":1124,"column":null}},"356":{"start":{"line":1095,"column":23},"end":{"line":1104,"column":null}},"357":{"start":{"line":1106,"column":6},"end":{"line":1112,"column":null}},"358":{"start":{"line":1114,"column":6},"end":{"line":1114,"column":null}},"359":{"start":{"line":1115,"column":12},"end":{"line":1116,"column":null}},"360":{"start":{"line":1117,"column":6},"end":{"line":1123,"column":null}},"361":{"start":{"line":1128,"column":32},"end":{"line":1147,"column":null}},"362":{"start":{"line":1133,"column":2},"end":{"line":1134,"column":null}},"363":{"start":{"line":1134,"column":4},"end":{"line":1134,"column":null}},"364":{"start":{"line":1136,"column":13},"end":{"line":1136,"column":null}},"365":{"start":{"line":1137,"column":13},"end":{"line":1137,"column":null}},"366":{"start":{"line":1138,"column":2},"end":{"line":1138,"column":null}},"367":{"start":{"line":1138,"column":30},"end":{"line":1138,"column":null}},"368":{"start":{"line":1140,"column":2},"end":{"line":1142,"column":null}},"369":{"start":{"line":1141,"column":4},"end":{"line":1141,"column":null}},"370":{"start":{"line":1143,"column":2},"end":{"line":1145,"column":null}},"371":{"start":{"line":1144,"column":4},"end":{"line":1144,"column":null}},"372":{"start":{"line":1146,"column":2},"end":{"line":1146,"column":null}},"373":{"start":{"line":1150,"column":29},"end":{"line":1165,"column":null}}},"fnMap":{"0":{"name":"(anonymous_0)","decl":{"start":{"line":12,"column":27},"end":{"line":12,"column":null}},"loc":{"start":{"line":13,"column":2},"end":{"line":13,"column":null}},"line":13},"1":{"name":"(anonymous_1)","decl":{"start":{"line":15,"column":31},"end":{"line":15,"column":32}},"loc":{"start":{"line":15,"column":58},"end":{"line":22,"column":null}},"line":15},"2":{"name":"(anonymous_2)","decl":{"start":{"line":59,"column":20},"end":{"line":59,"column":21}},"loc":{"start":{"line":59,"column":73},"end":{"line":66,"column":null}},"line":59},"3":{"name":"(anonymous_3)","decl":{"start":{"line":68,"column":23},"end":{"line":68,"column":24}},"loc":{"start":{"line":68,"column":72},"end":{"line":73,"column":null}},"line":68},"4":{"name":"(anonymous_4)","decl":{"start":{"line":79,"column":28},"end":{"line":79,"column":29}},"loc":{"start":{"line":79,"column":63},"end":{"line":94,"column":null}},"line":79},"5":{"name":"(anonymous_5)","decl":{"start":{"line":97,"column":36},"end":{"line":97,"column":37}},"loc":{"start":{"line":97,"column":71},"end":{"line":120,"column":null}},"line":97},"6":{"name":"(anonymous_6)","decl":{"start":{"line":122,"column":37},"end":{"line":122,"column":38}},"loc":{"start":{"line":122,"column":72},"end":{"line":131,"column":null}},"line":122},"7":{"name":"(anonymous_7)","decl":{"start":{"line":133,"column":34},"end":{"line":133,"column":null}},"loc":{"start":{"line":136,"column":39},"end":{"line":147,"column":null}},"line":136},"8":{"name":"(anonymous_8)","decl":{"start":{"line":151,"column":27},"end":{"line":151,"column":28}},"loc":{"start":{"line":151,"column":53},"end":{"line":153,"column":null}},"line":151},"9":{"name":"(anonymous_9)","decl":{"start":{"line":155,"column":34},"end":{"line":155,"column":null}},"loc":{"start":{"line":158,"column":13},"end":{"line":165,"column":null}},"line":158},"10":{"name":"(anonymous_10)","decl":{"start":{"line":167,"column":33},"end":{"line":167,"column":null}},"loc":{"start":{"line":170,"column":13},"end":{"line":175,"column":null}},"line":170},"11":{"name":"(anonymous_11)","decl":{"start":{"line":177,"column":32},"end":{"line":177,"column":null}},"loc":{"start":{"line":179,"column":46},"end":{"line":207,"column":null}},"line":179},"12":{"name":"(anonymous_12)","decl":{"start":{"line":213,"column":26},"end":{"line":213,"column":null}},"loc":{"start":{"line":216,"column":10},"end":{"line":243,"column":null}},"line":216},"13":{"name":"(anonymous_13)","decl":{"start":{"line":245,"column":21},"end":{"line":245,"column":22}},"loc":{"start":{"line":245,"column":54},"end":{"line":258,"column":null}},"line":245},"14":{"name":"(anonymous_14)","decl":{"start":{"line":246,"column":21},"end":{"line":246,"column":22}},"loc":{"start":{"line":246,"column":42},"end":{"line":257,"column":3}},"line":246},"15":{"name":"(anonymous_15)","decl":{"start":{"line":249,"column":20},"end":{"line":249,"column":26}},"loc":{"start":{"line":249,"column":26},"end":{"line":255,"column":null}},"line":249},"16":{"name":"(anonymous_16)","decl":{"start":{"line":256,"column":21},"end":{"line":256,"column":22}},"loc":{"start":{"line":256,"column":32},"end":{"line":256,"column":null}},"line":256},"17":{"name":"(anonymous_17)","decl":{"start":{"line":261,"column":36},"end":{"line":261,"column":null}},"loc":{"start":{"line":264,"column":5},"end":{"line":282,"column":null}},"line":264},"18":{"name":"(anonymous_18)","decl":{"start":{"line":284,"column":26},"end":{"line":284,"column":27}},"loc":{"start":{"line":284,"column":46},"end":{"line":292,"column":null}},"line":284},"19":{"name":"(anonymous_19)","decl":{"start":{"line":294,"column":25},"end":{"line":294,"column":26}},"loc":{"start":{"line":294,"column":60},"end":{"line":299,"column":null}},"line":294},"20":{"name":"(anonymous_20)","decl":{"start":{"line":301,"column":26},"end":{"line":301,"column":null}},"loc":{"start":{"line":306,"column":14},"end":{"line":322,"column":null}},"line":306},"21":{"name":"(anonymous_21)","decl":{"start":{"line":324,"column":26},"end":{"line":324,"column":null}},"loc":{"start":{"line":327,"column":14},"end":{"line":333,"column":null}},"line":327},"22":{"name":"(anonymous_22)","decl":{"start":{"line":353,"column":24},"end":{"line":353,"column":null}},"loc":{"start":{"line":356,"column":18},"end":{"line":485,"column":null}},"line":356},"23":{"name":"(anonymous_23)","decl":{"start":{"line":359,"column":20},"end":{"line":359,"column":null}},"loc":{"start":{"line":366,"column":7},"end":{"line":433,"column":null}},"line":366},"24":{"name":"(anonymous_24)","decl":{"start":{"line":375,"column":22},"end":{"line":375,"column":23}},"loc":{"start":{"line":375,"column":32},"end":{"line":411,"column":5}},"line":375},"25":{"name":"(anonymous_25)","decl":{"start":{"line":440,"column":4},"end":{"line":440,"column":5}},"loc":{"start":{"line":440,"column":11},"end":{"line":440,"column":null}},"line":440},"26":{"name":"(anonymous_26)","decl":{"start":{"line":441,"column":4},"end":{"line":441,"column":5}},"loc":{"start":{"line":441,"column":11},"end":{"line":441,"column":null}},"line":441},"27":{"name":"(anonymous_27)","decl":{"start":{"line":448,"column":4},"end":{"line":448,"column":5}},"loc":{"start":{"line":448,"column":11},"end":{"line":448,"column":null}},"line":448},"28":{"name":"(anonymous_28)","decl":{"start":{"line":449,"column":4},"end":{"line":449,"column":5}},"loc":{"start":{"line":449,"column":11},"end":{"line":449,"column":null}},"line":449},"29":{"name":"(anonymous_29)","decl":{"start":{"line":456,"column":4},"end":{"line":456,"column":10}},"loc":{"start":{"line":456,"column":10},"end":{"line":456,"column":null}},"line":456},"30":{"name":"(anonymous_30)","decl":{"start":{"line":457,"column":4},"end":{"line":457,"column":5}},"loc":{"start":{"line":457,"column":11},"end":{"line":457,"column":null}},"line":457},"31":{"name":"(anonymous_31)","decl":{"start":{"line":464,"column":4},"end":{"line":464,"column":10}},"loc":{"start":{"line":464,"column":10},"end":{"line":464,"column":null}},"line":464},"32":{"name":"(anonymous_32)","decl":{"start":{"line":465,"column":4},"end":{"line":465,"column":5}},"loc":{"start":{"line":465,"column":11},"end":{"line":465,"column":null}},"line":465},"33":{"name":"(anonymous_33)","decl":{"start":{"line":472,"column":4},"end":{"line":472,"column":5}},"loc":{"start":{"line":472,"column":11},"end":{"line":472,"column":null}},"line":472},"34":{"name":"(anonymous_34)","decl":{"start":{"line":473,"column":4},"end":{"line":473,"column":5}},"loc":{"start":{"line":473,"column":11},"end":{"line":473,"column":null}},"line":473},"35":{"name":"(anonymous_35)","decl":{"start":{"line":480,"column":4},"end":{"line":480,"column":5}},"loc":{"start":{"line":480,"column":11},"end":{"line":480,"column":null}},"line":480},"36":{"name":"(anonymous_36)","decl":{"start":{"line":481,"column":4},"end":{"line":481,"column":5}},"loc":{"start":{"line":481,"column":11},"end":{"line":481,"column":null}},"line":481},"37":{"name":"(anonymous_37)","decl":{"start":{"line":508,"column":42},"end":{"line":508,"column":null}},"loc":{"start":{"line":510,"column":25},"end":{"line":544,"column":null}},"line":510},"38":{"name":"(anonymous_38)","decl":{"start":{"line":589,"column":24},"end":{"line":589,"column":25}},"loc":{"start":{"line":590,"column":2},"end":{"line":590,"column":null}},"line":590},"39":{"name":"(anonymous_39)","decl":{"start":{"line":592,"column":32},"end":{"line":592,"column":33}},"loc":{"start":{"line":592,"column":77},"end":{"line":598,"column":null}},"line":592},"40":{"name":"(anonymous_40)","decl":{"start":{"line":600,"column":27},"end":{"line":600,"column":null}},"loc":{"start":{"line":602,"column":46},"end":{"line":609,"column":null}},"line":602},"41":{"name":"(anonymous_41)","decl":{"start":{"line":611,"column":27},"end":{"line":611,"column":28}},"loc":{"start":{"line":611,"column":45},"end":{"line":615,"column":null}},"line":611},"42":{"name":"(anonymous_42)","decl":{"start":{"line":617,"column":26},"end":{"line":617,"column":27}},"loc":{"start":{"line":617,"column":72},"end":{"line":621,"column":null}},"line":617},"43":{"name":"(anonymous_43)","decl":{"start":{"line":623,"column":26},"end":{"line":623,"column":27}},"loc":{"start":{"line":623,"column":77},"end":{"line":631,"column":null}},"line":623},"44":{"name":"(anonymous_44)","decl":{"start":{"line":633,"column":27},"end":{"line":633,"column":null}},"loc":{"start":{"line":637,"column":5},"end":{"line":643,"column":null}},"line":637},"45":{"name":"(anonymous_45)","decl":{"start":{"line":645,"column":27},"end":{"line":645,"column":null}},"loc":{"start":{"line":648,"column":30},"end":{"line":873,"column":null}},"line":648},"46":{"name":"(anonymous_46)","decl":{"start":{"line":676,"column":34},"end":{"line":676,"column":35}},"loc":{"start":{"line":676,"column":41},"end":{"line":685,"column":3}},"line":676},"47":{"name":"(anonymous_47)","decl":{"start":{"line":687,"column":31},"end":{"line":687,"column":32}},"loc":{"start":{"line":687,"column":41},"end":{"line":687,"column":56}},"line":687},"48":{"name":"(anonymous_48)","decl":{"start":{"line":875,"column":39},"end":{"line":875,"column":null}},"loc":{"start":{"line":878,"column":22},"end":{"line":1025,"column":null}},"line":878},"49":{"name":"(anonymous_49)","decl":{"start":{"line":908,"column":4},"end":{"line":908,"column":5}},"loc":{"start":{"line":908,"column":11},"end":{"line":908,"column":null}},"line":908},"50":{"name":"(anonymous_50)","decl":{"start":{"line":1031,"column":29},"end":{"line":1031,"column":null}},"loc":{"start":{"line":1033,"column":26},"end":{"line":1126,"column":null}},"line":1033},"51":{"name":"(anonymous_51)","decl":{"start":{"line":1128,"column":32},"end":{"line":1128,"column":null}},"loc":{"start":{"line":1132,"column":14},"end":{"line":1147,"column":null}},"line":1132}},"branchMap":{"0":{"loc":{"start":{"line":22,"column":2},"end":{"line":22,"column":172}},"type":"cond-expr","locations":[{"start":{"line":22,"column":43},"end":{"line":22,"column":170}},{"start":{"line":22,"column":170},"end":{"line":22,"column":172}}],"line":22},"1":{"loc":{"start":{"line":61,"column":4},"end":{"line":63,"column":null}},"type":"if","locations":[{"start":{"line":61,"column":4},"end":{"line":63,"column":null}},{"start":{},"end":{}}],"line":61},"2":{"loc":{"start":{"line":61,"column":8},"end":{"line":61,"column":62}},"type":"binary-expr","locations":[{"start":{"line":61,"column":8},"end":{"line":61,"column":40}},{"start":{"line":61,"column":40},"end":{"line":61,"column":62}}],"line":61},"3":{"loc":{"start":{"line":69,"column":2},"end":{"line":69,"column":null}},"type":"if","locations":[{"start":{"line":69,"column":2},"end":{"line":69,"column":null}},{"start":{},"end":{}}],"line":69},"4":{"loc":{"start":{"line":71,"column":2},"end":{"line":71,"column":null}},"type":"if","locations":[{"start":{"line":71,"column":2},"end":{"line":71,"column":null}},{"start":{},"end":{}}],"line":71},"5":{"loc":{"start":{"line":80,"column":14},"end":{"line":80,"column":null}},"type":"cond-expr","locations":[{"start":{"line":80,"column":41},"end":{"line":80,"column":60}},{"start":{"line":80,"column":60},"end":{"line":80,"column":null}}],"line":80},"6":{"loc":{"start":{"line":81,"column":2},"end":{"line":81,"column":null}},"type":"if","locations":[{"start":{"line":81,"column":2},"end":{"line":81,"column":null}},{"start":{},"end":{}}],"line":81},"7":{"loc":{"start":{"line":83,"column":26},"end":{"line":83,"column":null}},"type":"binary-expr","locations":[{"start":{"line":83,"column":26},"end":{"line":83,"column":48}},{"start":{"line":83,"column":48},"end":{"line":83,"column":null}}],"line":83},"8":{"loc":{"start":{"line":85,"column":2},"end":{"line":91,"column":null}},"type":"if","locations":[{"start":{"line":85,"column":2},"end":{"line":91,"column":null}},{"start":{},"end":{}}],"line":85},"9":{"loc":{"start":{"line":86,"column":4},"end":{"line":90,"column":null}},"type":"if","locations":[{"start":{"line":86,"column":4},"end":{"line":90,"column":null}},{"start":{"line":88,"column":11},"end":{"line":90,"column":null}}],"line":86},"10":{"loc":{"start":{"line":98,"column":2},"end":{"line":98,"column":null}},"type":"if","locations":[{"start":{"line":98,"column":2},"end":{"line":98,"column":null}},{"start":{},"end":{}}],"line":98},"11":{"loc":{"start":{"line":98,"column":6},"end":{"line":98,"column":31}},"type":"binary-expr","locations":[{"start":{"line":98,"column":6},"end":{"line":98,"column":15}},{"start":{"line":98,"column":15},"end":{"line":98,"column":31}}],"line":98},"12":{"loc":{"start":{"line":100,"column":14},"end":{"line":100,"column":null}},"type":"cond-expr","locations":[{"start":{"line":100,"column":41},"end":{"line":100,"column":60}},{"start":{"line":100,"column":60},"end":{"line":100,"column":null}}],"line":100},"13":{"loc":{"start":{"line":101,"column":2},"end":{"line":101,"column":null}},"type":"if","locations":[{"start":{"line":101,"column":2},"end":{"line":101,"column":null}},{"start":{},"end":{}}],"line":101},"14":{"loc":{"start":{"line":104,"column":26},"end":{"line":104,"column":null}},"type":"binary-expr","locations":[{"start":{"line":104,"column":26},"end":{"line":104,"column":39}},{"start":{"line":104,"column":39},"end":{"line":104,"column":null}}],"line":104},"15":{"loc":{"start":{"line":106,"column":2},"end":{"line":115,"column":null}},"type":"if","locations":[{"start":{"line":106,"column":2},"end":{"line":115,"column":null}},{"start":{},"end":{}}],"line":106},"16":{"loc":{"start":{"line":108,"column":4},"end":{"line":114,"column":null}},"type":"if","locations":[{"start":{"line":108,"column":4},"end":{"line":114,"column":null}},{"start":{"line":111,"column":11},"end":{"line":114,"column":null}}],"line":108},"17":{"loc":{"start":{"line":119,"column":9},"end":{"line":119,"column":null}},"type":"cond-expr","locations":[{"start":{"line":119,"column":22},"end":{"line":119,"column":37}},{"start":{"line":119,"column":37},"end":{"line":119,"column":null}}],"line":119},"18":{"loc":{"start":{"line":124,"column":2},"end":{"line":124,"column":null}},"type":"if","locations":[{"start":{"line":124,"column":2},"end":{"line":124,"column":null}},{"start":{},"end":{}}],"line":124},"19":{"loc":{"start":{"line":124,"column":6},"end":{"line":124,"column":27}},"type":"binary-expr","locations":[{"start":{"line":124,"column":6},"end":{"line":124,"column":18}},{"start":{"line":124,"column":18},"end":{"line":124,"column":27}}],"line":124},"20":{"loc":{"start":{"line":126,"column":2},"end":{"line":130,"column":null}},"type":"if","locations":[{"start":{"line":126,"column":2},"end":{"line":130,"column":null}},{"start":{"line":128,"column":9},"end":{"line":130,"column":null}}],"line":126},"21":{"loc":{"start":{"line":141,"column":2},"end":{"line":141,"column":null}},"type":"if","locations":[{"start":{"line":141,"column":2},"end":{"line":141,"column":null}},{"start":{},"end":{}}],"line":141},"22":{"loc":{"start":{"line":152,"column":9},"end":{"line":152,"column":null}},"type":"cond-expr","locations":[{"start":{"line":152,"column":23},"end":{"line":152,"column":36}},{"start":{"line":152,"column":36},"end":{"line":152,"column":null}}],"line":152},"23":{"loc":{"start":{"line":162,"column":2},"end":{"line":162,"column":null}},"type":"if","locations":[{"start":{"line":162,"column":2},"end":{"line":162,"column":null}},{"start":{},"end":{}}],"line":162},"24":{"loc":{"start":{"line":162,"column":6},"end":{"line":162,"column":64}},"type":"binary-expr","locations":[{"start":{"line":162,"column":6},"end":{"line":162,"column":22}},{"start":{"line":162,"column":22},"end":{"line":162,"column":37}},{"start":{"line":162,"column":37},"end":{"line":162,"column":52}},{"start":{"line":162,"column":52},"end":{"line":162,"column":64}}],"line":162},"25":{"loc":{"start":{"line":173,"column":2},"end":{"line":173,"column":null}},"type":"if","locations":[{"start":{"line":173,"column":2},"end":{"line":173,"column":null}},{"start":{},"end":{}}],"line":173},"26":{"loc":{"start":{"line":173,"column":6},"end":{"line":173,"column":35}},"type":"binary-expr","locations":[{"start":{"line":173,"column":6},"end":{"line":173,"column":22}},{"start":{"line":173,"column":22},"end":{"line":173,"column":35}}],"line":173},"27":{"loc":{"start":{"line":180,"column":2},"end":{"line":180,"column":null}},"type":"if","locations":[{"start":{"line":180,"column":2},"end":{"line":180,"column":null}},{"start":{},"end":{}}],"line":180},"28":{"loc":{"start":{"line":185,"column":2},"end":{"line":197,"column":null}},"type":"switch","locations":[{"start":{"line":186,"column":4},"end":{"line":188,"column":null}},{"start":{"line":189,"column":4},"end":{"line":191,"column":null}},{"start":{"line":192,"column":4},"end":{"line":194,"column":null}},{"start":{"line":195,"column":4},"end":{"line":196,"column":null}}],"line":185},"29":{"loc":{"start":{"line":199,"column":2},"end":{"line":204,"column":null}},"type":"if","locations":[{"start":{"line":199,"column":2},"end":{"line":204,"column":null}},{"start":{},"end":{}}],"line":199},"30":{"loc":{"start":{"line":215,"column":2},"end":{"line":215,"column":null}},"type":"default-arg","locations":[{"start":{"line":215,"column":18},"end":{"line":215,"column":null}}],"line":215},"31":{"loc":{"start":{"line":217,"column":2},"end":{"line":220,"column":null}},"type":"if","locations":[{"start":{"line":217,"column":2},"end":{"line":220,"column":null}},{"start":{},"end":{}}],"line":217},"32":{"loc":{"start":{"line":231,"column":4},"end":{"line":236,"column":null}},"type":"if","locations":[{"start":{"line":231,"column":4},"end":{"line":236,"column":null}},{"start":{"line":233,"column":11},"end":{"line":236,"column":null}}],"line":231},"33":{"loc":{"start":{"line":231,"column":8},"end":{"line":231,"column":47}},"type":"binary-expr","locations":[{"start":{"line":231,"column":8},"end":{"line":231,"column":29}},{"start":{"line":231,"column":29},"end":{"line":231,"column":47}}],"line":231},"34":{"loc":{"start":{"line":251,"column":6},"end":{"line":253,"column":null}},"type":"if","locations":[{"start":{"line":251,"column":6},"end":{"line":253,"column":null}},{"start":{},"end":{}}],"line":251},"35":{"loc":{"start":{"line":251,"column":10},"end":{"line":251,"column":45}},"type":"binary-expr","locations":[{"start":{"line":251,"column":10},"end":{"line":251,"column":21}},{"start":{"line":251,"column":21},"end":{"line":251,"column":45}}],"line":251},"36":{"loc":{"start":{"line":254,"column":14},"end":{"line":254,"column":27}},"type":"binary-expr","locations":[{"start":{"line":254,"column":14},"end":{"line":254,"column":25}},{"start":{"line":254,"column":25},"end":{"line":254,"column":27}}],"line":254},"37":{"loc":{"start":{"line":273,"column":6},"end":{"line":273,"column":null}},"type":"if","locations":[{"start":{"line":273,"column":6},"end":{"line":273,"column":null}},{"start":{},"end":{}}],"line":273},"38":{"loc":{"start":{"line":276,"column":48},"end":{"line":276,"column":62}},"type":"binary-expr","locations":[{"start":{"line":276,"column":48},"end":{"line":276,"column":61}},{"start":{"line":276,"column":61},"end":{"line":276,"column":62}}],"line":276},"39":{"loc":{"start":{"line":278,"column":6},"end":{"line":278,"column":null}},"type":"if","locations":[{"start":{"line":278,"column":6},"end":{"line":278,"column":null}},{"start":{},"end":{}}],"line":278},"40":{"loc":{"start":{"line":285,"column":2},"end":{"line":285,"column":null}},"type":"if","locations":[{"start":{"line":285,"column":2},"end":{"line":285,"column":null}},{"start":{},"end":{}}],"line":285},"41":{"loc":{"start":{"line":288,"column":11},"end":{"line":288,"column":null}},"type":"cond-expr","locations":[{"start":{"line":288,"column":20},"end":{"line":288,"column":41}},{"start":{"line":288,"column":41},"end":{"line":288,"column":null}}],"line":288},"42":{"loc":{"start":{"line":295,"column":2},"end":{"line":295,"column":null}},"type":"if","locations":[{"start":{"line":295,"column":2},"end":{"line":295,"column":null}},{"start":{},"end":{}}],"line":295},"43":{"loc":{"start":{"line":295,"column":6},"end":{"line":295,"column":33}},"type":"binary-expr","locations":[{"start":{"line":295,"column":6},"end":{"line":295,"column":16}},{"start":{"line":295,"column":16},"end":{"line":295,"column":33}}],"line":295},"44":{"loc":{"start":{"line":298,"column":9},"end":{"line":298,"column":null}},"type":"cond-expr","locations":[{"start":{"line":298,"column":35},"end":{"line":298,"column":44}},{"start":{"line":298,"column":44},"end":{"line":298,"column":null}}],"line":298},"45":{"loc":{"start":{"line":307,"column":2},"end":{"line":307,"column":null}},"type":"if","locations":[{"start":{"line":307,"column":2},"end":{"line":307,"column":null}},{"start":{},"end":{}}],"line":307},"46":{"loc":{"start":{"line":310,"column":2},"end":{"line":310,"column":null}},"type":"if","locations":[{"start":{"line":310,"column":2},"end":{"line":310,"column":null}},{"start":{},"end":{}}],"line":310},"47":{"loc":{"start":{"line":310,"column":6},"end":{"line":310,"column":45}},"type":"binary-expr","locations":[{"start":{"line":310,"column":6},"end":{"line":310,"column":26}},{"start":{"line":310,"column":26},"end":{"line":310,"column":45}}],"line":310},"48":{"loc":{"start":{"line":312,"column":2},"end":{"line":315,"column":null}},"type":"if","locations":[{"start":{"line":312,"column":2},"end":{"line":315,"column":null}},{"start":{},"end":{}}],"line":312},"49":{"loc":{"start":{"line":313,"column":4},"end":{"line":313,"column":null}},"type":"if","locations":[{"start":{"line":313,"column":4},"end":{"line":313,"column":null}},{"start":{},"end":{}}],"line":313},"50":{"loc":{"start":{"line":314,"column":4},"end":{"line":314,"column":null}},"type":"if","locations":[{"start":{"line":314,"column":4},"end":{"line":314,"column":null}},{"start":{},"end":{}}],"line":314},"51":{"loc":{"start":{"line":317,"column":2},"end":{"line":319,"column":null}},"type":"if","locations":[{"start":{"line":317,"column":2},"end":{"line":319,"column":null}},{"start":{},"end":{}}],"line":317},"52":{"loc":{"start":{"line":328,"column":2},"end":{"line":328,"column":null}},"type":"if","locations":[{"start":{"line":328,"column":2},"end":{"line":328,"column":null}},{"start":{},"end":{}}],"line":328},"53":{"loc":{"start":{"line":331,"column":2},"end":{"line":331,"column":null}},"type":"if","locations":[{"start":{"line":331,"column":2},"end":{"line":331,"column":null}},{"start":{},"end":{}}],"line":331},"54":{"loc":{"start":{"line":331,"column":6},"end":{"line":331,"column":29}},"type":"binary-expr","locations":[{"start":{"line":331,"column":6},"end":{"line":331,"column":18}},{"start":{"line":331,"column":18},"end":{"line":331,"column":29}}],"line":331},"55":{"loc":{"start":{"line":379,"column":6},"end":{"line":380,"column":null}},"type":"if","locations":[{"start":{"line":379,"column":6},"end":{"line":380,"column":null}},{"start":{},"end":{}}],"line":379},"56":{"loc":{"start":{"line":379,"column":10},"end":{"line":379,"column":null}},"type":"binary-expr","locations":[{"start":{"line":379,"column":10},"end":{"line":379,"column":23}},{"start":{"line":379,"column":23},"end":{"line":379,"column":45}},{"start":{"line":379,"column":45},"end":{"line":379,"column":59}},{"start":{"line":379,"column":59},"end":{"line":379,"column":null}}],"line":379},"57":{"loc":{"start":{"line":383,"column":6},"end":{"line":383,"column":null}},"type":"if","locations":[{"start":{"line":383,"column":6},"end":{"line":383,"column":null}},{"start":{},"end":{}}],"line":383},"58":{"loc":{"start":{"line":388,"column":6},"end":{"line":388,"column":null}},"type":"if","locations":[{"start":{"line":388,"column":6},"end":{"line":388,"column":null}},{"start":{},"end":{}}],"line":388},"59":{"loc":{"start":{"line":391,"column":8},"end":{"line":393,"column":null}},"type":"cond-expr","locations":[{"start":{"line":392,"column":12},"end":{"line":392,"column":null}},{"start":{"line":393,"column":12},"end":{"line":393,"column":null}}],"line":391},"60":{"loc":{"start":{"line":392,"column":12},"end":{"line":392,"column":null}},"type":"binary-expr","locations":[{"start":{"line":392,"column":12},"end":{"line":392,"column":30}},{"start":{"line":392,"column":30},"end":{"line":392,"column":49}},{"start":{"line":392,"column":49},"end":{"line":392,"column":null}}],"line":392},"61":{"loc":{"start":{"line":395,"column":6},"end":{"line":397,"column":null}},"type":"if","locations":[{"start":{"line":395,"column":6},"end":{"line":397,"column":null}},{"start":{},"end":{}}],"line":395},"62":{"loc":{"start":{"line":401,"column":9},"end":{"line":401,"column":53}},"type":"cond-expr","locations":[{"start":{"line":401,"column":31},"end":{"line":401,"column":48}},{"start":{"line":401,"column":48},"end":{"line":401,"column":53}}],"line":401},"63":{"loc":{"start":{"line":403,"column":6},"end":{"line":410,"column":null}},"type":"if","locations":[{"start":{"line":403,"column":6},"end":{"line":410,"column":null}},{"start":{},"end":{}}],"line":403},"64":{"loc":{"start":{"line":413,"column":4},"end":{"line":432,"column":null}},"type":"if","locations":[{"start":{"line":413,"column":4},"end":{"line":432,"column":null}},{"start":{},"end":{}}],"line":413},"65":{"loc":{"start":{"line":415,"column":8},"end":{"line":417,"column":null}},"type":"cond-expr","locations":[{"start":{"line":416,"column":12},"end":{"line":416,"column":null}},{"start":{"line":417,"column":12},"end":{"line":417,"column":null}}],"line":415},"66":{"loc":{"start":{"line":416,"column":12},"end":{"line":416,"column":null}},"type":"binary-expr","locations":[{"start":{"line":416,"column":12},"end":{"line":416,"column":34}},{"start":{"line":416,"column":34},"end":{"line":416,"column":57}},{"start":{"line":416,"column":57},"end":{"line":416,"column":null}}],"line":416},"67":{"loc":{"start":{"line":593,"column":2},"end":{"line":593,"column":null}},"type":"if","locations":[{"start":{"line":593,"column":2},"end":{"line":593,"column":null}},{"start":{},"end":{}}],"line":593},"68":{"loc":{"start":{"line":595,"column":2},"end":{"line":596,"column":null}},"type":"if","locations":[{"start":{"line":595,"column":2},"end":{"line":596,"column":null}},{"start":{},"end":{}}],"line":595},"69":{"loc":{"start":{"line":595,"column":6},"end":{"line":595,"column":null}},"type":"binary-expr","locations":[{"start":{"line":595,"column":6},"end":{"line":595,"column":25}},{"start":{"line":595,"column":25},"end":{"line":595,"column":45}},{"start":{"line":595,"column":45},"end":{"line":595,"column":null}}],"line":595},"70":{"loc":{"start":{"line":603,"column":2},"end":{"line":603,"column":null}},"type":"if","locations":[{"start":{"line":603,"column":2},"end":{"line":603,"column":null}},{"start":{},"end":{}}],"line":603},"71":{"loc":{"start":{"line":605,"column":2},"end":{"line":605,"column":null}},"type":"if","locations":[{"start":{"line":605,"column":2},"end":{"line":605,"column":null}},{"start":{},"end":{}}],"line":605},"72":{"loc":{"start":{"line":606,"column":2},"end":{"line":606,"column":null}},"type":"if","locations":[{"start":{"line":606,"column":2},"end":{"line":606,"column":null}},{"start":{},"end":{}}],"line":606},"73":{"loc":{"start":{"line":607,"column":2},"end":{"line":607,"column":null}},"type":"if","locations":[{"start":{"line":607,"column":2},"end":{"line":607,"column":null}},{"start":{},"end":{}}],"line":607},"74":{"loc":{"start":{"line":612,"column":2},"end":{"line":612,"column":null}},"type":"if","locations":[{"start":{"line":612,"column":2},"end":{"line":612,"column":null}},{"start":{},"end":{}}],"line":612},"75":{"loc":{"start":{"line":618,"column":2},"end":{"line":618,"column":null}},"type":"if","locations":[{"start":{"line":618,"column":2},"end":{"line":618,"column":null}},{"start":{},"end":{}}],"line":618},"76":{"loc":{"start":{"line":619,"column":2},"end":{"line":619,"column":null}},"type":"if","locations":[{"start":{"line":619,"column":2},"end":{"line":619,"column":null}},{"start":{},"end":{}}],"line":619},"77":{"loc":{"start":{"line":624,"column":2},"end":{"line":626,"column":null}},"type":"if","locations":[{"start":{"line":624,"column":2},"end":{"line":626,"column":null}},{"start":{},"end":{}}],"line":624},"78":{"loc":{"start":{"line":627,"column":2},"end":{"line":629,"column":null}},"type":"if","locations":[{"start":{"line":627,"column":2},"end":{"line":629,"column":null}},{"start":{},"end":{}}],"line":627},"79":{"loc":{"start":{"line":639,"column":2},"end":{"line":641,"column":null}},"type":"if","locations":[{"start":{"line":639,"column":2},"end":{"line":641,"column":null}},{"start":{},"end":{}}],"line":639},"80":{"loc":{"start":{"line":640,"column":11},"end":{"line":640,"column":null}},"type":"cond-expr","locations":[{"start":{"line":640,"column":29},"end":{"line":640,"column":43}},{"start":{"line":640,"column":43},"end":{"line":640,"column":null}}],"line":640},"81":{"loc":{"start":{"line":642,"column":9},"end":{"line":642,"column":null}},"type":"cond-expr","locations":[{"start":{"line":642,"column":27},"end":{"line":642,"column":41}},{"start":{"line":642,"column":41},"end":{"line":642,"column":null}}],"line":642},"82":{"loc":{"start":{"line":649,"column":24},"end":{"line":649,"column":null}},"type":"binary-expr","locations":[{"start":{"line":649,"column":24},"end":{"line":649,"column":56}},{"start":{"line":649,"column":56},"end":{"line":649,"column":null}}],"line":649},"83":{"loc":{"start":{"line":651,"column":2},"end":{"line":661,"column":null}},"type":"if","locations":[{"start":{"line":651,"column":2},"end":{"line":661,"column":null}},{"start":{},"end":{}}],"line":651},"84":{"loc":{"start":{"line":651,"column":6},"end":{"line":651,"column":55}},"type":"binary-expr","locations":[{"start":{"line":651,"column":6},"end":{"line":651,"column":26}},{"start":{"line":651,"column":26},"end":{"line":651,"column":55}}],"line":651},"85":{"loc":{"start":{"line":664,"column":2},"end":{"line":674,"column":null}},"type":"if","locations":[{"start":{"line":664,"column":2},"end":{"line":674,"column":null}},{"start":{},"end":{}}],"line":664},"86":{"loc":{"start":{"line":688,"column":2},"end":{"line":702,"column":null}},"type":"if","locations":[{"start":{"line":688,"column":2},"end":{"line":702,"column":null}},{"start":{},"end":{}}],"line":688},"87":{"loc":{"start":{"line":688,"column":6},"end":{"line":688,"column":43}},"type":"binary-expr","locations":[{"start":{"line":688,"column":6},"end":{"line":688,"column":15}},{"start":{"line":688,"column":15},"end":{"line":688,"column":43}}],"line":688},"88":{"loc":{"start":{"line":697,"column":23},"end":{"line":697,"column":null}},"type":"binary-expr","locations":[{"start":{"line":697,"column":23},"end":{"line":697,"column":48}},{"start":{"line":697,"column":48},"end":{"line":697,"column":null}}],"line":697},"89":{"loc":{"start":{"line":698,"column":26},"end":{"line":698,"column":null}},"type":"binary-expr","locations":[{"start":{"line":698,"column":26},"end":{"line":698,"column":54}},{"start":{"line":698,"column":54},"end":{"line":698,"column":null}}],"line":698},"90":{"loc":{"start":{"line":699,"column":12},"end":{"line":699,"column":null}},"type":"binary-expr","locations":[{"start":{"line":699,"column":12},"end":{"line":699,"column":26}},{"start":{"line":699,"column":26},"end":{"line":699,"column":null}}],"line":699},"91":{"loc":{"start":{"line":700,"column":17},"end":{"line":700,"column":null}},"type":"binary-expr","locations":[{"start":{"line":700,"column":17},"end":{"line":700,"column":33}},{"start":{"line":700,"column":33},"end":{"line":700,"column":null}}],"line":700},"92":{"loc":{"start":{"line":706,"column":4},"end":{"line":708,"column":null}},"type":"cond-expr","locations":[{"start":{"line":707,"column":8},"end":{"line":707,"column":null}},{"start":{"line":708,"column":8},"end":{"line":708,"column":null}}],"line":706},"93":{"loc":{"start":{"line":706,"column":4},"end":{"line":706,"column":null}},"type":"binary-expr","locations":[{"start":{"line":706,"column":4},"end":{"line":706,"column":16}},{"start":{"line":706,"column":16},"end":{"line":706,"column":null}}],"line":706},"94":{"loc":{"start":{"line":711,"column":4},"end":{"line":715,"column":null}},"type":"cond-expr","locations":[{"start":{"line":712,"column":8},"end":{"line":712,"column":null}},{"start":{"line":713,"column":8},"end":{"line":715,"column":null}}],"line":711},"95":{"loc":{"start":{"line":713,"column":8},"end":{"line":715,"column":null}},"type":"cond-expr","locations":[{"start":{"line":714,"column":10},"end":{"line":714,"column":null}},{"start":{"line":715,"column":10},"end":{"line":715,"column":null}}],"line":713},"96":{"loc":{"start":{"line":719,"column":4},"end":{"line":721,"column":null}},"type":"cond-expr","locations":[{"start":{"line":720,"column":8},"end":{"line":720,"column":null}},{"start":{"line":721,"column":8},"end":{"line":721,"column":null}}],"line":719},"97":{"loc":{"start":{"line":727,"column":2},"end":{"line":742,"column":null}},"type":"if","locations":[{"start":{"line":727,"column":2},"end":{"line":742,"column":null}},{"start":{"line":739,"column":9},"end":{"line":742,"column":null}}],"line":727},"98":{"loc":{"start":{"line":727,"column":6},"end":{"line":727,"column":59}},"type":"binary-expr","locations":[{"start":{"line":727,"column":6},"end":{"line":727,"column":34}},{"start":{"line":727,"column":34},"end":{"line":727,"column":59}}],"line":727},"99":{"loc":{"start":{"line":729,"column":6},"end":{"line":731,"column":null}},"type":"cond-expr","locations":[{"start":{"line":730,"column":10},"end":{"line":730,"column":null}},{"start":{"line":731,"column":10},"end":{"line":731,"column":null}}],"line":729},"100":{"loc":{"start":{"line":730,"column":13},"end":{"line":730,"column":45}},"type":"cond-expr","locations":[{"start":{"line":730,"column":36},"end":{"line":730,"column":42}},{"start":{"line":730,"column":42},"end":{"line":730,"column":45}}],"line":730},"101":{"loc":{"start":{"line":736,"column":6},"end":{"line":738,"column":null}},"type":"cond-expr","locations":[{"start":{"line":737,"column":10},"end":{"line":737,"column":null}},{"start":{"line":738,"column":10},"end":{"line":738,"column":null}}],"line":736},"102":{"loc":{"start":{"line":819,"column":39},"end":{"line":819,"column":63}},"type":"binary-expr","locations":[{"start":{"line":819,"column":39},"end":{"line":819,"column":61}},{"start":{"line":819,"column":61},"end":{"line":819,"column":63}}],"line":819},"103":{"loc":{"start":{"line":822,"column":4},"end":{"line":824,"column":null}},"type":"cond-expr","locations":[{"start":{"line":823,"column":8},"end":{"line":823,"column":null}},{"start":{"line":824,"column":8},"end":{"line":824,"column":null}}],"line":822},"104":{"loc":{"start":{"line":822,"column":4},"end":{"line":822,"column":null}},"type":"binary-expr","locations":[{"start":{"line":822,"column":4},"end":{"line":822,"column":34}},{"start":{"line":822,"column":34},"end":{"line":822,"column":null}}],"line":822},"105":{"loc":{"start":{"line":826,"column":19},"end":{"line":826,"column":null}},"type":"cond-expr","locations":[{"start":{"line":826,"column":51},"end":{"line":826,"column":64}},{"start":{"line":826,"column":64},"end":{"line":826,"column":null}}],"line":826},"106":{"loc":{"start":{"line":828,"column":4},"end":{"line":830,"column":null}},"type":"cond-expr","locations":[{"start":{"line":829,"column":8},"end":{"line":829,"column":null}},{"start":{"line":830,"column":8},"end":{"line":830,"column":null}}],"line":828},"107":{"loc":{"start":{"line":832,"column":4},"end":{"line":832,"column":null}},"type":"binary-expr","locations":[{"start":{"line":832,"column":4},"end":{"line":832,"column":17}},{"start":{"line":832,"column":17},"end":{"line":832,"column":null}}],"line":832},"108":{"loc":{"start":{"line":840,"column":6},"end":{"line":844,"column":null}},"type":"cond-expr","locations":[{"start":{"line":841,"column":10},"end":{"line":843,"column":null}},{"start":{"line":844,"column":10},"end":{"line":844,"column":null}}],"line":840},"109":{"loc":{"start":{"line":841,"column":10},"end":{"line":843,"column":null}},"type":"cond-expr","locations":[{"start":{"line":842,"column":12},"end":{"line":842,"column":null}},{"start":{"line":843,"column":12},"end":{"line":843,"column":null}}],"line":841},"110":{"loc":{"start":{"line":846,"column":6},"end":{"line":846,"column":null}},"type":"cond-expr","locations":[{"start":{"line":846,"column":39},"end":{"line":846,"column":69}},{"start":{"line":846,"column":69},"end":{"line":846,"column":null}}],"line":846},"111":{"loc":{"start":{"line":857,"column":20},"end":{"line":857,"column":null}},"type":"cond-expr","locations":[{"start":{"line":857,"column":42},"end":{"line":857,"column":60}},{"start":{"line":857,"column":60},"end":{"line":857,"column":null}}],"line":857},"112":{"loc":{"start":{"line":870,"column":15},"end":{"line":870,"column":null}},"type":"binary-expr","locations":[{"start":{"line":870,"column":15},"end":{"line":870,"column":38}},{"start":{"line":870,"column":38},"end":{"line":870,"column":null}}],"line":870},"113":{"loc":{"start":{"line":879,"column":24},"end":{"line":879,"column":null}},"type":"binary-expr","locations":[{"start":{"line":879,"column":24},"end":{"line":879,"column":56}},{"start":{"line":879,"column":56},"end":{"line":879,"column":null}}],"line":879},"114":{"loc":{"start":{"line":880,"column":18},"end":{"line":880,"column":null}},"type":"binary-expr","locations":[{"start":{"line":880,"column":18},"end":{"line":880,"column":48}},{"start":{"line":880,"column":48},"end":{"line":880,"column":null}}],"line":880},"115":{"loc":{"start":{"line":883,"column":2},"end":{"line":890,"column":null}},"type":"if","locations":[{"start":{"line":883,"column":2},"end":{"line":890,"column":null}},{"start":{},"end":{}}],"line":883},"116":{"loc":{"start":{"line":892,"column":2},"end":{"line":894,"column":null}},"type":"if","locations":[{"start":{"line":892,"column":2},"end":{"line":894,"column":null}},{"start":{},"end":{}}],"line":892},"117":{"loc":{"start":{"line":896,"column":2},"end":{"line":903,"column":null}},"type":"if","locations":[{"start":{"line":896,"column":2},"end":{"line":903,"column":null}},{"start":{},"end":{}}],"line":896},"118":{"loc":{"start":{"line":896,"column":6},"end":{"line":896,"column":55}},"type":"binary-expr","locations":[{"start":{"line":896,"column":6},"end":{"line":896,"column":26}},{"start":{"line":896,"column":26},"end":{"line":896,"column":55}}],"line":896},"119":{"loc":{"start":{"line":908,"column":11},"end":{"line":908,"column":null}},"type":"binary-expr","locations":[{"start":{"line":908,"column":11},"end":{"line":908,"column":36}},{"start":{"line":908,"column":36},"end":{"line":908,"column":null}}],"line":908},"120":{"loc":{"start":{"line":911,"column":25},"end":{"line":911,"column":null}},"type":"binary-expr","locations":[{"start":{"line":911,"column":25},"end":{"line":911,"column":51}},{"start":{"line":911,"column":51},"end":{"line":911,"column":null}}],"line":911},"121":{"loc":{"start":{"line":913,"column":2},"end":{"line":923,"column":null}},"type":"if","locations":[{"start":{"line":913,"column":2},"end":{"line":923,"column":null}},{"start":{},"end":{}}],"line":913},"122":{"loc":{"start":{"line":913,"column":6},"end":{"line":913,"column":55}},"type":"binary-expr","locations":[{"start":{"line":913,"column":6},"end":{"line":913,"column":23}},{"start":{"line":913,"column":23},"end":{"line":913,"column":55}}],"line":913},"123":{"loc":{"start":{"line":932,"column":4},"end":{"line":932,"column":null}},"type":"cond-expr","locations":[{"start":{"line":932,"column":34},"end":{"line":932,"column":60}},{"start":{"line":932,"column":60},"end":{"line":932,"column":null}}],"line":932},"124":{"loc":{"start":{"line":935,"column":2},"end":{"line":945,"column":null}},"type":"if","locations":[{"start":{"line":935,"column":2},"end":{"line":945,"column":null}},{"start":{},"end":{}}],"line":935},"125":{"loc":{"start":{"line":935,"column":6},"end":{"line":935,"column":52}},"type":"binary-expr","locations":[{"start":{"line":935,"column":6},"end":{"line":935,"column":29}},{"start":{"line":935,"column":29},"end":{"line":935,"column":52}}],"line":935},"126":{"loc":{"start":{"line":951,"column":2},"end":{"line":967,"column":null}},"type":"if","locations":[{"start":{"line":951,"column":2},"end":{"line":967,"column":null}},{"start":{"line":963,"column":2},"end":{"line":967,"column":null}}],"line":951},"127":{"loc":{"start":{"line":951,"column":6},"end":{"line":951,"column":75}},"type":"binary-expr","locations":[{"start":{"line":951,"column":6},"end":{"line":951,"column":42}},{"start":{"line":951,"column":42},"end":{"line":951,"column":75}}],"line":951},"128":{"loc":{"start":{"line":953,"column":6},"end":{"line":955,"column":null}},"type":"cond-expr","locations":[{"start":{"line":954,"column":10},"end":{"line":954,"column":null}},{"start":{"line":955,"column":10},"end":{"line":955,"column":null}}],"line":953},"129":{"loc":{"start":{"line":954,"column":13},"end":{"line":954,"column":53}},"type":"cond-expr","locations":[{"start":{"line":954,"column":44},"end":{"line":954,"column":50}},{"start":{"line":954,"column":50},"end":{"line":954,"column":53}}],"line":954},"130":{"loc":{"start":{"line":960,"column":6},"end":{"line":962,"column":null}},"type":"cond-expr","locations":[{"start":{"line":961,"column":10},"end":{"line":961,"column":null}},{"start":{"line":962,"column":10},"end":{"line":962,"column":null}}],"line":960},"131":{"loc":{"start":{"line":963,"column":2},"end":{"line":967,"column":null}},"type":"if","locations":[{"start":{"line":963,"column":2},"end":{"line":967,"column":null}},{"start":{},"end":{}}],"line":963},"132":{"loc":{"start":{"line":977,"column":2},"end":{"line":990,"column":null}},"type":"if","locations":[{"start":{"line":977,"column":2},"end":{"line":990,"column":null}},{"start":{},"end":{}}],"line":977},"133":{"loc":{"start":{"line":977,"column":6},"end":{"line":977,"column":30}},"type":"binary-expr","locations":[{"start":{"line":977,"column":6},"end":{"line":977,"column":19}},{"start":{"line":977,"column":19},"end":{"line":977,"column":30}}],"line":977},"134":{"loc":{"start":{"line":993,"column":4},"end":{"line":997,"column":null}},"type":"cond-expr","locations":[{"start":{"line":994,"column":8},"end":{"line":994,"column":null}},{"start":{"line":995,"column":8},"end":{"line":997,"column":null}}],"line":993},"135":{"loc":{"start":{"line":995,"column":8},"end":{"line":997,"column":null}},"type":"cond-expr","locations":[{"start":{"line":996,"column":10},"end":{"line":996,"column":null}},{"start":{"line":997,"column":10},"end":{"line":997,"column":null}}],"line":995},"136":{"loc":{"start":{"line":1000,"column":4},"end":{"line":1002,"column":null}},"type":"cond-expr","locations":[{"start":{"line":1001,"column":8},"end":{"line":1001,"column":null}},{"start":{"line":1002,"column":8},"end":{"line":1002,"column":null}}],"line":1000},"137":{"loc":{"start":{"line":1009,"column":20},"end":{"line":1009,"column":null}},"type":"binary-expr","locations":[{"start":{"line":1009,"column":20},"end":{"line":1009,"column":44}},{"start":{"line":1009,"column":44},"end":{"line":1009,"column":null}}],"line":1009},"138":{"loc":{"start":{"line":1035,"column":2},"end":{"line":1043,"column":null}},"type":"if","locations":[{"start":{"line":1035,"column":2},"end":{"line":1043,"column":null}},{"start":{},"end":{}}],"line":1035},"139":{"loc":{"start":{"line":1116,"column":9},"end":{"line":1116,"column":66}},"type":"binary-expr","locations":[{"start":{"line":1116,"column":9},"end":{"line":1116,"column":35}},{"start":{"line":1116,"column":35},"end":{"line":1116,"column":49}},{"start":{"line":1116,"column":49},"end":{"line":1116,"column":66}}],"line":1116},"140":{"loc":{"start":{"line":1133,"column":2},"end":{"line":1134,"column":null}},"type":"if","locations":[{"start":{"line":1133,"column":2},"end":{"line":1134,"column":null}},{"start":{},"end":{}}],"line":1133},"141":{"loc":{"start":{"line":1133,"column":6},"end":{"line":1133,"column":null}},"type":"binary-expr","locations":[{"start":{"line":1133,"column":6},"end":{"line":1133,"column":19}},{"start":{"line":1133,"column":19},"end":{"line":1133,"column":31}},{"start":{"line":1133,"column":31},"end":{"line":1133,"column":53}},{"start":{"line":1133,"column":53},"end":{"line":1133,"column":null}}],"line":1133},"142":{"loc":{"start":{"line":1138,"column":2},"end":{"line":1138,"column":null}},"type":"if","locations":[{"start":{"line":1138,"column":2},"end":{"line":1138,"column":null}},{"start":{},"end":{}}],"line":1138},"143":{"loc":{"start":{"line":1138,"column":6},"end":{"line":1138,"column":30}},"type":"binary-expr","locations":[{"start":{"line":1138,"column":6},"end":{"line":1138,"column":19}},{"start":{"line":1138,"column":19},"end":{"line":1138,"column":30}}],"line":1138},"144":{"loc":{"start":{"line":1140,"column":2},"end":{"line":1142,"column":null}},"type":"if","locations":[{"start":{"line":1140,"column":2},"end":{"line":1142,"column":null}},{"start":{},"end":{}}],"line":1140},"145":{"loc":{"start":{"line":1140,"column":6},"end":{"line":1140,"column":45}},"type":"binary-expr","locations":[{"start":{"line":1140,"column":6},"end":{"line":1140,"column":27}},{"start":{"line":1140,"column":27},"end":{"line":1140,"column":45}}],"line":1140},"146":{"loc":{"start":{"line":1143,"column":2},"end":{"line":1145,"column":null}},"type":"if","locations":[{"start":{"line":1143,"column":2},"end":{"line":1145,"column":null}},{"start":{},"end":{}}],"line":1143}},"s":{"0":1,"1":0,"2":1,"3":2,"4":1,"5":1,"6":1,"7":2,"8":8,"9":0,"10":2,"11":1,"12":2,"13":2,"14":0,"15":0,"16":0,"17":0,"18":1,"19":104,"20":104,"21":0,"22":104,"23":104,"24":0,"25":0,"26":0,"27":104,"28":1,"29":8,"30":0,"31":8,"32":8,"33":0,"34":8,"35":8,"36":0,"37":0,"38":0,"39":0,"40":0,"41":8,"42":8,"43":1,"44":56,"45":56,"46":0,"47":56,"48":46,"49":10,"50":1,"51":19,"52":19,"53":19,"54":19,"55":0,"56":19,"57":1,"58":48,"59":1,"60":24,"61":24,"62":24,"63":0,"64":24,"65":1,"66":24,"67":24,"68":24,"69":8,"70":16,"71":1,"72":0,"73":0,"74":0,"75":0,"76":0,"77":0,"78":0,"79":0,"80":0,"81":0,"82":0,"83":0,"84":0,"85":0,"86":0,"87":1,"88":2,"89":0,"90":0,"91":2,"92":2,"93":2,"94":2,"95":2,"96":2,"97":0,"98":0,"99":2,"100":0,"101":0,"102":1,"103":0,"104":0,"105":0,"106":0,"107":0,"108":0,"109":0,"110":0,"111":0,"112":0,"113":1,"114":0,"115":0,"116":0,"117":0,"118":0,"119":0,"120":0,"121":0,"122":0,"123":0,"124":0,"125":0,"126":1,"127":2,"128":0,"129":2,"130":2,"131":2,"132":0,"133":1,"134":0,"135":0,"136":0,"137":0,"138":0,"139":1,"140":0,"141":0,"142":0,"143":0,"144":0,"145":0,"146":0,"147":0,"148":0,"149":0,"150":0,"151":0,"152":0,"153":0,"154":1,"155":0,"156":0,"157":0,"158":0,"159":0,"160":0,"161":0,"162":1,"163":4,"164":4,"165":24,"166":24,"167":24,"168":24,"169":24,"170":24,"171":24,"172":24,"173":24,"174":24,"175":24,"176":0,"177":24,"
[...]
420,"column":null}},"type":"if","locations":[{"start":{"line":420,"column":2},"end":{"line":420,"column":null}},{"start":{},"end":{}}],"line":420},"52":{"loc":{"start":{"line":422,"column":2},"end":{"line":422,"column":null}},"type":"if","locations":[{"start":{"line":422,"column":2},"end":{"line":422,"column":null}},{"start":{},"end":{}}],"line":422},"53":{"loc":{"start":{"line":430,"column":2},"end":{"line":430,"column":null}},"type":"if","locations":[{"start":{"line":430,"column":2},"end":{"line":430,"column":null}},{"start":{},"end":{}}],"line":430},"54":{"loc":{"start":{"line":434,"column":2},"end":{"line":439,"column":null}},"type":"if","locations":[{"start":{"line":434,"column":2},"end":{"line":439,"column":null}},{"start":{},"end":{}}],"line":434},"55":{"loc":{"start":{"line":437,"column":18},"end":{"line":437,"column":null}},"type":"cond-expr","locations":[{"start":{"line":437,"column":36},"end":{"line":437,"column":45}},{"start":{"line":437,"column":45},"end":{"line":437,"column":null}}],"line":437},"56":{"loc":{"start":{"line":438,"column":11},"end":{"line":438,"column":null}},"type":"cond-expr","locations":[{"start":{"line":438,"column":18},"end":{"line":438,"column":39}},{"start":{"line":438,"column":39},"end":{"line":438,"column":null}}],"line":438},"57":{"loc":{"start":{"line":443,"column":2},"end":{"line":450,"column":null}},"type":"if","locations":[{"start":{"line":443,"column":2},"end":{"line":450,"column":null}},{"start":{},"end":{}}],"line":443},"58":{"loc":{"start":{"line":445,"column":17},"end":{"line":445,"column":null}},"type":"cond-expr","locations":[{"start":{"line":445,"column":35},"end":{"line":445,"column":42}},{"start":{"line":445,"column":42},"end":{"line":445,"column":null}}],"line":445},"59":{"loc":{"start":{"line":446,"column":4},"end":{"line":449,"column":null}},"type":"if","locations":[{"start":{"line":446,"column":4},"end":{"line":449,"column":null}},{"start":{},"end":{}}],"line":446},"60":{"loc":{"start":{"line":447,"column":19},"end":{"line":447,"column":null}},"type":"binary-expr","locations":[{"start":{"line":447,"column":19},"end":{"line":447,"column":35}},{"start":{"line":447,"column":35},"end":{"line":447,"column":null}}],"line":447},"61":{"loc":{"start":{"line":452,"column":2},"end":{"line":477,"column":null}},"type":"if","locations":[{"start":{"line":452,"column":2},"end":{"line":477,"column":null}},{"start":{},"end":{}}],"line":452},"62":{"loc":{"start":{"line":452,"column":6},"end":{"line":452,"column":59}},"type":"binary-expr","locations":[{"start":{"line":452,"column":6},"end":{"line":452,"column":14}},{"start":{"line":452,"column":14},"end":{"line":452,"column":22}},{"start":{"line":452,"column":22},"end":{"line":452,"column":59}}],"line":452},"63":{"loc":{"start":{"line":457,"column":20},"end":{"line":457,"column":null}},"type":"binary-expr","locations":[{"start":{"line":457,"column":20},"end":{"line":457,"column":38}},{"start":{"line":457,"column":38},"end":{"line":457,"column":null}}],"line":457},"64":{"loc":{"start":{"line":458,"column":4},"end":{"line":476,"column":null}},"type":"if","locations":[{"start":{"line":458,"column":4},"end":{"line":476,"column":null}},{"start":{},"end":{}}],"line":458},"65":{"loc":{"start":{"line":462,"column":8},"end":{"line":468,"column":null}},"type":"cond-expr","locations":[{"start":{"line":463,"column":12},"end":{"line":463,"column":null}},{"start":{"line":464,"column":12},"end":{"line":468,"column":null}}],"line":462},"66":{"loc":{"start":{"line":464,"column":12},"end":{"line":468,"column":null}},"type":"cond-expr","locations":[{"start":{"line":465,"column":14},"end":{"line":465,"column":null}},{"start":{"line":466,"column":14},"end":{"line":468,"column":null}}],"line":464},"67":{"loc":{"start":{"line":466,"column":14},"end":{"line":468,"column":null}},"type":"cond-expr","locations":[{"start":{"line":467,"column":16},"end":{"line":467,"column":null}},{"start":{"line":468,"column":16},"end":{"line":468,"column":null}}],"line":466},"68":{"loc":{"start":{"line":469,"column":6},"end":{"line":475,"column":null}},"type":"if","locations":[{"start":{"line":469,"column":6},"end":{"line":475,"column":null}},{"start":{},"end":{}}],"line":469},"69":{"loc":{"start":{"line":471,"column":10},"end":{"line":473,"column":null}},"type":"cond-expr","locations":[{"start":{"line":472,"column":14},"end":{"line":472,"column":null}},{"start":{"line":473,"column":14},"end":{"line":473,"column":null}}],"line":471},"70":{"loc":{"start":{"line":471,"column":10},"end":{"line":471,"column":null}},"type":"binary-expr","locations":[{"start":{"line":471,"column":10},"end":{"line":471,"column":37}},{"start":{"line":471,"column":37},"end":{"line":471,"column":null}}],"line":471},"71":{"loc":{"start":{"line":483,"column":18},"end":{"line":483,"column":35}},"type":"binary-expr","locations":[{"start":{"line":483,"column":18},"end":{"line":483,"column":33}},{"start":{"line":483,"column":33},"end":{"line":483,"column":35}}],"line":483},"72":{"loc":{"start":{"line":483,"column":39},"end":{"line":483,"column":53}},"type":"binary-expr","locations":[{"start":{"line":483,"column":39},"end":{"line":483,"column":51}},{"start":{"line":483,"column":51},"end":{"line":483,"column":53}}],"line":483},"73":{"loc":{"start":{"line":485,"column":2},"end":{"line":485,"column":null}},"type":"if","locations":[{"start":{"line":485,"column":2},"end":{"line":485,"column":null}},{"start":{},"end":{}}],"line":485},"74":{"loc":{"start":{"line":486,"column":2},"end":{"line":486,"column":null}},"type":"if","locations":[{"start":{"line":486,"column":2},"end":{"line":486,"column":null}},{"start":{},"end":{}}],"line":486},"75":{"loc":{"start":{"line":487,"column":2},"end":{"line":487,"column":null}},"type":"if","locations":[{"start":{"line":487,"column":2},"end":{"line":487,"column":null}},{"start":{},"end":{}}],"line":487},"76":{"loc":{"start":{"line":488,"column":2},"end":{"line":488,"column":null}},"type":"if","locations":[{"start":{"line":488,"column":2},"end":{"line":488,"column":null}},{"start":{},"end":{}}],"line":488}},"s":{"0":1,"1":2,"2":0,"3":2,"4":0,"5":2,"6":2,"7":2,"8":2,"9":2,"10":2,"11":0,"12":2,"13":2,"14":2,"15":1,"16":4,"17":1,"18":1,"19":2,"20":1,"21":0,"22":0,"23":0,"24":0,"25":0,"26":0,"27":0,"28":1,"29":0,"30":0,"31":0,"32":0,"33":0,"34":0,"35":0,"36":0,"37":0,"38":0,"39":0,"40":0,"41":0,"42":0,"43":0,"44":0,"45":0,"46":0,"47":0,"48":0,"49":0,"50":0,"51":0,"52":0,"53":0,"54":0,"55":0,"56":0,"57":0,"58":1,"59":0,"60":0,"61":0,"62":0,"63":0,"64":0,"65":0,"66":0,"67":0,"68":0,"69":0,"70":0,"71":0,"72":0,"73":0,"74":0,"75":0,"76":0,"77":0,"78":0,"79":0,"80":0,"81":0,"82":0,"83":0,"84":0,"85":0,"86":0,"87":0,"88":0,"89":0,"90":0,"91":0,"92":0,"93":0,"94":0,"95":0,"96":0,"97":1,"98":0,"99":0,"100":0,"101":0,"102":0,"103":0,"104":0,"105":0,"106":0,"107":0,"108":0,"109":0,"110":0,"111":0,"112":0,"113":0,"114":0,"115":0,"116":0,"117":0,"118":0,"119":0,"120":0,"121":0,"122":0,"123":0,"124":0,"125":0,"126":0,"127":0,"128":0,"129":0,"130":0,"131":0,"132":0,"133":0,"134":0,"135":0,"136":0,"137":0,"138":0,"139":0,"140":0,"141":0,"142":0,"143":0,"144":0,"145":0,"146":0,"147":1,"148":0,"149":0,"150":0,"151":0,"152":0,"153":0,"154":0,"155":0,"156":0,"157":0,"158":0,"159":0,"160":0,"161":0,"162":0,"163":0,"164":0,"165":0,"166":0,"167":0,"168":0,"169":1,"170":0,"171":1,"172":0,"173":0,"174":0,"175":0,"176":0,"177":1,"178":0,"179":0,"180":0,"181":0,"182":0,"183":0,"184":1,"185":0,"186":0,"187":0,"188":0,"189":0,"190":0,"191":0,"192":0,"193":0,"194":0,"195":0,"196":0,"197":0,"198":0,"199":0,"200":0,"201":0,"202":0,"203":0,"204":0,"205":0,"206":0,"207":0,"208":0,"209":0,"210":0,"211":0,"212":0,"213":0,"214":0,"215":0,"216":1,"217":0,"218":0,"219":0,"220":0,"221":0,"222":0,"223":0,"224":0,"225":0,"226":0,"227":0,"228":0,"229":0,"230":0},"f":{"0":2,"1":4,"2":0,"3":0,"4":0,"5":0,"6":0,"7":0,"8":0,"9":0,"10":0,"11":0,"12":0,"13":0,"14":0,"15":0,"16":0,"17":0,"18":0,"19":0,"20":0,"21":0,"22":0,"23":0,"24":0,"25":0,"26":0,"27":0,"28":0,"29":0,"30":0,"31":0,"32":0,"33":0,"34":0,"35":0,"36":0,"37":0,"38":0,"39":0,"40":0,"41":0,"42":0},"b":{"0":[2],"1":[2],"2":[0,2],"3":[2,2,2],"4":[0,2],"5":[0,2],"6":[1,1,1,2],"7":[0,0],"8":[0,0],"9":[0,0],"10":[0,0],"11":[0,0],"12":[0,0],"13":[0,0],"14":[0,0],"15":[0,0],"16":[0,0],"17":[0,0],"18":[0,0],"19":[0,0],"20":[0,0],"21":[0,0],"22":[0,0],"23":[0,0],"24":[0,0],"25":[0,0],"26":[0,0],"27":[0,0],"28":[0,0],"29":[0,0],"30":[0,0],"31":[0,0],"32":[0,0],"33":[0,0],"34":[0,0],"35":[0,0],"36":[0,0],"37":[0,0],"38":[0,0],"39":[0,0],"40":[0,0],"41":[0,0],"42":[0,0],"43":[0,0],"44":[0,0],"45":[0,0,0],"46":[0,0],"47":[0,0],"48":[0,0],"49":[0,0],"50":[0,0],"51":[0,0],"52":[0,0],"53":[0,0],"54":[0,0],"55":[0,0],"56":[0,0],"57":[0,0],"58":[0,0],"59":[0,0],"60":[0,0],"61":[0,0],"62":[0,0,0],"63":[0,0],"64":[0,0],"65":[0,0],"66":[0,0],"67":[0,0],"68":[0,0],"69":[0,0],"70":[0,0],"71":[0,0],"72":[0,0],"73":[0,0],"74":[0,0],"75":[0,0],"76":[0,0]},"meta":{"lastBranch":77,"lastFunction":43,"lastStatement":231,"seen":{"s:29:35:58:Infinity":0,"f:29:35:29:Infinity":0,"b:33:28:33:Infinity":0,"b:34:24:34:Infinity":1,"b:36:2:36:Infinity:undefined:undefined:undefined:undefined":2,"s:36:2:36:Infinity":1,"b:36:6:36:23:36:23:36:46:36:46:36:67":3,"s:36:67:36:Infinity":2,"b:40:2:44:Infinity:42:9:44:Infinity":4,"s:40:2:44:Infinity":3,"s:41:4:41:Infinity":4,"s:43:4:43:Infinity":5,"s:46:12:46:Infinity":6,"s:47:12:47:Infinity":7,"s:48:12:48:Infinity":8,"s:50:8:50:Infinity":9,"b:52:2:52:Infinity:undefined:undefined:undefined:undefined":5,"s:52:2:52:Infinity":10,"s:52:18:52:Infinity":11,"s:54:20:54:Infinity":12,"s:55:19:55:Infinity":13,"s:57:2:57:Infinity":14,"s:63:41:73:Infinity":15,"f:63:41:63:42":1,"b:65:4:66:Infinity:67:4:68:Infinity:69:4:69:Infinity:70:4:71:Infinity":6,"s:64:2:72:Infinity":16,"s:66:6:66:Infinity":17,"s:68:6:68:Infinity":18,"s:71:6:71:Infinity":19,"s:79:40:94:Infinity":20,"f:79:40:79:Infinity":2,"b:83:2:83:Infinity:undefined:undefined:undefined:undefined":7,"s:83:2:83:Infinity":21,"s:83:18:83:Infinity":22,"s:85:15:85:Infinity":23,"b:86:2:90:Infinity:88:9:90:Infinity":8,"s:86:2:90:Infinity":24,"s:87:4:87:Infinity":25,"s:89:4:89:Infinity":26,"s:93:2:93:Infinity":27,"s:96:37:143:Infinity":28,"f:96:37:96:Infinity":3,"s:101:49:101:Infinity":29,"s:103:2:117:Infinity":30,"f:103:15:103:16":4,"s:104:15:104:Infinity":31,"b:105:4:105:Infinity:undefined:undefined:undefined:undefined":9,"s:105:4:105:Infinity":32,"s:105:13:105:Infinity":33,"b:106:4:106:Infinity:undefined:undefined:undefined:undefined":10,"s:106:4:106:Infinity":34,"s:106:29:106:Infinity":35,"b:108:4:115:Infinity:110:4:115:Infinity":11,"s:108:4:115:Infinity":36,"s:109:6:109:Infinity":37,"b:110:4:115:Infinity:112:4:115:Infinity":12,"s:110:4:115:Infinity":38,"s:111:6:111:Infinity":39,"b:112:4:115:Infinity:undefined:undefined:undefined:undefined":13,"s:112:4:115:Infinity":40,"s:114:6:114:Infinity":41,"s:119:19:119:Infinity":42,"s:120:2:120:Infinity":43,"f:120:22:120:23":5,"s:120:30:120:46":44,"s:121:2:123:Infinity":45,"f:121:19:121:20":6,"b:122:4:122:Infinity:undefined:undefined:undefined:undefined":14,"s:122:4:122:Infinity":46,"s:122:22:122:Infinity":47,"s:124:2:126:Infinity":48,"f:124:15:124:16":7,"b:125:4:125:Infinity:undefined:undefined:undefined:undefined":15,"s:125:4:125:Infinity":49,"s:125:22:125:Infinity":50,"s:128:2:142:Infinity":51,"f:128:34:128:35":8,"s:129:23:129:Infinity":52,"f:129:37:129:38":9,"s:129:44:129:63":53,"s:130:22:130:Infinity":54,"b:130:35:130:71:130:71:130:Infinity":16,"b:130:35:130:67:130:67:130:71":17,"s:131:30:133:Infinity":55,"b:132:8:132:Infinity:133:8:133:Infinity":18,"b:132:8:132:40:132:40:132:Infinity":19,"s:134:19:134:Infinity":56,"b:134:19:134:41:134:41:134:Infinity":20,"s:136:4:141:Infinity":57,"s:145:38:222:Infinity":58,"f:145:38:145:Infinity":10,"s:150:26:150:Infinity":59,"f:150:42:150:43":11,"s:150:54:150:73":60,"s:153:23:153:Infinity":61,"s:154:25:157:Infinity":62,"f:155:4:155:5":12,"s:155:16:155:Infinity":63,"s:159:21:159:Infinity":64,"s:160:17:160:Infinity":65,"s:161:18:161:Infinity":66,"s:162:13:162:Infinity":67,"s:163:15:163:Infinity":68,"s:164:15:164:Infinity":69,"s:167:21:167:Infinity":70,"s:168:24:168:Infinity":71,"s:170:2:198:Infinity":72,"f:170:15:170:16":13,"b:171:4:197:Infinity:194:11:197:Infinity":21,"s:171:4:197:Infinity":73,"b:172:6:193:Infinity:182:6:193:Infinity":22,"s:172:6:193:Infinity":74,"s:173:8:173:Infinity":75,"s:174:8:174:Infinity":76,"s:175:8:175:Infinity":77,"s:179:10:179:Infinity":78,"b:179:25:179:42:179:42:179:Infinity":23,"s:180:8:180:Infinity":79,"s:181:8:181:Infinity":80,"b:182:6:193:Infinity:190:6:193:Infinity":24,"s:182:6:193:Infinity":81,"s:183:8:183:Infinity":82,"s:184:8:184:Infinity":83,"s:185:8:185:Infinity":84,"s:188:8:188:Infinity":85,"s:189:8:189:Infinity":86,"b:190:6:193:Infinity:undefined:undefined:undefined:undefined":25,"s:190:6:193:Infinity":87,"s:191:8:191:Infinity":88,"s:192:8:192:Infinity":89,"s:200:25:202:Infinity":90,"f:201:12:201:13":14,"s:201:19:201:49":91,"f:202:12:202:13":15,"s:202:24:202:39":92,"s:204:20:204:Infinity":93,"s:205:14:205:Infinity":94,"b:205:36:205:72:205:72:205:Infinity":26,"s:207:4:207:Infinity":95,"b:207:27:207:67:207:67:207:Infinity":27,"s:209:2:221:Infinity":96,"s:224:38:338:Infinity":97,"f:224:38:224:39":16,"s:225:22:227:Infinity":98,"f:226:12:226:13":17,"s:226:19:226:49":99,"f:227:10:227:11":18,"s:227:20:227:45":100,"s:230:17:230:Infinity":101,"f:230:46:230:47":19,"s:230:53:230:61":102,"s:233:15:233:Infinity":103,"b:234:2:245:Infinity:undefined:undefined:undefined:undefined":28,"s:234:2:245:Infinity":104,"s:235:24:235:Infinity":105,"b:236:4:244:Infinity:undefined:undefined:undefined:undefined":29,"s:236:4:244:Infinity":106,"b:236:8:236:41:236:41:236:73":30,"s:237:6:243:Infinity":107,"b:238:8:242:Infinity:240:8:242:Infinity":31,"s:238:8:242:Infinity":108,"s:239:10:239:Infinity":109,"b:239:52:239:56:239:56:239:Infinity":32,"b:240:8:242:Infinity:undefined:undefined:undefined:undefined":33,"s:240:8:242:Infinity":110,"s:241:10:241:Infinity":111,"s:248:21:283:Infinity":112,"f:248:21:248:22":20,"s:252:8:252:Infinity":113,"s:254:4:281:Infinity":114,"f:254:24:254:25":21,"s:255:16:255:Infinity":115,"b:256:6:268:Infinity:266:13:268:Infinity":34,"s:256:6:268:Infinity":116,"s:259:8:264:Infinity":117,"b:265:8:265:Infinity:undefined:undefined:undefined:undefined":35,"s:265:8:265:Infinity":118,"s:265:28:265:Infinity":119,"s:267:8:267:Infinity":120,"b:267:14:267:28:267:28:267:Infinity":36,"b:270:6:270:Infinity:undefined:undefined:undefined:undefined":37,"s:270:6:270:Infinity":121,"s:270:21:270:Infinity":122,"b:272:6:280:Infinity:275:6:280:Infinity":38,"s:272:6:280:Infinity":123,"s:273:8:273:Infinity":124,"s:274:8:274:Infinity":125,"b:275:6:280:Infinity:278:13:280:Infinity":39,"s:275:6:280:Infinity":126,"s:276:8:276:Infinity":127,"s:277:8:277:Infinity":128,"s:279:8:279:Infinity":129,"s:282:4:282:Infinity":130,"s:286:19:286:Infinity":131,"s:287:20:293:Infinity":132,"f:288:9:288:10":22,"s:288:28:292:6":133,"f:293:10:293:11":23,"s:293:20:293:39":134,"s:296:4:296:Infinity":135,"b:296:54:296:69:296:69:296:Infinity":40,"b:296:4:296:28:296:28:296:54":41,"s:298:4:300:Infinity":136,"b:299:8:299:Infinity:300:8:300:Infinity":42,"b:298:4:298:28:298:28:298:Infinity":43,"s:303:18:303:Infinity":137,"s:304:26:315:Infinity":138,"f:305:9:305:10":24,"s:305:28:314:6":139,"b:312:13:312:Infinity:313:12:313:Infinity":44,"f:315:10:315:11":25,"s:315:20:315:39":140,"s:318:18:318:Infinity":141,"s:319:26:328:Infinity":142,"f:320:9:320:10":26,"s:320:28:325:6":143,"f:326:12:326:13":27,"s:326:19:326:40":144,"f:327:10:327:11":28,"s:327:20:327:39":145,"s:330:2:337:Infinity":146,"s:340:40:398:Infinity":147,"f:340:40:340:Infinity":29,"s:345:21:352:Infinity":148,"f:347:6:347:7":30,"s:348:8:350:Infinity":149,"b:348:8:348:Infinity:349:8:349:Infinity:350:8:350:Infinity":45,"f:352:10:352:11":31,"s:352:20:352:48":150,"s:355:43:355:Infinity":151,"s:357:2:365:Infinity":152,"f:357:21:357:22":32,"b:358:4:358:Infinity:undefined:undefined:undefined:undefined":46,"s:358:4:358:Infinity":153,"s:358:29:358:Infinity":154,"b:360:4:364:Infinity:362:4:364:Infinity":47,"s:360:4:364:Infinity":155,"s:361:6:361:Infinity":156,"b:362:4:364:Infinity:undefined:undefined:undefined:undefined":48,"s:362:4:364:Infinity":157,"s:363:6:363:Infinity":158,"s:367:42:367:Infinity":159,"s:368:23:368:Infinity":160,"s:371:22:371:Infinity":161,"s:373:2:377:Infinity":162,"s:379:2:386:Infinity":163,"f:379:22:379:23":33,"s:380:4:380:Infinity":164,"s:381:4:385:Infinity":165,"b:389:2:395:Infinity:undefined:undefined:undefined:undefined":49,"s:389:2:395:Infinity":166,"s:390:4:394:Infinity":167,"s:397:2:397:Infinity":168,"s:400:30:405:Infinity":169,"f:400:30:400:31":34,"s:401:2:404:Infinity":170,"s:407:26:417:Infinity":171,"f:407:26:407:27":35,"b:408:2:408:Infinity:undefined:undefined:undefined:undefined":50,"s:408:2:408:Infinity":172,"s:408:16:408:Infinity":173,"s:409:29:409:Infinity":174,"s:410:15:410:Infinity":175,"s:412:2:416:Infinity":176,"s:419:26:424:Infinity":177,"f:419:26:419:27":36,"b:420:2:420:Infinity:undefined:undefined:undefined:undefined":51,"s:420:2:420:Infinity":178,"s:420:16:420:Infinity":179,"s:421:16:421:Infinity":180,"b:422:2:422:Infinity:undefined:undefined:undefined:undefined":52,"s:422:2:422:Infinity":181,"s:422:14:422:Infinity":182,"s:423:2:423:Infinity":183,"s:426:36:480:Infinity":184,"f:426:36:426:Infinity":37,"b:430:2:430:Infinity:undefined:undefined:undefined:undefined":53,"s:430:2:430:Infinity":185,"s:430:13:430:Infinity":186,"s:431:18:431:Infinity":187,"s:433:21:433:Infinity":188,"b:434:2:439:Infinity:undefined:undefined:undefined:undefined":54,"s:434:2:439:Infinity":189,"s:435:17:435:Infinity":190,"s:436:17:436:Infinity":191,"s:437:18:437:Infinity":192,"b:437:36:437:45:437:45:437:Infinity":55,"s:438:4:438:Infinity":193,"b:438:18:438:39:438:39:438:Infinity":56,"s:441:25:441:Infinity":194,"s:442:20:442:Infinity":195,"b:443:2:450:Infinity:undefined:undefined:undefined:undefined":57,"s:443:2:450:Infinity":196,"s:444:17:444:Infinity":197,"s:445:17:445:Infinity":198,"b:445:35:445:42:445:42:445:Infinity":58,"b:446:4:449:Infinity:undefined:undefined:undefined:undefined":59,"s:446:4:449:Infinity":199,"s:447:19:447:Infinity":200,"b:447:19:447:35:447:35:447:Infinity":60,"s:448:6:448:Infinity":201,"b:452:2:477:Infinity:undefined:undefined:undefined:undefined":61,"s:452:2:477:Infinity":202,"b:452:6:452:14:452:14:452:22:452:22:452:59":62,"s:453:21:453:Infinity":203,"s:454:22:454:Infinity":204,"s:455:22:455:Infinity":205,"s:456:20:456:Infinity":206,"s:457:20:457:Infinity":207,"b:457:20:457:38:457:38:457:Infinity":63,"b:458:4:476:Infinity:undefined:undefined:undefined:undefined":64,"s:458:4:476:Infinity":208,"s:459:24:459:Infinity":209,"s:460:24:460:Infinity":210,"s:462:8:468:Infinity":211,"b:463:12:463:Infinity:464:12:468:Infinity":65,"b:465:14:465:Infinity:466:14:468:Infinity":66,"b:467:16:467:Infinity:468:16:468:Infinity":67,"b:469:6:475:Infinity:undefined:undefined:undefined:undefined":68,"s:469:6:475:Infinity":212,"s:471:10:473:Infinity":213,"b:472:14:472:Infinity:473:14:473:Infinity":69,"b:471:10:471:37:471:37:471:Infinity":70,"s:474:8:474:Infinity":214,"s:479:2:479:Infinity":215,"s:482:33:491:Infinity":216,"f:482:33:482:34":38,"s:483:15:483:Infinity":217,"b:483:18:483:33:483:33:483:35":71,"b:483:39:483:51:483:51:483:53":72,"b:485:2:485:Infinity:undefined:undefined:undefined:undefined":73,"s:485:2:485:Infinity":218,"f:485:21:485:22":39,"s:485:28:485:58":219,"s:485:61:485:Infinity":220,"b:486:2:486:Infinity:undefined:undefined:undefined:undefined":74,"s:486:2:486:Infinity":221,"f:486:21:486:22":40,"s:486:28:486:58":222,"s:486:61:486:Infinity":223,"b:487:2:487:Infinity:undefined:undefined:undefined:undefined":75,"s:487:2:487:Infinity":224,"f:487:21:487:22":41,"s:487:28:487:58":225,"s:487:61:487:Infinity":226,"b:488:2:488:Infinity:undefined:undefined:undefined:undefined":76,"s:488:2:488:Infinity":227,"f:488:21:488:22":42,"s:488:28:488:58":228,"s:488:61:488:Infinity":229,"s:490:2:490:Infinity":230}}}
}
